#-----------------------------------------------------------
# Vivado v2022.2 (64-bit)
# SW Build 3671981 on Fri Oct 14 04:59:54 MDT 2022
# IP Build 3669848 on Fri Oct 14 08:30:02 MDT 2022
# Start of session at: Fri Mar 29 12:55:41 2024
# Process ID: 2989790
# Current directory: /users/rleiser/work/basil_branch/examples/tdc_bdaq
# Command line: vivado .
# Log file: /users/rleiser/work/basil_branch/examples/tdc_bdaq/vivado.log
# Journal file: /users/rleiser/work/basil_branch/examples/tdc_bdaq/vivado.jou
# Running On: asiclab006.physik.uni-bonn.de, OS: Linux, CPU Frequency: 3600.103 MHz, CPU Physical cores: 6, Host memory: 67208 MB
#-----------------------------------------------------------
start_gui
WARNING: [Board 49-26] cannot add Board Part xilinx.com:kcu105:part0:1.6 available at /tools/xilinx/Vivado/2022.2/data/xhub/boards/XilinxBoardStore/boards/Xilinx/kcu105/1.6/board.xml as part xcku040-ffva1156-2-e specified in board_part file is either invalid or not available
WARNING: [Board 49-26] cannot add Board Part xilinx.com:kcu105:part0:1.7 available at /tools/xilinx/Vivado/2022.2/data/xhub/boards/XilinxBoardStore/boards/Xilinx/kcu105/1.7/board.xml as part xcku040-ffva1156-2-e specified in board_part file is either invalid or not available
WARNING: [Board 49-26] cannot add Board Part xilinx.com:kcu116:part0:1.4 available at /tools/xilinx/Vivado/2022.2/data/xhub/boards/XilinxBoardStore/boards/Xilinx/kcu116/1.4/board.xml as part xcku5p-ffvb676-2-e specified in board_part file is either invalid or not available
WARNING: [Board 49-26] cannot add Board Part xilinx.com:kcu116:part0:1.5 available at /tools/xilinx/Vivado/2022.2/data/xhub/boards/XilinxBoardStore/boards/Xilinx/kcu116/1.5/board.xml as part xcku5p-ffvb676-2-e specified in board_part file is either invalid or not available
WARNING: [Board 49-26] cannot add Board Part xilinx.com:kcu1500:part0:1.2 available at /tools/xilinx/Vivado/2022.2/data/xhub/boards/XilinxBoardStore/boards/Xilinx/kcu1500/1.2/board.xml as part xcku115-flvb2104-2-e specified in board_part file is either invalid or not available
WARNING: [Board 49-26] cannot add Board Part xilinx.com:vck190:part0:2.2 available at /tools/xilinx/Vivado/2022.2/data/xhub/boards/XilinxBoardStore/boards/Xilinx/vck190/production/2.2/board.xml as part xcvc1902-vsva2197-2mp-e-s specified in board_part file is either invalid or not available
WARNING: [Board 49-26] cannot add Board Part xilinx.com:vck190:part0:3.0 available at /tools/xilinx/Vivado/2022.2/data/xhub/boards/XilinxBoardStore/boards/Xilinx/vck190/production/3.0/board.xml as part xcvc1902-vsva2197-2mp-e-s specified in board_part file is either invalid or not available
WARNING: [Board 49-26] cannot add Board Part xilinx.com:vck190:part0:3.1 available at /tools/xilinx/Vivado/2022.2/data/xhub/boards/XilinxBoardStore/boards/Xilinx/vck190/production/3.1/board.xml as part xcvc1902-vsva2197-2mp-e-s specified in board_part file is either invalid or not available
WARNING: [Board 49-26] cannot add Board Part xilinx.com:vck190_newl:part0:1.0 available at /tools/xilinx/Vivado/2022.2/data/xhub/boards/XilinxBoardStore/boards/Xilinx/vck190_newl/production/1.0/board.xml as part xcvc1902-vsva2197-2mp-e-s specified in board_part file is either invalid or not available
WARNING: [Board 49-26] cannot add Board Part xilinx.com:vcu108:part0:1.6 available at /tools/xilinx/Vivado/2022.2/data/xhub/boards/XilinxBoardStore/boards/Xilinx/vcu108/1.6/board.xml as part xcvu095-ffva2104-2-e specified in board_part file is either invalid or not available
WARNING: [Board 49-26] cannot add Board Part xilinx.com:vcu108:part0:1.7 available at /tools/xilinx/Vivado/2022.2/data/xhub/boards/XilinxBoardStore/boards/Xilinx/vcu108/1.7/board.xml as part xcvu095-ffva2104-2-e specified in board_part file is either invalid or not available
WARNING: [Board 49-26] cannot add Board Part xilinx.com:vcu110:part0:1.4 available at /tools/xilinx/Vivado/2022.2/data/xhub/boards/XilinxBoardStore/boards/Xilinx/vcu110/1.4/board.xml as part xcvu190-flgc2104-2-e specified in board_part file is either invalid or not available
WARNING: [Board 49-26] cannot add Board Part xilinx.com:vcu118:part0:2.0 available at /tools/xilinx/Vivado/2022.2/data/xhub/boards/XilinxBoardStore/boards/Xilinx/vcu118/2.0/board.xml as part xcvu9p-flga2104-2l-e specified in board_part file is either invalid or not available
WARNING: [Board 49-26] cannot add Board Part xilinx.com:vcu118:part0:2.3 available at /tools/xilinx/Vivado/2022.2/data/xhub/boards/XilinxBoardStore/boards/Xilinx/vcu118/2.3/board.xml as part xcvu9p-flga2104-2l-e specified in board_part file is either invalid or not available
WARNING: [Board 49-26] cannot add Board Part xilinx.com:vcu118:part0:2.4 available at /tools/xilinx/Vivado/2022.2/data/xhub/boards/XilinxBoardStore/boards/Xilinx/vcu118/2.4/board.xml as part xcvu9p-flga2104-2l-e specified in board_part file is either invalid or not available
WARNING: [Board 49-26] cannot add Board Part xilinx.com:vcu128:part0:1.0 available at /tools/xilinx/Vivado/2022.2/data/xhub/boards/XilinxBoardStore/boards/Xilinx/vcu128/production/1.0/board.xml as part xcvu37p-fsvh2892-2l-e specified in board_part file is either invalid or not available
WARNING: [Board 49-26] cannot add Board Part xilinx.com:vcu129:part0:1.0 available at /tools/xilinx/Vivado/2022.2/data/xhub/boards/XilinxBoardStore/boards/Xilinx/vcu129/production/1.0/board.xml as part xcvu29p-fsga2577-2l-e specified in board_part file is either invalid or not available
WARNING: [Board 49-26] cannot add Board Part xilinx.com:vcu1525:part0:1.3 available at /tools/xilinx/Vivado/2022.2/data/xhub/boards/XilinxBoardStore/boards/Xilinx/vcu1525/1.3/board.xml as part xcvu9p-fsgd2104-2l-e specified in board_part file is either invalid or not available
WARNING: [Board 49-26] cannot add Board Part xilinx.com:vek280_es:part0:1.0 available at /tools/xilinx/Vivado/2022.2/data/xhub/boards/XilinxBoardStore/boards/Xilinx/vek280/es/1.0/board.xml as part xcve2802-vsvh1760-2lp-e-s-es1 specified in board_part file is either invalid or not available
WARNING: [Board 49-26] cannot add Board Part xilinx.com:vermeo_t1_mpsoc:part0:1.0 available at /tools/xilinx/Vivado/2022.2/data/xhub/boards/XilinxBoardStore/boards/Xilinx/vermeo_t1_mpsoc/1.0/board.xml as part xczu19eg-ffvd1760-2l-e specified in board_part file is either invalid or not available
WARNING: [Board 49-26] cannot add Board Part xilinx.com:vermeo_t1_rfsoc:part0:1.0 available at /tools/xilinx/Vivado/2022.2/data/xhub/boards/XilinxBoardStore/boards/Xilinx/vermeo_t1_rfsoc/1.0/board.xml as part xczu21dr-ffvd1156-2l-e specified in board_part file is either invalid or not available
WARNING: [Board 49-26] cannot add Board Part xilinx.com:vhk158_es:part0:1.0 available at /tools/xilinx/Vivado/2022.2/data/xhub/boards/XilinxBoardStore/boards/Xilinx/vhk158/es/1.0/board.xml as part xcvh1582-vsva3697-2mp-e-s-es1 specified in board_part file is either invalid or not available
WARNING: [Board 49-26] cannot add Board Part xilinx.com:vmk180:part0:2.2 available at /tools/xilinx/Vivado/2022.2/data/xhub/boards/XilinxBoardStore/boards/Xilinx/vmk180/production/2.2/board.xml as part xcvm1802-vsva2197-2mp-e-s specified in board_part file is either invalid or not available
WARNING: [Board 49-26] cannot add Board Part xilinx.com:vmk180:part0:3.0 available at /tools/xilinx/Vivado/2022.2/data/xhub/boards/XilinxBoardStore/boards/Xilinx/vmk180/production/3.0/board.xml as part xcvm1802-vsva2197-2mp-e-s specified in board_part file is either invalid or not available
WARNING: [Board 49-26] cannot add Board Part xilinx.com:vmk180:part0:3.1 available at /tools/xilinx/Vivado/2022.2/data/xhub/boards/XilinxBoardStore/boards/Xilinx/vmk180/production/3.1/board.xml as part xcvm1802-vsva2197-2mp-e-s specified in board_part file is either invalid or not available
WARNING: [Board 49-26] cannot add Board Part xilinx.com:vmk180_newl:part0:1.0 available at /tools/xilinx/Vivado/2022.2/data/xhub/boards/XilinxBoardStore/boards/Xilinx/vmk180_newl/production/1.0/board.xml as part xcvm1802-vsva2197-2mp-e-s specified in board_part file is either invalid or not available
WARNING: [Board 49-26] cannot add Board Part xilinx.com:vpk120:part0:1.0 available at /tools/xilinx/Vivado/2022.2/data/xhub/boards/XilinxBoardStore/boards/Xilinx/vpk120/production/1.0/board.xml as part xcvp1202-vsva2785-2mp-e-s specified in board_part file is either invalid or not available
WARNING: [Board 49-26] cannot add Board Part xilinx.com:vpk120_es:part0:1.2 available at /tools/xilinx/Vivado/2022.2/data/xhub/boards/XilinxBoardStore/boards/Xilinx/vpk120/es/1.2/board.xml as part xcvp1202-vsva2785-2mp-e-s-es1 specified in board_part file is either invalid or not available
WARNING: [Board 49-26] cannot add Board Part xilinx.com:vpk120_es_revb:part0:1.0 available at /tools/xilinx/Vivado/2022.2/data/xhub/boards/XilinxBoardStore/boards/Xilinx/vpk120_revb/es/1.0/board.xml as part xcvp1202-vsva2785-2mp-e-s-es1 specified in board_part file is either invalid or not available
WARNING: [Board 49-26] cannot add Board Part xilinx.com:vpk180_es:part0:1.0 available at /tools/xilinx/Vivado/2022.2/data/xhub/boards/XilinxBoardStore/boards/Xilinx/vpk180/es/1.0/board.xml as part xcvp1802-lsvc4072-2mp-e-s-es1 specified in board_part file is either invalid or not available
WARNING: [Board 49-26] cannot add Board Part xilinx.com:zc702:part0:1.4 available at /tools/xilinx/Vivado/2022.2/data/xhub/boards/XilinxBoardStore/boards/Xilinx/zc702/1.4/board.xml as part xc7z020clg484-1 specified in board_part file is either invalid or not available
WARNING: [Board 49-26] cannot add Board Part xilinx.com:zc706:part0:1.4 available at /tools/xilinx/Vivado/2022.2/data/xhub/boards/XilinxBoardStore/boards/Xilinx/zc706/1.4/board.xml as part xc7z045ffg900-2 specified in board_part file is either invalid or not available
WARNING: [Board 49-26] cannot add Board Part xilinx.com:zcu102:part0:3.3 available at /tools/xilinx/Vivado/2022.2/data/xhub/boards/XilinxBoardStore/boards/Xilinx/zcu102/3.3/board.xml as part xczu9eg-ffvb1156-2-e specified in board_part file is either invalid or not available
WARNING: [Board 49-26] cannot add Board Part xilinx.com:zcu102:part0:3.4 available at /tools/xilinx/Vivado/2022.2/data/xhub/boards/XilinxBoardStore/boards/Xilinx/zcu102/3.4/board.xml as part xczu9eg-ffvb1156-2-e specified in board_part file is either invalid or not available
WARNING: [Board 49-26] cannot add Board Part xilinx.com:zcu104:part0:1.1 available at /tools/xilinx/Vivado/2022.2/data/xhub/boards/XilinxBoardStore/boards/Xilinx/zcu104/1.1/board.xml as part xczu7ev-ffvc1156-2-e specified in board_part file is either invalid or not available
WARNING: [Board 49-26] cannot add Board Part xilinx.com:zcu106:part0:2.4 available at /tools/xilinx/Vivado/2022.2/data/xhub/boards/XilinxBoardStore/boards/Xilinx/zcu106/2.4/board.xml as part xczu7ev-ffvc1156-2-e specified in board_part file is either invalid or not available
WARNING: [Board 49-26] cannot add Board Part xilinx.com:zcu106:part0:2.5 available at /tools/xilinx/Vivado/2022.2/data/xhub/boards/XilinxBoardStore/boards/Xilinx/zcu106/2.5/board.xml as part xczu7ev-ffvc1156-2-e specified in board_part file is either invalid or not available
WARNING: [Board 49-26] cannot add Board Part xilinx.com:zcu106:part0:2.6 available at /tools/xilinx/Vivado/2022.2/data/xhub/boards/XilinxBoardStore/boards/Xilinx/zcu106/2.6/board.xml as part xczu7ev-ffvc1156-2-e specified in board_part file is either invalid or not available
WARNING: [Board 49-26] cannot add Board Part xilinx.com:zcu111:part0:1.2 available at /tools/xilinx/Vivado/2022.2/data/xhub/boards/XilinxBoardStore/boards/Xilinx/zcu111/1.2/board.xml as part xczu28dr-ffvg1517-2-e specified in board_part file is either invalid or not available
WARNING: [Board 49-26] cannot add Board Part xilinx.com:zcu111:part0:1.3 available at /tools/xilinx/Vivado/2022.2/data/xhub/boards/XilinxBoardStore/boards/Xilinx/zcu111/1.3/board.xml as part xczu28dr-ffvg1517-2-e specified in board_part file is either invalid or not available
WARNING: [Board 49-26] cannot add Board Part xilinx.com:zcu111:part0:1.4 available at /tools/xilinx/Vivado/2022.2/data/xhub/boards/XilinxBoardStore/boards/Xilinx/zcu111/1.4/board.xml as part xczu28dr-ffvg1517-2-e specified in board_part file is either invalid or not available
WARNING: [Board 49-26] cannot add Board Part xilinx.com:zcu1275:part0:1.0 available at /tools/xilinx/Vivado/2022.2/data/xhub/boards/XilinxBoardStore/boards/Xilinx/zcu1275/1.0/board.xml as part xczu29dr-ffvf1760-2-e specified in board_part file is either invalid or not available
WARNING: [Board 49-26] cannot add Board Part xilinx.com:zcu1285:part0:1.0 available at /tools/xilinx/Vivado/2022.2/data/xhub/boards/XilinxBoardStore/boards/Xilinx/zcu1285/1.0/board.xml as part xczu39dr-ffvf1760-2-i specified in board_part file is either invalid or not available
WARNING: [Board 49-26] cannot add Board Part xilinx.com:zcu208:part0:2.0 available at /tools/xilinx/Vivado/2022.2/data/xhub/boards/XilinxBoardStore/boards/Xilinx/zcu208/production/2.0/board.xml as part xczu48dr-fsvg1517-2-e specified in board_part file is either invalid or not available
WARNING: [Board 49-26] cannot add Board Part xilinx.com:zcu208ld:part0:2.0 available at /tools/xilinx/Vivado/2022.2/data/xhub/boards/XilinxBoardStore/boards/Xilinx/zcu208ld/production/2.0/board.xml as part xczu58dr-fsvg1517-2-i specified in board_part file is either invalid or not available
WARNING: [Board 49-26] cannot add Board Part xilinx.com:zcu216:part0:2.0 available at /tools/xilinx/Vivado/2022.2/data/xhub/boards/XilinxBoardStore/boards/Xilinx/zcu216/production/2.0/board.xml as part xczu49dr-ffvf1760-2-e specified in board_part file is either invalid or not available
WARNING: [Board 49-26] cannot add Board Part xilinx.com:zcu216ld:part0:2.0 available at /tools/xilinx/Vivado/2022.2/data/xhub/boards/XilinxBoardStore/boards/Xilinx/zcu216ld/production/2.0/board.xml as part xczu59dr-ffvf1760-2-i specified in board_part file is either invalid or not available
WARNING: [Board 49-26] cannot add Board Part xilinx.com:zcu670:part0:2.0 available at /tools/xilinx/Vivado/2022.2/data/xhub/boards/XilinxBoardStore/boards/Xilinx/zcu670/2.0/board.xml as part xczu67dr-fsve1156-2-i specified in board_part file is either invalid or not available
WARNING: [Board 49-26] cannot add Board Part xilinx.com:zcu670ld:part0:1.0 available at /tools/xilinx/Vivado/2022.2/data/xhub/boards/XilinxBoardStore/boards/Xilinx/zcu670ld/1.0/board.xml as part xczu57dr-fsve1156-2-i specified in board_part file is either invalid or not available
WARNING: [Board 49-26] cannot add Board Part xilinx.com:kcu105:part0:1.6 available at /tools/xilinx/Vivado/2022.2/data/xhub/boards/XilinxBoardStore/boards/Xilinx/kcu105/1.6/board.xml as part xcku040-ffva1156-2-e specified in board_part file is either invalid or not available
WARNING: [Board 49-26] cannot add Board Part xilinx.com:kcu105:part0:1.7 available at /tools/xilinx/Vivado/2022.2/data/xhub/boards/XilinxBoardStore/boards/Xilinx/kcu105/1.7/board.xml as part xcku040-ffva1156-2-e specified in board_part file is either invalid or not available
WARNING: [Board 49-26] cannot add Board Part xilinx.com:kcu116:part0:1.4 available at /tools/xilinx/Vivado/2022.2/data/xhub/boards/XilinxBoardStore/boards/Xilinx/kcu116/1.4/board.xml as part xcku5p-ffvb676-2-e specified in board_part file is either invalid or not available
WARNING: [Board 49-26] cannot add Board Part xilinx.com:kcu116:part0:1.5 available at /tools/xilinx/Vivado/2022.2/data/xhub/boards/XilinxBoardStore/boards/Xilinx/kcu116/1.5/board.xml as part xcku5p-ffvb676-2-e specified in board_part file is either invalid or not available
WARNING: [Board 49-26] cannot add Board Part xilinx.com:kcu1500:part0:1.2 available at /tools/xilinx/Vivado/2022.2/data/xhub/boards/XilinxBoardStore/boards/Xilinx/kcu1500/1.2/board.xml as part xcku115-flvb2104-2-e specified in board_part file is either invalid or not available
WARNING: [Board 49-26] cannot add Board Part xilinx.com:vck190:part0:2.2 available at /tools/xilinx/Vivado/2022.2/data/xhub/boards/XilinxBoardStore/boards/Xilinx/vck190/production/2.2/board.xml as part xcvc1902-vsva2197-2mp-e-s specified in board_part file is either invalid or not available
WARNING: [Board 49-26] cannot add Board Part xilinx.com:vck190:part0:3.0 available at /tools/xilinx/Vivado/2022.2/data/xhub/boards/XilinxBoardStore/boards/Xilinx/vck190/production/3.0/board.xml as part xcvc1902-vsva2197-2mp-e-s specified in board_part file is either invalid or not available
WARNING: [Board 49-26] cannot add Board Part xilinx.com:vck190:part0:3.1 available at /tools/xilinx/Vivado/2022.2/data/xhub/boards/XilinxBoardStore/boards/Xilinx/vck190/production/3.1/board.xml as part xcvc1902-vsva2197-2mp-e-s specified in board_part file is either invalid or not available
WARNING: [Board 49-26] cannot add Board Part xilinx.com:vck190_newl:part0:1.0 available at /tools/xilinx/Vivado/2022.2/data/xhub/boards/XilinxBoardStore/boards/Xilinx/vck190_newl/production/1.0/board.xml as part xcvc1902-vsva2197-2mp-e-s specified in board_part file is either invalid or not available
WARNING: [Board 49-26] cannot add Board Part xilinx.com:vcu108:part0:1.6 available at /tools/xilinx/Vivado/2022.2/data/xhub/boards/XilinxBoardStore/boards/Xilinx/vcu108/1.6/board.xml as part xcvu095-ffva2104-2-e specified in board_part file is either invalid or not available
WARNING: [Board 49-26] cannot add Board Part xilinx.com:vcu108:part0:1.7 available at /tools/xilinx/Vivado/2022.2/data/xhub/boards/XilinxBoardStore/boards/Xilinx/vcu108/1.7/board.xml as part xcvu095-ffva2104-2-e specified in board_part file is either invalid or not available
WARNING: [Board 49-26] cannot add Board Part xilinx.com:vcu110:part0:1.4 available at /tools/xilinx/Vivado/2022.2/data/xhub/boards/XilinxBoardStore/boards/Xilinx/vcu110/1.4/board.xml as part xcvu190-flgc2104-2-e specified in board_part file is either invalid or not available
WARNING: [Board 49-26] cannot add Board Part xilinx.com:vcu118:part0:2.0 available at /tools/xilinx/Vivado/2022.2/data/xhub/boards/XilinxBoardStore/boards/Xilinx/vcu118/2.0/board.xml as part xcvu9p-flga2104-2l-e specified in board_part file is either invalid or not available
WARNING: [Board 49-26] cannot add Board Part xilinx.com:vcu118:part0:2.3 available at /tools/xilinx/Vivado/2022.2/data/xhub/boards/XilinxBoardStore/boards/Xilinx/vcu118/2.3/board.xml as part xcvu9p-flga2104-2l-e specified in board_part file is either invalid or not available
WARNING: [Board 49-26] cannot add Board Part xilinx.com:vcu118:part0:2.4 available at /tools/xilinx/Vivado/2022.2/data/xhub/boards/XilinxBoardStore/boards/Xilinx/vcu118/2.4/board.xml as part xcvu9p-flga2104-2l-e specified in board_part file is either invalid or not available
WARNING: [Board 49-26] cannot add Board Part xilinx.com:vcu128:part0:1.0 available at /tools/xilinx/Vivado/2022.2/data/xhub/boards/XilinxBoardStore/boards/Xilinx/vcu128/production/1.0/board.xml as part xcvu37p-fsvh2892-2l-e specified in board_part file is either invalid or not available
WARNING: [Board 49-26] cannot add Board Part xilinx.com:vcu129:part0:1.0 available at /tools/xilinx/Vivado/2022.2/data/xhub/boards/XilinxBoardStore/boards/Xilinx/vcu129/production/1.0/board.xml as part xcvu29p-fsga2577-2l-e specified in board_part file is either invalid or not available
WARNING: [Board 49-26] cannot add Board Part xilinx.com:vcu1525:part0:1.3 available at /tools/xilinx/Vivado/2022.2/data/xhub/boards/XilinxBoardStore/boards/Xilinx/vcu1525/1.3/board.xml as part xcvu9p-fsgd2104-2l-e specified in board_part file is either invalid or not available
WARNING: [Board 49-26] cannot add Board Part xilinx.com:vek280_es:part0:1.0 available at /tools/xilinx/Vivado/2022.2/data/xhub/boards/XilinxBoardStore/boards/Xilinx/vek280/es/1.0/board.xml as part xcve2802-vsvh1760-2lp-e-s-es1 specified in board_part file is either invalid or not available
WARNING: [Board 49-26] cannot add Board Part xilinx.com:vermeo_t1_mpsoc:part0:1.0 available at /tools/xilinx/Vivado/2022.2/data/xhub/boards/XilinxBoardStore/boards/Xilinx/vermeo_t1_mpsoc/1.0/board.xml as part xczu19eg-ffvd1760-2l-e specified in board_part file is either invalid or not available
WARNING: [Board 49-26] cannot add Board Part xilinx.com:vermeo_t1_rfsoc:part0:1.0 available at /tools/xilinx/Vivado/2022.2/data/xhub/boards/XilinxBoardStore/boards/Xilinx/vermeo_t1_rfsoc/1.0/board.xml as part xczu21dr-ffvd1156-2l-e specified in board_part file is either invalid or not available
WARNING: [Board 49-26] cannot add Board Part xilinx.com:vhk158_es:part0:1.0 available at /tools/xilinx/Vivado/2022.2/data/xhub/boards/XilinxBoardStore/boards/Xilinx/vhk158/es/1.0/board.xml as part xcvh1582-vsva3697-2mp-e-s-es1 specified in board_part file is either invalid or not available
WARNING: [Board 49-26] cannot add Board Part xilinx.com:vmk180:part0:2.2 available at /tools/xilinx/Vivado/2022.2/data/xhub/boards/XilinxBoardStore/boards/Xilinx/vmk180/production/2.2/board.xml as part xcvm1802-vsva2197-2mp-e-s specified in board_part file is either invalid or not available
WARNING: [Board 49-26] cannot add Board Part xilinx.com:vmk180:part0:3.0 available at /tools/xilinx/Vivado/2022.2/data/xhub/boards/XilinxBoardStore/boards/Xilinx/vmk180/production/3.0/board.xml as part xcvm1802-vsva2197-2mp-e-s specified in board_part file is either invalid or not available
WARNING: [Board 49-26] cannot add Board Part xilinx.com:vmk180:part0:3.1 available at /tools/xilinx/Vivado/2022.2/data/xhub/boards/XilinxBoardStore/boards/Xilinx/vmk180/production/3.1/board.xml as part xcvm1802-vsva2197-2mp-e-s specified in board_part file is either invalid or not available
WARNING: [Board 49-26] cannot add Board Part xilinx.com:vmk180_newl:part0:1.0 available at /tools/xilinx/Vivado/2022.2/data/xhub/boards/XilinxBoardStore/boards/Xilinx/vmk180_newl/production/1.0/board.xml as part xcvm1802-vsva2197-2mp-e-s specified in board_part file is either invalid or not available
WARNING: [Board 49-26] cannot add Board Part xilinx.com:vpk120:part0:1.0 available at /tools/xilinx/Vivado/2022.2/data/xhub/boards/XilinxBoardStore/boards/Xilinx/vpk120/production/1.0/board.xml as part xcvp1202-vsva2785-2mp-e-s specified in board_part file is either invalid or not available
WARNING: [Board 49-26] cannot add Board Part xilinx.com:vpk120_es:part0:1.2 available at /tools/xilinx/Vivado/2022.2/data/xhub/boards/XilinxBoardStore/boards/Xilinx/vpk120/es/1.2/board.xml as part xcvp1202-vsva2785-2mp-e-s-es1 specified in board_part file is either invalid or not available
WARNING: [Board 49-26] cannot add Board Part xilinx.com:vpk120_es_revb:part0:1.0 available at /tools/xilinx/Vivado/2022.2/data/xhub/boards/XilinxBoardStore/boards/Xilinx/vpk120_revb/es/1.0/board.xml as part xcvp1202-vsva2785-2mp-e-s-es1 specified in board_part file is either invalid or not available
WARNING: [Board 49-26] cannot add Board Part xilinx.com:vpk180_es:part0:1.0 available at /tools/xilinx/Vivado/2022.2/data/xhub/boards/XilinxBoardStore/boards/Xilinx/vpk180/es/1.0/board.xml as part xcvp1802-lsvc4072-2mp-e-s-es1 specified in board_part file is either invalid or not available
WARNING: [Board 49-26] cannot add Board Part xilinx.com:zc702:part0:1.4 available at /tools/xilinx/Vivado/2022.2/data/xhub/boards/XilinxBoardStore/boards/Xilinx/zc702/1.4/board.xml as part xc7z020clg484-1 specified in board_part file is either invalid or not available
WARNING: [Board 49-26] cannot add Board Part xilinx.com:zc706:part0:1.4 available at /tools/xilinx/Vivado/2022.2/data/xhub/boards/XilinxBoardStore/boards/Xilinx/zc706/1.4/board.xml as part xc7z045ffg900-2 specified in board_part file is either invalid or not available
WARNING: [Board 49-26] cannot add Board Part xilinx.com:zcu102:part0:3.3 available at /tools/xilinx/Vivado/2022.2/data/xhub/boards/XilinxBoardStore/boards/Xilinx/zcu102/3.3/board.xml as part xczu9eg-ffvb1156-2-e specified in board_part file is either invalid or not available
WARNING: [Board 49-26] cannot add Board Part xilinx.com:zcu102:part0:3.4 available at /tools/xilinx/Vivado/2022.2/data/xhub/boards/XilinxBoardStore/boards/Xilinx/zcu102/3.4/board.xml as part xczu9eg-ffvb1156-2-e specified in board_part file is either invalid or not available
WARNING: [Board 49-26] cannot add Board Part xilinx.com:zcu104:part0:1.1 available at /tools/xilinx/Vivado/2022.2/data/xhub/boards/XilinxBoardStore/boards/Xilinx/zcu104/1.1/board.xml as part xczu7ev-ffvc1156-2-e specified in board_part file is either invalid or not available
WARNING: [Board 49-26] cannot add Board Part xilinx.com:zcu106:part0:2.4 available at /tools/xilinx/Vivado/2022.2/data/xhub/boards/XilinxBoardStore/boards/Xilinx/zcu106/2.4/board.xml as part xczu7ev-ffvc1156-2-e specified in board_part file is either invalid or not available
WARNING: [Board 49-26] cannot add Board Part xilinx.com:zcu106:part0:2.5 available at /tools/xilinx/Vivado/2022.2/data/xhub/boards/XilinxBoardStore/boards/Xilinx/zcu106/2.5/board.xml as part xczu7ev-ffvc1156-2-e specified in board_part file is either invalid or not available
WARNING: [Board 49-26] cannot add Board Part xilinx.com:zcu106:part0:2.6 available at /tools/xilinx/Vivado/2022.2/data/xhub/boards/XilinxBoardStore/boards/Xilinx/zcu106/2.6/board.xml as part xczu7ev-ffvc1156-2-e specified in board_part file is either invalid or not available
WARNING: [Board 49-26] cannot add Board Part xilinx.com:zcu111:part0:1.2 available at /tools/xilinx/Vivado/2022.2/data/xhub/boards/XilinxBoardStore/boards/Xilinx/zcu111/1.2/board.xml as part xczu28dr-ffvg1517-2-e specified in board_part file is either invalid or not available
WARNING: [Board 49-26] cannot add Board Part xilinx.com:zcu111:part0:1.3 available at /tools/xilinx/Vivado/2022.2/data/xhub/boards/XilinxBoardStore/boards/Xilinx/zcu111/1.3/board.xml as part xczu28dr-ffvg1517-2-e specified in board_part file is either invalid or not available
WARNING: [Board 49-26] cannot add Board Part xilinx.com:zcu111:part0:1.4 available at /tools/xilinx/Vivado/2022.2/data/xhub/boards/XilinxBoardStore/boards/Xilinx/zcu111/1.4/board.xml as part xczu28dr-ffvg1517-2-e specified in board_part file is either invalid or not available
WARNING: [Board 49-26] cannot add Board Part xilinx.com:zcu1275:part0:1.0 available at /tools/xilinx/Vivado/2022.2/data/xhub/boards/XilinxBoardStore/boards/Xilinx/zcu1275/1.0/board.xml as part xczu29dr-ffvf1760-2-e specified in board_part file is either invalid or not available
WARNING: [Board 49-26] cannot add Board Part xilinx.com:zcu1285:part0:1.0 available at /tools/xilinx/Vivado/2022.2/data/xhub/boards/XilinxBoardStore/boards/Xilinx/zcu1285/1.0/board.xml as part xczu39dr-ffvf1760-2-i specified in board_part file is either invalid or not available
WARNING: [Board 49-26] cannot add Board Part xilinx.com:zcu208:part0:2.0 available at /tools/xilinx/Vivado/2022.2/data/xhub/boards/XilinxBoardStore/boards/Xilinx/zcu208/production/2.0/board.xml as part xczu48dr-fsvg1517-2-e specified in board_part file is either invalid or not available
WARNING: [Board 49-26] cannot add Board Part xilinx.com:zcu208ld:part0:2.0 available at /tools/xilinx/Vivado/2022.2/data/xhub/boards/XilinxBoardStore/boards/Xilinx/zcu208ld/production/2.0/board.xml as part xczu58dr-fsvg1517-2-i specified in board_part file is either invalid or not available
WARNING: [Board 49-26] cannot add Board Part xilinx.com:zcu216:part0:2.0 available at /tools/xilinx/Vivado/2022.2/data/xhub/boards/XilinxBoardStore/boards/Xilinx/zcu216/production/2.0/board.xml as part xczu49dr-ffvf1760-2-e specified in board_part file is either invalid or not available
WARNING: [Board 49-26] cannot add Board Part xilinx.com:zcu216ld:part0:2.0 available at /tools/xilinx/Vivado/2022.2/data/xhub/boards/XilinxBoardStore/boards/Xilinx/zcu216ld/production/2.0/board.xml as part xczu59dr-ffvf1760-2-i specified in board_part file is either invalid or not available
WARNING: [Board 49-26] cannot add Board Part xilinx.com:zcu670:part0:2.0 available at /tools/xilinx/Vivado/2022.2/data/xhub/boards/XilinxBoardStore/boards/Xilinx/zcu670/2.0/board.xml as part xczu67dr-fsve1156-2-i specified in board_part file is either invalid or not available
WARNING: [Board 49-26] cannot add Board Part xilinx.com:zcu670ld:part0:1.0 available at /tools/xilinx/Vivado/2022.2/data/xhub/boards/XilinxBoardStore/boards/Xilinx/zcu670ld/1.0/board.xml as part xczu57dr-fsve1156-2-i specified in board_part file is either invalid or not available
WARNING: [Board 49-26] cannot add Board Part xilinx.com:kcu105:part0:1.6 available at /tools/xilinx/Vivado/2022.2/data/xhub/boards/XilinxBoardStore/boards/Xilinx/kcu105/1.6/board.xml as part xcku040-ffva1156-2-e specified in board_part file is either invalid or not available
WARNING: [Board 49-26] cannot add Board Part xilinx.com:kcu105:part0:1.7 available at /tools/xilinx/Vivado/2022.2/data/xhub/boards/XilinxBoardStore/boards/Xilinx/kcu105/1.7/board.xml as part xcku040-ffva1156-2-e specified in board_part file is either invalid or not available
INFO: [Common 17-14] Message 'Board 49-26' appears 100 times and further instances of the messages will be disabled. Use the Tcl command set_msg_config to change the current settings.
create_project tdc_bdaq . -part xc7k160tffg676-2L
INFO: [IP_Flow 19-234] Refreshing IP repositories
INFO: [IP_Flow 19-1704] No user IP repositories specified
INFO: [IP_Flow 19-2313] Loaded Vivado IP repository '/tools/xilinx/Vivado/2022.2/data/ip'.
create_project: Time (s): cpu = 00:00:15 ; elapsed = 00:00:08 . Memory (MB): peak = 6652.828 ; gain = 71.441 ; free physical = 46563 ; free virtual = 66430
add_files -norecurse {/users/rleiser/work/basil_branch/examples/tdc_bdaq/tdl_bdaq53.v /users/rleiser/work/basil_branch/examples/tdc_bdaq/tdl_bdaq53_core_bb.v}
update_compile_order -fileset sources_1
update_compile_order -fileset sources_1
add_files -fileset constrs_1 -norecurse {/users/rleiser/work/basil_branch/examples/tdc_bdaq/SiTCP.xdc /users/rleiser/work/basil_branch/examples/tdc_bdaq/bdaq53.xdc /users/rleiser/work/basil_branch/examples/tdc_bdaq/tdl_bdaq53.xdc}
export_ip_user_files -of_objects  [get_files /users/rleiser/work/basil_branch/examples/tdc_bdaq/tdl_bdaq53.v] -no_script -reset -force -quiet
remove_files  /users/rleiser/work/basil_branch/examples/tdc_bdaq/tdl_bdaq53.v
update_compile_order -fileset sources_1
update_files -from_files /users/rleiser/work/basil_branch/examples/tdc_bdaq/tdc_bdaq.xdc -to_files /users/rleiser/work/basil_branch/examples/tdc_bdaq/tdl_bdaq53.xdc -filesets [get_filesets *]
INFO: [filemgmt 20-762] Replacing file '/users/rleiser/work/basil_branch/examples/tdc_bdaq/tdl_bdaq53.xdc' with file '/users/rleiser/work/basil_branch/examples/tdc_bdaq/tdc_bdaq.xdc'.
add_files -norecurse /users/rleiser/work/basil_branch/examples/tdc_bdaq/tdc_bdaq.v
update_compile_order -fileset sources_1
set_property top tdl_bdaq53_test [current_fileset]
set_property include_dirs /users/rleiser/work/basil_branch/basil/firmware/modules [current_fileset]
set_property dataflow_viewer_settings "min_width=16"   [current_fileset]
update_compile_order -fileset sources_1
set_property source_mgmt_mode DisplayOnly [current_project]
add_files -norecurse {/users/rleiser/work/basil_branch/basil/firmware/modules/tdl_tdc/test_sig_gen.v /users/rleiser/work/basil_branch/basil/firmware/modules/tdl_tdc/tdc.v /users/rleiser/work/basil_branch/basil/firmware/modules/tdl_tdc/delay_n.v /users/rleiser/work/basil_branch/basil/firmware/modules/tdl_tdc/miss_deser.v /users/rleiser/work/basil_branch/basil/firmware/modules/tdl_tdc/tdl_supersampler.v /users/rleiser/work/basil_branch/basil/firmware/modules/tdl_tdc/slimfast_multioption_counter.v /users/rleiser/work/basil_branch/basil/firmware/modules/tdl_tdc/graycode_2stage_cdc.v /users/rleiser/work/basil_branch/basil/firmware/modules/tdl_tdc/word_broker.v /users/rleiser/work/basil_branch/basil/firmware/modules/tdl_tdc/priority_encoder_only.v /users/rleiser/work/basil_branch/basil/firmware/modules/tdl_tdc/sample_deser.v /users/rleiser/work/basil_branch/basil/firmware/modules/tdl_tdc/sw_interface.v /users/rleiser/work/basil_branch/basil/firmware/modules/tdl_tdc/tdc_core.v /users/rleiser/work/basil_branch/basil/firmware/modules/tdl_tdc/controller.v /users/rleiser/work/basil_branch/basil/firmware/modules/tdl_tdc/signal_clipper.vhdl /users/rleiser/work/basil_branch/basil/firmware/modules/tdl_tdc/hit_deser.v}
export_ip_user_files -of_objects  [get_files /users/rleiser/work/basil_branch/basil/firmware/modules/tdl_tdc/miss_deser.v] -no_script -reset -force -quiet
remove_files  /users/rleiser/work/basil_branch/basil/firmware/modules/tdl_tdc/miss_deser.v
export_ip_user_files -of_objects  [get_files /users/rleiser/work/basil_branch/basil/firmware/modules/tdl_tdc/hit_deser.v] -no_script -reset -force -quiet
remove_files  /users/rleiser/work/basil_branch/basil/firmware/modules/tdl_tdc/hit_deser.v
remove_files  /users/rleiser/work/basil_branch/basil/firmware/modules/tdl_tdc/hit_deser.v
WARNING: [Vivado 12-818] No files matched '/users/rleiser/work/basil_branch/basil/firmware/modules/tdl_tdc/hit_deser.v'
remove_files  /users/rleiser/work/basil_branch/basil/firmware/modules/tdl_tdc/miss_deser.v
WARNING: [Vivado 12-818] No files matched '/users/rleiser/work/basil_branch/basil/firmware/modules/tdl_tdc/miss_deser.v'
export_ip_user_files -of_objects  [get_files /users/rleiser/work/basil_branch/examples/tdc_bdaq/tdl_bdaq53_core_bb.v] -no_script -reset -force -quiet
remove_files  /users/rleiser/work/basil_branch/examples/tdc_bdaq/tdl_bdaq53_core_bb.v
launch_runs synth_1 -jobs 8
WARNING: [Vivado 12-7122] Auto Incremental Compile:: No reference checkpoint was found in run synth_1. Auto-incremental flow will not be run, the standard flow will be run instead.
[Fri Mar 29 15:12:52 2024] Launched synth_1...
Run output will be captured here: /users/rleiser/work/basil_branch/examples/tdc_bdaq/tdc_bdaq.runs/synth_1/runme.log
reset_run synth_1
launch_runs synth_1 -jobs 8
WARNING: [Vivado 12-7122] Auto Incremental Compile:: No reference checkpoint was found in run synth_1. Auto-incremental flow will not be run, the standard flow will be run instead.
[Fri Mar 29 15:14:01 2024] Launched synth_1...
Run output will be captured here: /users/rleiser/work/basil_branch/examples/tdc_bdaq/tdc_bdaq.runs/synth_1/runme.log
reset_run synth_1
launch_runs synth_1 -jobs 8
WARNING: [Vivado 12-7122] Auto Incremental Compile:: No reference checkpoint was found in run synth_1. Auto-incremental flow will not be run, the standard flow will be run instead.
[Fri Mar 29 15:16:35 2024] Launched synth_1...
Run output will be captured here: /users/rleiser/work/basil_branch/examples/tdc_bdaq/tdc_bdaq.runs/synth_1/runme.log
reset_run synth_1
launch_runs synth_1 -jobs 8
WARNING: [Vivado 12-7122] Auto Incremental Compile:: No reference checkpoint was found in run synth_1. Auto-incremental flow will not be run, the standard flow will be run instead.
[Fri Mar 29 15:18:19 2024] Launched synth_1...
Run output will be captured here: /users/rleiser/work/basil_branch/examples/tdc_bdaq/tdc_bdaq.runs/synth_1/runme.log
reset_run synth_1
launch_runs synth_1 -jobs 8
WARNING: [Vivado 12-7122] Auto Incremental Compile:: No reference checkpoint was found in run synth_1. Auto-incremental flow will not be run, the standard flow will be run instead.
[Fri Mar 29 15:21:14 2024] Launched synth_1...
Run output will be captured here: /users/rleiser/work/basil_branch/examples/tdc_bdaq/tdc_bdaq.runs/synth_1/runme.log
reset_run synth_1
launch_runs synth_1 -jobs 8
WARNING: [Vivado 12-7122] Auto Incremental Compile:: No reference checkpoint was found in run synth_1. Auto-incremental flow will not be run, the standard flow will be run instead.
[Fri Mar 29 15:22:28 2024] Launched synth_1...
Run output will be captured here: /users/rleiser/work/basil_branch/examples/tdc_bdaq/tdc_bdaq.runs/synth_1/runme.log
reset_run synth_1
launch_runs synth_1 -jobs 8
WARNING: [Vivado 12-7122] Auto Incremental Compile:: No reference checkpoint was found in run synth_1. Auto-incremental flow will not be run, the standard flow will be run instead.
[Fri Mar 29 15:23:41 2024] Launched synth_1...
Run output will be captured here: /users/rleiser/work/basil_branch/examples/tdc_bdaq/tdc_bdaq.runs/synth_1/runme.log
reset_run synth_1
launch_runs synth_1 -jobs 8
WARNING: [Vivado 12-7122] Auto Incremental Compile:: No reference checkpoint was found in run synth_1. Auto-incremental flow will not be run, the standard flow will be run instead.
[Fri Mar 29 15:26:24 2024] Launched synth_1...
Run output will be captured here: /users/rleiser/work/basil_branch/examples/tdc_bdaq/tdc_bdaq.runs/synth_1/runme.log
reset_run synth_1
launch_runs synth_1 -jobs 8
WARNING: [Vivado 12-7122] Auto Incremental Compile:: No reference checkpoint was found in run synth_1. Auto-incremental flow will not be run, the standard flow will be run instead.
[Fri Mar 29 15:28:43 2024] Launched synth_1...
Run output will be captured here: /users/rleiser/work/basil_branch/examples/tdc_bdaq/tdc_bdaq.runs/synth_1/runme.log
reset_run synth_1
launch_runs synth_1 -jobs 8
WARNING: [Vivado 12-7122] Auto Incremental Compile:: No reference checkpoint was found in run synth_1. Auto-incremental flow will not be run, the standard flow will be run instead.
[Fri Mar 29 15:30:40 2024] Launched synth_1...
Run output will be captured here: /users/rleiser/work/basil_branch/examples/tdc_bdaq/tdc_bdaq.runs/synth_1/runme.log
reset_run synth_1
launch_runs synth_1 -jobs 8
WARNING: [Vivado 12-7122] Auto Incremental Compile:: No reference checkpoint was found in run synth_1. Auto-incremental flow will not be run, the standard flow will be run instead.
[Fri Mar 29 15:32:11 2024] Launched synth_1...
Run output will be captured here: /users/rleiser/work/basil_branch/examples/tdc_bdaq/tdc_bdaq.runs/synth_1/runme.log
reset_run synth_1
launch_runs synth_1 -jobs 8
WARNING: [Vivado 12-7122] Auto Incremental Compile:: No reference checkpoint was found in run synth_1. Auto-incremental flow will not be run, the standard flow will be run instead.
[Fri Mar 29 15:33:25 2024] Launched synth_1...
Run output will be captured here: /users/rleiser/work/basil_branch/examples/tdc_bdaq/tdc_bdaq.runs/synth_1/runme.log
reset_run synth_1
launch_runs synth_1 -jobs 8
WARNING: [Vivado 12-7122] Auto Incremental Compile:: No reference checkpoint was found in run synth_1. Auto-incremental flow will not be run, the standard flow will be run instead.
[Fri Mar 29 15:35:21 2024] Launched synth_1...
Run output will be captured here: /users/rleiser/work/basil_branch/examples/tdc_bdaq/tdc_bdaq.runs/synth_1/runme.log
reset_run synth_1
launch_runs synth_1 -jobs 8
WARNING: [Vivado 12-7122] Auto Incremental Compile:: No reference checkpoint was found in run synth_1. Auto-incremental flow will not be run, the standard flow will be run instead.
[Fri Mar 29 15:36:43 2024] Launched synth_1...
Run output will be captured here: /users/rleiser/work/basil_branch/examples/tdc_bdaq/tdc_bdaq.runs/synth_1/runme.log
reset_run synth_1
launch_runs synth_1 -jobs 8
WARNING: [Vivado 12-7122] Auto Incremental Compile:: No reference checkpoint was found in run synth_1. Auto-incremental flow will not be run, the standard flow will be run instead.
[Fri Mar 29 15:38:01 2024] Launched synth_1...
Run output will be captured here: /users/rleiser/work/basil_branch/examples/tdc_bdaq/tdc_bdaq.runs/synth_1/runme.log
reset_run synth_1
launch_runs synth_1 -jobs 8
WARNING: [Vivado 12-7122] Auto Incremental Compile:: No reference checkpoint was found in run synth_1. Auto-incremental flow will not be run, the standard flow will be run instead.
[Fri Mar 29 15:40:49 2024] Launched synth_1...
Run output will be captured here: /users/rleiser/work/basil_branch/examples/tdc_bdaq/tdc_bdaq.runs/synth_1/runme.log
reset_run synth_1
launch_runs synth_1 -jobs 8
WARNING: [Vivado 12-7122] Auto Incremental Compile:: No reference checkpoint was found in run synth_1. Auto-incremental flow will not be run, the standard flow will be run instead.
[Fri Mar 29 15:42:59 2024] Launched synth_1...
Run output will be captured here: /users/rleiser/work/basil_branch/examples/tdc_bdaq/tdc_bdaq.runs/synth_1/runme.log
reset_run synth_1
launch_runs synth_1 -jobs 8
WARNING: [Vivado 12-7122] Auto Incremental Compile:: No reference checkpoint was found in run synth_1. Auto-incremental flow will not be run, the standard flow will be run instead.
[Fri Mar 29 15:45:12 2024] Launched synth_1...
Run output will be captured here: /users/rleiser/work/basil_branch/examples/tdc_bdaq/tdc_bdaq.runs/synth_1/runme.log
reset_run synth_1
launch_runs synth_1 -jobs 8
WARNING: [Vivado 12-7122] Auto Incremental Compile:: No reference checkpoint was found in run synth_1. Auto-incremental flow will not be run, the standard flow will be run instead.
[Fri Mar 29 15:46:23 2024] Launched synth_1...
Run output will be captured here: /users/rleiser/work/basil_branch/examples/tdc_bdaq/tdc_bdaq.runs/synth_1/runme.log
reset_run synth_1
launch_runs synth_1 -jobs 8
WARNING: [Vivado 12-7122] Auto Incremental Compile:: No reference checkpoint was found in run synth_1. Auto-incremental flow will not be run, the standard flow will be run instead.
[Fri Mar 29 15:48:56 2024] Launched synth_1...
Run output will be captured here: /users/rleiser/work/basil_branch/examples/tdc_bdaq/tdc_bdaq.runs/synth_1/runme.log
reset_run synth_1
launch_runs synth_1 -jobs 8
WARNING: [Vivado 12-7122] Auto Incremental Compile:: No reference checkpoint was found in run synth_1. Auto-incremental flow will not be run, the standard flow will be run instead.
[Fri Mar 29 15:51:12 2024] Launched synth_1...
Run output will be captured here: /users/rleiser/work/basil_branch/examples/tdc_bdaq/tdc_bdaq.runs/synth_1/runme.log
reset_run synth_1
launch_runs synth_1 -jobs 8
WARNING: [Vivado 12-7122] Auto Incremental Compile:: No reference checkpoint was found in run synth_1. Auto-incremental flow will not be run, the standard flow will be run instead.
[Fri Mar 29 15:52:39 2024] Launched synth_1...
Run output will be captured here: /users/rleiser/work/basil_branch/examples/tdc_bdaq/tdc_bdaq.runs/synth_1/runme.log
reset_run synth_1
launch_runs synth_1 -jobs 8
WARNING: [Vivado 12-7122] Auto Incremental Compile:: No reference checkpoint was found in run synth_1. Auto-incremental flow will not be run, the standard flow will be run instead.
[Fri Mar 29 15:57:14 2024] Launched synth_1...
Run output will be captured here: /users/rleiser/work/basil_branch/examples/tdc_bdaq/tdc_bdaq.runs/synth_1/runme.log
ERROR: [Vivado 12-106] *** Exception: java.lang.IllegalArgumentException: Width (0) and height (0) cannot be <= 0 (See /users/rleiser/work/basil_branch/examples/tdc_bdaq/vivado_pid2989790.debug)
ERROR: [Vivado 12-106] *** Exception: java.lang.IllegalArgumentException: Width (0) and height (0) cannot be <= 0 (See /users/rleiser/work/basil_branch/examples/tdc_bdaq/vivado_pid2989790.debug)
ERROR: [Vivado 12-106] *** Exception: java.lang.IllegalArgumentException: Width (0) and height (0) cannot be <= 0 (See /users/rleiser/work/basil_branch/examples/tdc_bdaq/vivado_pid2989790.debug)
ERROR: [Vivado 12-106] *** Exception: java.lang.IllegalArgumentException: Width (0) and height (0) cannot be <= 0 (See /users/rleiser/work/basil_branch/examples/tdc_bdaq/vivado_pid2989790.debug)
ERROR: [Vivado 12-106] *** Exception: java.lang.IllegalArgumentException: Width (0) and height (0) cannot be <= 0 (See /users/rleiser/work/basil_branch/examples/tdc_bdaq/vivado_pid2989790.debug)
ERROR: [Vivado 12-106] *** Exception: java.lang.IllegalArgumentException: Width (0) and height (0) cannot be <= 0 (See /users/rleiser/work/basil_branch/examples/tdc_bdaq/vivado_pid2989790.debug)
ERROR: [Vivado 12-106] *** Exception: java.lang.IllegalArgumentException: Width (0) and height (0) cannot be <= 0 (See /users/rleiser/work/basil_branch/examples/tdc_bdaq/vivado_pid2989790.debug)
ERROR: [Vivado 12-106] *** Exception: java.lang.IllegalArgumentException: Width (0) and height (0) cannot be <= 0 (See /users/rleiser/work/basil_branch/examples/tdc_bdaq/vivado_pid2989790.debug)
ERROR: [Vivado 12-106] *** Exception: java.lang.IllegalArgumentException: Width (0) and height (0) cannot be <= 0 (See /users/rleiser/work/basil_branch/examples/tdc_bdaq/vivado_pid2989790.debug)
ERROR: [Vivado 12-106] *** Exception: java.lang.IllegalArgumentException: Width (0) and height (0) cannot be <= 0 (See /users/rleiser/work/basil_branch/examples/tdc_bdaq/vivado_pid2989790.debug)
ERROR: [Vivado 12-106] *** Exception: java.lang.IllegalArgumentException: Width (0) and height (0) cannot be <= 0 (See /users/rleiser/work/basil_branch/examples/tdc_bdaq/vivado_pid2989790.debug)
ERROR: [Vivado 12-106] *** Exception: java.lang.IllegalArgumentException: Width (0) and height (0) cannot be <= 0 (See /users/rleiser/work/basil_branch/examples/tdc_bdaq/vivado_pid2989790.debug)
ERROR: [Vivado 12-106] *** Exception: java.lang.IllegalArgumentException: Width (0) and height (0) cannot be <= 0 (See /users/rleiser/work/basil_branch/examples/tdc_bdaq/vivado_pid2989790.debug)
ERROR: [Vivado 12-106] *** Exception: java.lang.IllegalArgumentException: Width (0) and height (0) cannot be <= 0 (See /users/rleiser/work/basil_branch/examples/tdc_bdaq/vivado_pid2989790.debug)
ERROR: [Vivado 12-106] *** Exception: java.lang.IllegalArgumentException: Width (0) and height (0) cannot be <= 0 (See /users/rleiser/work/basil_branch/examples/tdc_bdaq/vivado_pid2989790.debug)
ERROR: [Vivado 12-106] *** Exception: java.lang.IllegalArgumentException: Width (0) and height (0) cannot be <= 0 (See /users/rleiser/work/basil_branch/examples/tdc_bdaq/vivado_pid2989790.debug)
ERROR: [Vivado 12-106] *** Exception: java.lang.IllegalArgumentException: Width (0) and height (0) cannot be <= 0 (See /users/rleiser/work/basil_branch/examples/tdc_bdaq/vivado_pid2989790.debug)
ERROR: [Vivado 12-106] *** Exception: java.lang.IllegalArgumentException: Width (0) and height (0) cannot be <= 0 (See /users/rleiser/work/basil_branch/examples/tdc_bdaq/vivado_pid2989790.debug)
ERROR: [Vivado 12-106] *** Exception: java.lang.IllegalArgumentException: Width (0) and height (0) cannot be <= 0 (See /users/rleiser/work/basil_branch/examples/tdc_bdaq/vivado_pid2989790.debug)
ERROR: [Vivado 12-106] *** Exception: java.lang.IllegalArgumentException: Width (0) and height (0) cannot be <= 0 (See /users/rleiser/work/basil_branch/examples/tdc_bdaq/vivado_pid2989790.debug)
ERROR: [Vivado 12-106] *** Exception: java.lang.IllegalArgumentException: Width (0) and height (0) cannot be <= 0 (See /users/rleiser/work/basil_branch/examples/tdc_bdaq/vivado_pid2989790.debug)
ERROR: [Vivado 12-106] *** Exception: java.lang.IllegalArgumentException: Width (0) and height (0) cannot be <= 0 (See /users/rleiser/work/basil_branch/examples/tdc_bdaq/vivado_pid2989790.debug)
ERROR: [Vivado 12-106] *** Exception: java.lang.IllegalArgumentException: Width (0) and height (0) cannot be <= 0 (See /users/rleiser/work/basil_branch/examples/tdc_bdaq/vivado_pid2989790.debug)
ERROR: [Vivado 12-106] *** Exception: java.lang.IllegalArgumentException: Width (0) and height (0) cannot be <= 0 (See /users/rleiser/work/basil_branch/examples/tdc_bdaq/vivado_pid2989790.debug)
ERROR: [Vivado 12-106] *** Exception: java.lang.IllegalArgumentException: Width (0) and height (0) cannot be <= 0 (See /users/rleiser/work/basil_branch/examples/tdc_bdaq/vivado_pid2989790.debug)
ERROR: [Vivado 12-106] *** Exception: java.lang.IllegalArgumentException: Width (0) and height (0) cannot be <= 0 (See /users/rleiser/work/basil_branch/examples/tdc_bdaq/vivado_pid2989790.debug)
ERROR: [Vivado 12-106] *** Exception: java.lang.IllegalArgumentException: Width (0) and height (0) cannot be <= 0 (See /users/rleiser/work/basil_branch/examples/tdc_bdaq/vivado_pid2989790.debug)
ERROR: [Vivado 12-106] *** Exception: java.lang.IllegalArgumentException: Width (0) and height (0) cannot be <= 0 (See /users/rleiser/work/basil_branch/examples/tdc_bdaq/vivado_pid2989790.debug)
ERROR: [Vivado 12-106] *** Exception: java.lang.IllegalArgumentException: Width (0) and height (0) cannot be <= 0 (See /users/rleiser/work/basil_branch/examples/tdc_bdaq/vivado_pid2989790.debug)
ERROR: [Vivado 12-106] *** Exception: java.lang.IllegalArgumentException: Width (0) and height (0) cannot be <= 0 (See /users/rleiser/work/basil_branch/examples/tdc_bdaq/vivado_pid2989790.debug)
ERROR: [Vivado 12-106] *** Exception: java.lang.IllegalArgumentException: Width (0) and height (0) cannot be <= 0 (See /users/rleiser/work/basil_branch/examples/tdc_bdaq/vivado_pid2989790.debug)
ERROR: [Vivado 12-106] *** Exception: java.lang.IllegalArgumentException: Width (0) and height (0) cannot be <= 0 (See /users/rleiser/work/basil_branch/examples/tdc_bdaq/vivado_pid2989790.debug)
ERROR: [Vivado 12-106] *** Exception: java.lang.IllegalArgumentException: Width (0) and height (0) cannot be <= 0 (See /users/rleiser/work/basil_branch/examples/tdc_bdaq/vivado_pid2989790.debug)
ERROR: [Vivado 12-106] *** Exception: java.lang.IllegalArgumentException: Width (0) and height (0) cannot be <= 0 (See /users/rleiser/work/basil_branch/examples/tdc_bdaq/vivado_pid2989790.debug)
ERROR: [Vivado 12-106] *** Exception: java.lang.IllegalArgumentException: Width (0) and height (0) cannot be <= 0 (See /users/rleiser/work/basil_branch/examples/tdc_bdaq/vivado_pid2989790.debug)
ERROR: [Vivado 12-106] *** Exception: java.lang.IllegalArgumentException: Width (0) and height (0) cannot be <= 0 (See /users/rleiser/work/basil_branch/examples/tdc_bdaq/vivado_pid2989790.debug)
ERROR: [Vivado 12-106] *** Exception: java.lang.IllegalArgumentException: Width (0) and height (0) cannot be <= 0 (See /users/rleiser/work/basil_branch/examples/tdc_bdaq/vivado_pid2989790.debug)
ERROR: [Vivado 12-106] *** Exception: java.lang.IllegalArgumentException: Width (0) and height (0) cannot be <= 0 (See /users/rleiser/work/basil_branch/examples/tdc_bdaq/vivado_pid2989790.debug)
ERROR: [Vivado 12-106] *** Exception: java.lang.IllegalArgumentException: Width (0) and height (0) cannot be <= 0 (See /users/rleiser/work/basil_branch/examples/tdc_bdaq/vivado_pid2989790.debug)
ERROR: [Vivado 12-106] *** Exception: java.lang.IllegalArgumentException: Width (0) and height (0) cannot be <= 0 (See /users/rleiser/work/basil_branch/examples/tdc_bdaq/vivado_pid2989790.debug)
ERROR: [Vivado 12-106] *** Exception: java.lang.IllegalArgumentException: Width (0) and height (0) cannot be <= 0 (See /users/rleiser/work/basil_branch/examples/tdc_bdaq/vivado_pid2989790.debug)
ERROR: [Vivado 12-106] *** Exception: java.lang.IllegalArgumentException: Width (0) and height (0) cannot be <= 0 (See /users/rleiser/work/basil_branch/examples/tdc_bdaq/vivado_pid2989790.debug)
ERROR: [Vivado 12-106] *** Exception: java.lang.IllegalArgumentException: Width (0) and height (0) cannot be <= 0 (See /users/rleiser/work/basil_branch/examples/tdc_bdaq/vivado_pid2989790.debug)
ERROR: [Vivado 12-106] *** Exception: java.lang.IllegalArgumentException: Width (0) and height (0) cannot be <= 0 (See /users/rleiser/work/basil_branch/examples/tdc_bdaq/vivado_pid2989790.debug)
ERROR: [Vivado 12-106] *** Exception: java.lang.IllegalArgumentException: Width (0) and height (0) cannot be <= 0 (See /users/rleiser/work/basil_branch/examples/tdc_bdaq/vivado_pid2989790.debug)
ERROR: [Vivado 12-106] *** Exception: java.lang.IllegalArgumentException: Width (0) and height (0) cannot be <= 0 (See /users/rleiser/work/basil_branch/examples/tdc_bdaq/vivado_pid2989790.debug)
ERROR: [Vivado 12-106] *** Exception: java.lang.IllegalArgumentException: Width (0) and height (0) cannot be <= 0 (See /users/rleiser/work/basil_branch/examples/tdc_bdaq/vivado_pid2989790.debug)
ERROR: [Vivado 12-106] *** Exception: java.lang.IllegalArgumentException: Width (0) and height (0) cannot be <= 0 (See /users/rleiser/work/basil_branch/examples/tdc_bdaq/vivado_pid2989790.debug)
ERROR: [Vivado 12-106] *** Exception: java.lang.IllegalArgumentException: Width (0) and height (0) cannot be <= 0 (See /users/rleiser/work/basil_branch/examples/tdc_bdaq/vivado_pid2989790.debug)
ERROR: [Vivado 12-106] *** Exception: java.lang.IllegalArgumentException: Width (0) and height (0) cannot be <= 0 (See /users/rleiser/work/basil_branch/examples/tdc_bdaq/vivado_pid2989790.debug)
ERROR: [Vivado 12-106] *** Exception: java.lang.IllegalArgumentException: Width (0) and height (0) cannot be <= 0 (See /users/rleiser/work/basil_branch/examples/tdc_bdaq/vivado_pid2989790.debug)
ERROR: [Vivado 12-106] *** Exception: java.lang.IllegalArgumentException: Width (0) and height (0) cannot be <= 0 (See /users/rleiser/work/basil_branch/examples/tdc_bdaq/vivado_pid2989790.debug)
ERROR: [Vivado 12-106] *** Exception: java.lang.IllegalArgumentException: Width (0) and height (0) cannot be <= 0 (See /users/rleiser/work/basil_branch/examples/tdc_bdaq/vivado_pid2989790.debug)
ERROR: [Vivado 12-106] *** Exception: java.lang.IllegalArgumentException: Width (0) and height (0) cannot be <= 0 (See /users/rleiser/work/basil_branch/examples/tdc_bdaq/vivado_pid2989790.debug)
ERROR: [Vivado 12-106] *** Exception: java.lang.IllegalArgumentException: Width (0) and height (0) cannot be <= 0 (See /users/rleiser/work/basil_branch/examples/tdc_bdaq/vivado_pid2989790.debug)
ERROR: [Vivado 12-106] *** Exception: java.lang.IllegalArgumentException: Width (0) and height (0) cannot be <= 0 (See /users/rleiser/work/basil_branch/examples/tdc_bdaq/vivado_pid2989790.debug)
ERROR: [Vivado 12-106] *** Exception: java.lang.IllegalArgumentException: Width (0) and height (0) cannot be <= 0 (See /users/rleiser/work/basil_branch/examples/tdc_bdaq/vivado_pid2989790.debug)
ERROR: [Vivado 12-106] *** Exception: java.lang.IllegalArgumentException: Width (0) and height (0) cannot be <= 0 (See /users/rleiser/work/basil_branch/examples/tdc_bdaq/vivado_pid2989790.debug)
ERROR: [Vivado 12-106] *** Exception: java.lang.IllegalArgumentException: Width (0) and height (0) cannot be <= 0 (See /users/rleiser/work/basil_branch/examples/tdc_bdaq/vivado_pid2989790.debug)
ERROR: [Vivado 12-106] *** Exception: java.lang.IllegalArgumentException: Width (0) and height (0) cannot be <= 0 (See /users/rleiser/work/basil_branch/examples/tdc_bdaq/vivado_pid2989790.debug)
ERROR: [Vivado 12-106] *** Exception: java.lang.IllegalArgumentException: Width (0) and height (0) cannot be <= 0 (See /users/rleiser/work/basil_branch/examples/tdc_bdaq/vivado_pid2989790.debug)
ERROR: [Vivado 12-106] *** Exception: java.lang.IllegalArgumentException: Width (0) and height (0) cannot be <= 0 (See /users/rleiser/work/basil_branch/examples/tdc_bdaq/vivado_pid2989790.debug)
ERROR: [Vivado 12-106] *** Exception: java.lang.IllegalArgumentException: Width (0) and height (0) cannot be <= 0 (See /users/rleiser/work/basil_branch/examples/tdc_bdaq/vivado_pid2989790.debug)
ERROR: [Vivado 12-106] *** Exception: java.lang.IllegalArgumentException: Width (0) and height (0) cannot be <= 0 (See /users/rleiser/work/basil_branch/examples/tdc_bdaq/vivado_pid2989790.debug)
ERROR: [Vivado 12-106] *** Exception: java.lang.IllegalArgumentException: Width (0) and height (0) cannot be <= 0 (See /users/rleiser/work/basil_branch/examples/tdc_bdaq/vivado_pid2989790.debug)
ERROR: [Vivado 12-106] *** Exception: java.lang.IllegalArgumentException: Width (0) and height (0) cannot be <= 0 (See /users/rleiser/work/basil_branch/examples/tdc_bdaq/vivado_pid2989790.debug)
ERROR: [Vivado 12-106] *** Exception: java.lang.IllegalArgumentException: Width (0) and height (0) cannot be <= 0 (See /users/rleiser/work/basil_branch/examples/tdc_bdaq/vivado_pid2989790.debug)
ERROR: [Vivado 12-106] *** Exception: java.lang.IllegalArgumentException: Width (0) and height (0) cannot be <= 0 (See /users/rleiser/work/basil_branch/examples/tdc_bdaq/vivado_pid2989790.debug)
ERROR: [Vivado 12-106] *** Exception: java.lang.IllegalArgumentException: Width (0) and height (0) cannot be <= 0 (See /users/rleiser/work/basil_branch/examples/tdc_bdaq/vivado_pid2989790.debug)
ERROR: [Vivado 12-106] *** Exception: java.lang.IllegalArgumentException: Width (0) and height (0) cannot be <= 0 (See /users/rleiser/work/basil_branch/examples/tdc_bdaq/vivado_pid2989790.debug)
ERROR: [Vivado 12-106] *** Exception: java.lang.IllegalArgumentException: Width (0) and height (0) cannot be <= 0 (See /users/rleiser/work/basil_branch/examples/tdc_bdaq/vivado_pid2989790.debug)
ERROR: [Vivado 12-106] *** Exception: java.lang.IllegalArgumentException: Width (0) and height (0) cannot be <= 0 (See /users/rleiser/work/basil_branch/examples/tdc_bdaq/vivado_pid2989790.debug)
ERROR: [Vivado 12-106] *** Exception: java.lang.IllegalArgumentException: Width (0) and height (0) cannot be <= 0 (See /users/rleiser/work/basil_branch/examples/tdc_bdaq/vivado_pid2989790.debug)
ERROR: [Vivado 12-106] *** Exception: java.lang.IllegalArgumentException: Width (0) and height (0) cannot be <= 0 (See /users/rleiser/work/basil_branch/examples/tdc_bdaq/vivado_pid2989790.debug)
ERROR: [Vivado 12-106] *** Exception: java.lang.IllegalArgumentException: Width (0) and height (0) cannot be <= 0 (See /users/rleiser/work/basil_branch/examples/tdc_bdaq/vivado_pid2989790.debug)
ERROR: [Vivado 12-106] *** Exception: java.lang.IllegalArgumentException: Width (0) and height (0) cannot be <= 0 (See /users/rleiser/work/basil_branch/examples/tdc_bdaq/vivado_pid2989790.debug)
ERROR: [Vivado 12-106] *** Exception: java.lang.IllegalArgumentException: Width (0) and height (0) cannot be <= 0 (See /users/rleiser/work/basil_branch/examples/tdc_bdaq/vivado_pid2989790.debug)
ERROR: [Vivado 12-106] *** Exception: java.lang.IllegalArgumentException: Width (0) and height (0) cannot be <= 0 (See /users/rleiser/work/basil_branch/examples/tdc_bdaq/vivado_pid2989790.debug)
ERROR: [Vivado 12-106] *** Exception: java.lang.IllegalArgumentException: Width (0) and height (0) cannot be <= 0 (See /users/rleiser/work/basil_branch/examples/tdc_bdaq/vivado_pid2989790.debug)
ERROR: [Vivado 12-106] *** Exception: java.lang.IllegalArgumentException: Width (0) and height (0) cannot be <= 0 (See /users/rleiser/work/basil_branch/examples/tdc_bdaq/vivado_pid2989790.debug)
ERROR: [Vivado 12-106] *** Exception: java.lang.IllegalArgumentException: Width (0) and height (0) cannot be <= 0 (See /users/rleiser/work/basil_branch/examples/tdc_bdaq/vivado_pid2989790.debug)
ERROR: [Vivado 12-106] *** Exception: java.lang.IllegalArgumentException: Width (0) and height (0) cannot be <= 0 (See /users/rleiser/work/basil_branch/examples/tdc_bdaq/vivado_pid2989790.debug)
ERROR: [Vivado 12-106] *** Exception: java.lang.IllegalArgumentException: Width (0) and height (0) cannot be <= 0 (See /users/rleiser/work/basil_branch/examples/tdc_bdaq/vivado_pid2989790.debug)
ERROR: [Vivado 12-106] *** Exception: java.lang.IllegalArgumentException: Width (0) and height (0) cannot be <= 0 (See /users/rleiser/work/basil_branch/examples/tdc_bdaq/vivado_pid2989790.debug)
ERROR: [Vivado 12-106] *** Exception: java.lang.IllegalArgumentException: Width (0) and height (0) cannot be <= 0 (See /users/rleiser/work/basil_branch/examples/tdc_bdaq/vivado_pid2989790.debug)
ERROR: [Vivado 12-106] *** Exception: java.lang.IllegalArgumentException: Width (0) and height (0) cannot be <= 0 (See /users/rleiser/work/basil_branch/examples/tdc_bdaq/vivado_pid2989790.debug)
ERROR: [Vivado 12-106] *** Exception: java.lang.IllegalArgumentException: Width (0) and height (0) cannot be <= 0 (See /users/rleiser/work/basil_branch/examples/tdc_bdaq/vivado_pid2989790.debug)
ERROR: [Vivado 12-106] *** Exception: java.lang.IllegalArgumentException: Width (0) and height (0) cannot be <= 0 (See /users/rleiser/work/basil_branch/examples/tdc_bdaq/vivado_pid2989790.debug)
ERROR: [Vivado 12-106] *** Exception: java.lang.IllegalArgumentException: Width (0) and height (0) cannot be <= 0 (See /users/rleiser/work/basil_branch/examples/tdc_bdaq/vivado_pid2989790.debug)
ERROR: [Vivado 12-106] *** Exception: java.lang.IllegalArgumentException: Width (0) and height (0) cannot be <= 0 (See /users/rleiser/work/basil_branch/examples/tdc_bdaq/vivado_pid2989790.debug)
ERROR: [Vivado 12-106] *** Exception: java.lang.IllegalArgumentException: Width (0) and height (0) cannot be <= 0 (See /users/rleiser/work/basil_branch/examples/tdc_bdaq/vivado_pid2989790.debug)
ERROR: [Vivado 12-106] *** Exception: java.lang.IllegalArgumentException: Width (0) and height (0) cannot be <= 0 (See /users/rleiser/work/basil_branch/examples/tdc_bdaq/vivado_pid2989790.debug)
ERROR: [Vivado 12-106] *** Exception: java.lang.IllegalArgumentException: Width (0) and height (0) cannot be <= 0 (See /users/rleiser/work/basil_branch/examples/tdc_bdaq/vivado_pid2989790.debug)
ERROR: [Vivado 12-106] *** Exception: java.lang.IllegalArgumentException: Width (0) and height (0) cannot be <= 0 (See /users/rleiser/work/basil_branch/examples/tdc_bdaq/vivado_pid2989790.debug)
ERROR: [Vivado 12-106] *** Exception: java.lang.IllegalArgumentException: Width (0) and height (0) cannot be <= 0 (See /users/rleiser/work/basil_branch/examples/tdc_bdaq/vivado_pid2989790.debug)
ERROR: [Vivado 12-106] *** Exception: java.lang.IllegalArgumentException: Width (0) and height (0) cannot be <= 0 (See /users/rleiser/work/basil_branch/examples/tdc_bdaq/vivado_pid2989790.debug)
ERROR: [Vivado 12-106] *** Exception: java.lang.IllegalArgumentException: Width (0) and height (0) cannot be <= 0 (See /users/rleiser/work/basil_branch/examples/tdc_bdaq/vivado_pid2989790.debug)
ERROR: [Vivado 12-106] *** Exception: java.lang.IllegalArgumentException: Width (0) and height (0) cannot be <= 0 (See /users/rleiser/work/basil_branch/examples/tdc_bdaq/vivado_pid2989790.debug)
ERROR: [Vivado 12-106] *** Exception: java.lang.IllegalArgumentException: Width (0) and height (0) cannot be <= 0 (See /users/rleiser/work/basil_branch/examples/tdc_bdaq/vivado_pid2989790.debug)
ERROR: [Vivado 12-106] *** Exception: java.lang.IllegalArgumentException: Width (0) and height (0) cannot be <= 0 (See /users/rleiser/work/basil_branch/examples/tdc_bdaq/vivado_pid2989790.debug)
INFO: [Common 17-14] Message 'Vivado 12-106' appears 100 times and further instances of the messages will be disabled. Use the Tcl command set_msg_config to change the current settings.
reset_run synth_1
launch_runs synth_1 -jobs 8
WARNING: [Vivado 12-7122] Auto Incremental Compile:: No reference checkpoint was found in run synth_1. Auto-incremental flow will not be run, the standard flow will be run instead.
[Tue Apr  2 12:40:40 2024] Launched synth_1...
Run output will be captured here: /users/rleiser/work/basil_branch/examples/tdc_bdaq/tdc_bdaq.runs/synth_1/runme.log
exit
INFO: [Common 17-206] Exiting Vivado at Tue Apr  2 12:43:12 2024...
