
*** Running vivado
    with args -log tdc_bdaq.vdi -applog -m64 -product Vivado -messageDb vivado.pb -mode batch -source tdc_bdaq.tcl -notrace


****** Vivado v2022.2 (64-bit)
  **** SW Build 3671981 on Fri Oct 14 04:59:54 MDT 2022
  **** IP Build 3669848 on Fri Oct 14 08:30:02 MDT 2022
    ** Copyright 1986-2022 Xilinx, Inc. All Rights Reserved.

source tdc_bdaq.tcl -notrace
Command: link_design -top tdc_bdaq -part xc7k160tffg676-2L
Design is defaulting to srcset: sources_1
Design is defaulting to constrset: constrs_1
INFO: [Device 21-403] Loading part xc7k160tffg676-2L
Netlist sorting complete. Time (s): cpu = 00:00:00.03 ; elapsed = 00:00:00.03 . Memory (MB): peak = 1823.875 ; gain = 0.000 ; free physical = 50918 ; free virtual = 64904
INFO: [Netlist 29-17] Analyzing 717 Unisim elements for replacement
INFO: [Netlist 29-28] Unisim Transformation completed in 0 CPU seconds
INFO: [Project 1-479] Netlist was created with Vivado 2022.2
INFO: [Project 1-570] Preparing netlist for logic optimization
Parsing XDC File [/users/rleiser/work/basil_branch/examples/tdc_bdaq/SiTCP.xdc]
Finished Parsing XDC File [/users/rleiser/work/basil_branch/examples/tdc_bdaq/SiTCP.xdc]
Parsing XDC File [/users/rleiser/work/basil_branch/examples/tdc_bdaq/bdaq53.xdc]
INFO: [Timing 38-35] Done setting XDC timing constraints. [/users/rleiser/work/basil_branch/examples/tdc_bdaq/bdaq53.xdc:5]
INFO: [Timing 38-2] Deriving generated clocks [/users/rleiser/work/basil_branch/examples/tdc_bdaq/bdaq53.xdc:5]
get_clocks: Time (s): cpu = 00:00:06 ; elapsed = 00:00:06 . Memory (MB): peak = 2558.098 ; gain = 558.883 ; free physical = 50395 ; free virtual = 64381
Finished Parsing XDC File [/users/rleiser/work/basil_branch/examples/tdc_bdaq/bdaq53.xdc]
Parsing XDC File [/users/rleiser/work/basil_branch/examples/tdc_bdaq/tdc_bdaq.xdc]
Finished Parsing XDC File [/users/rleiser/work/basil_branch/examples/tdc_bdaq/tdc_bdaq.xdc]
INFO: [Opt 31-138] Pushed 0 inverter(s) to 0 load pin(s).
Netlist sorting complete. Time (s): cpu = 00:00:00 ; elapsed = 00:00:00 . Memory (MB): peak = 2564.035 ; gain = 0.000 ; free physical = 50397 ; free virtual = 64383
INFO: [Project 1-111] Unisim Transformation Summary:
  A total of 14 instances were transformed.
  IOBUF => IOBUF (IBUF, OBUFT): 1 instance 
  RAM32M => RAM32M (RAMD32(x6), RAMS32(x2)): 5 instances
  RAM32X1S => RAM32X1S (RAMS32): 8 instances

9 Infos, 0 Warnings, 0 Critical Warnings and 0 Errors encountered.
link_design completed successfully
link_design: Time (s): cpu = 00:00:14 ; elapsed = 00:00:14 . Memory (MB): peak = 2564.035 ; gain = 1094.879 ; free physical = 50397 ; free virtual = 64383
INFO: [Common 17-600] The following parameters have non-default value.
tcl.collectionResultDisplayLimit
Command: opt_design
Attempting to get a license for feature 'Implementation' and/or device 'xc7k160t'
INFO: [Common 17-349] Got license for feature 'Implementation' and/or device 'xc7k160t'
Running DRC as a precondition to command opt_design

Starting DRC Task
INFO: [DRC 23-27] Running DRC with 8 threads
INFO: [Project 1-461] DRC finished with 0 Errors
INFO: [Project 1-462] Please refer to the DRC report (report_drc) for more information.

Time (s): cpu = 00:00:01 ; elapsed = 00:00:00.82 . Memory (MB): peak = 2628.066 ; gain = 64.031 ; free physical = 50379 ; free virtual = 64365

Starting Cache Timing Information Task
INFO: [Timing 38-35] Done setting XDC timing constraints.
Ending Cache Timing Information Task | Checksum: f8a92e57

Time (s): cpu = 00:00:01 ; elapsed = 00:00:00.46 . Memory (MB): peak = 2628.066 ; gain = 0.000 ; free physical = 50375 ; free virtual = 64360

Starting Logic Optimization Task

Phase 1 Generate And Synthesize Debug Cores
INFO: [Chipscope 16-329] Generating Script for core instance : dbg_hub 
INFO: [IP_Flow 19-234] Refreshing IP repositories
INFO: [IP_Flow 19-1704] No user IP repositories specified
INFO: [IP_Flow 19-2313] Loaded Vivado IP repository '/tools/xilinx/Vivado/2022.2/data/ip'.
INFO: [IP_Flow 19-3806] Processing IP xilinx.com:ip:xsdbm:3.0 for cell dbg_hub_CV.
INFO: [Chipscope 16-329] Generating Script for core instance : u_ila_0 
INFO: [IP_Flow 19-3806] Processing IP xilinx.com:ip:ila:6.2 for cell u_ila_0_CV.
INFO: [Chipscope 16-469] Using cached IP synthesis design for IP xilinx.com:ip:xsdbm:3.0, cache-ID = 3b19262893d198a6.
INFO: [Chipscope 16-469] Using cached IP synthesis design for IP xilinx.com:ip:ila:6.2, cache-ID = 24afeaa5f5421d8c.
Netlist sorting complete. Time (s): cpu = 00:00:00.06 ; elapsed = 00:00:00.05 . Memory (MB): peak = 2914.629 ; gain = 0.000 ; free physical = 50064 ; free virtual = 64061
Phase 1 Generate And Synthesize Debug Cores | Checksum: 106f1f99a

Time (s): cpu = 00:00:23 ; elapsed = 00:00:38 . Memory (MB): peak = 2914.629 ; gain = 25.781 ; free physical = 50064 ; free virtual = 64061

Phase 2 Retarget
INFO: [Opt 31-1287] Pulled Inverter i_tdc/fifo_i/mem_reg_i_11 into driver instance i_tdc/fifo_i/mem_reg_i_13, which resulted in an inversion of 2 pins
INFO: [Opt 31-1287] Pulled Inverter i_tdc/i_tdc_core/i_broker/out_word[8]_i_1 into driver instance i_tdc/i_tdc_core/i_broker/out_valid_i_3, which resulted in an inversion of 2 pins
INFO: [Opt 31-1287] Pulled Inverter u_ila_0/inst/ila_core_inst/xsdb_memory_read_inst/current_state[0]_i_1 into driver instance u_ila_0/inst/ila_core_inst/xsdb_memory_read_inst/read_addr[9]_i_3, which resulted in an inversion of 14 pins
INFO: [Opt 31-138] Pushed 7 inverter(s) to 22 load pin(s).
INFO: [Opt 31-49] Retargeted 0 cell(s).
Phase 2 Retarget | Checksum: fc2ff8ec

Time (s): cpu = 00:00:24 ; elapsed = 00:00:39 . Memory (MB): peak = 2914.629 ; gain = 25.781 ; free physical = 50065 ; free virtual = 64062
INFO: [Opt 31-389] Phase Retarget created 156 cells and removed 431 cells
INFO: [Opt 31-1021] In phase Retarget, 70 netlist objects are constrained preventing optimization. Please run opt_design with -debug_log to get more detail. 

Phase 3 Constant propagation
INFO: [Opt 31-138] Pushed 0 inverter(s) to 0 load pin(s).
Phase 3 Constant propagation | Checksum: c9932e12

Time (s): cpu = 00:00:24 ; elapsed = 00:00:39 . Memory (MB): peak = 2914.629 ; gain = 25.781 ; free physical = 50065 ; free virtual = 64062
INFO: [Opt 31-389] Phase Constant propagation created 51 cells and removed 158 cells
INFO: [Opt 31-1021] In phase Constant propagation, 99 netlist objects are constrained preventing optimization. Please run opt_design with -debug_log to get more detail. 

Phase 4 Sweep
Phase 4 Sweep | Checksum: 14241e905

Time (s): cpu = 00:00:24 ; elapsed = 00:00:39 . Memory (MB): peak = 2914.629 ; gain = 25.781 ; free physical = 50065 ; free virtual = 64062
INFO: [Opt 31-389] Phase Sweep created 0 cells and removed 247 cells
INFO: [Opt 31-1021] In phase Sweep, 1140 netlist objects are constrained preventing optimization. Please run opt_design with -debug_log to get more detail. 

Phase 5 BUFG optimization
INFO: [Opt 31-194] Inserted BUFG CLK480PLL_BUFG_inst to drive 384 load(s) on clock net CLK480PLL_BUFG
INFO: [Opt 31-193] Inserted 1 BUFG(s) on clock nets
Phase 5 BUFG optimization | Checksum: 945179c7

Time (s): cpu = 00:00:24 ; elapsed = 00:00:39 . Memory (MB): peak = 2914.629 ; gain = 25.781 ; free physical = 50065 ; free virtual = 64062
INFO: [Opt 31-662] Phase BUFG optimization created 1 cells of which 1 are BUFGs and removed 0 cells.

Phase 6 Shift Register Optimization
INFO: [Opt 31-1064] SRL Remap converted 0 SRLs to 0 registers and converted 0 registers of register chains to 0 SRLs
Phase 6 Shift Register Optimization | Checksum: 945179c7

Time (s): cpu = 00:00:24 ; elapsed = 00:00:39 . Memory (MB): peak = 2914.629 ; gain = 25.781 ; free physical = 50065 ; free virtual = 64062
INFO: [Opt 31-389] Phase Shift Register Optimization created 0 cells and removed 0 cells

Phase 7 Post Processing Netlist
Phase 7 Post Processing Netlist | Checksum: 945179c7

Time (s): cpu = 00:00:24 ; elapsed = 00:00:39 . Memory (MB): peak = 2914.629 ; gain = 25.781 ; free physical = 50065 ; free virtual = 64062
INFO: [Opt 31-389] Phase Post Processing Netlist created 0 cells and removed 0 cells
INFO: [Opt 31-1021] In phase Post Processing Netlist, 57 netlist objects are constrained preventing optimization. Please run opt_design with -debug_log to get more detail. 
Opt_design Change Summary
=========================


-------------------------------------------------------------------------------------------------------------------------
|  Phase                        |  #Cells created  |  #Cells Removed  |  #Constrained objects preventing optimizations  |
-------------------------------------------------------------------------------------------------------------------------
|  Retarget                     |             156  |             431  |                                             70  |
|  Constant propagation         |              51  |             158  |                                             99  |
|  Sweep                        |               0  |             247  |                                           1140  |
|  BUFG optimization            |               1  |               0  |                                              0  |
|  Shift Register Optimization  |               0  |               0  |                                              0  |
|  Post Processing Netlist      |               0  |               0  |                                             57  |
-------------------------------------------------------------------------------------------------------------------------



Starting Connectivity Check Task

Time (s): cpu = 00:00:00.01 ; elapsed = 00:00:00.01 . Memory (MB): peak = 2914.629 ; gain = 0.000 ; free physical = 50065 ; free virtual = 64062
Ending Logic Optimization Task | Checksum: 1ca477250

Time (s): cpu = 00:00:25 ; elapsed = 00:00:40 . Memory (MB): peak = 2914.629 ; gain = 25.781 ; free physical = 50065 ; free virtual = 64062

Starting Power Optimization Task
INFO: [Pwropt 34-132] Skipping clock gating for clocks with a period < 2.00 ns.
INFO: [Timing 38-35] Done setting XDC timing constraints.
Running Vector-less Activity Propagation...

Finished Running Vector-less Activity Propagation
INFO: [Pwropt 34-9] Applying IDT optimizations ...
INFO: [Pwropt 34-10] Applying ODC optimizations ...


Starting PowerOpt Patch Enables Task
INFO: [Pwropt 34-162] WRITE_MODE attribute of 11 BRAM(s) out of a total of 147 has been updated to save power. Run report_power_opt to get a complete listing of the BRAMs updated.
INFO: [Pwropt 34-201] Structural ODC has moved 14 WE to EN ports
Number of BRAM Ports augmented: 196 newly gated: 36 Total Ports: 294
Number of Flops added for Enable Generation: 3

Ending PowerOpt Patch Enables Task | Checksum: c5f821d7

Time (s): cpu = 00:00:00.53 ; elapsed = 00:00:00.47 . Memory (MB): peak = 3353.293 ; gain = 0.000 ; free physical = 50016 ; free virtual = 64013
Ending Power Optimization Task | Checksum: c5f821d7

Time (s): cpu = 00:00:12 ; elapsed = 00:00:11 . Memory (MB): peak = 3353.293 ; gain = 438.664 ; free physical = 50044 ; free virtual = 64041

Starting Final Cleanup Task

Starting Logic Optimization Task
INFO: [Timing 38-35] Done setting XDC timing constraints.
Ending Logic Optimization Task | Checksum: 1a4197aa2

Time (s): cpu = 00:00:04 ; elapsed = 00:00:01 . Memory (MB): peak = 3353.293 ; gain = 0.000 ; free physical = 50040 ; free virtual = 64037
Ending Final Cleanup Task | Checksum: 1a4197aa2

Time (s): cpu = 00:00:06 ; elapsed = 00:00:03 . Memory (MB): peak = 3353.293 ; gain = 0.000 ; free physical = 50040 ; free virtual = 64037

Starting Netlist Obfuscation Task
Netlist sorting complete. Time (s): cpu = 00:00:00 ; elapsed = 00:00:00 . Memory (MB): peak = 3353.293 ; gain = 0.000 ; free physical = 50040 ; free virtual = 64037
Ending Netlist Obfuscation Task | Checksum: 1a4197aa2

Time (s): cpu = 00:00:00 ; elapsed = 00:00:00 . Memory (MB): peak = 3353.293 ; gain = 0.000 ; free physical = 50040 ; free virtual = 64037
INFO: [Common 17-83] Releasing license: Implementation
58 Infos, 18 Warnings, 0 Critical Warnings and 0 Errors encountered.
opt_design completed successfully
opt_design: Time (s): cpu = 00:00:46 ; elapsed = 00:00:57 . Memory (MB): peak = 3353.293 ; gain = 789.258 ; free physical = 50040 ; free virtual = 64037
INFO: [Common 17-600] The following parameters have non-default value.
tcl.collectionResultDisplayLimit
INFO: [Timing 38-35] Done setting XDC timing constraints.
INFO: [Timing 38-480] Writing timing data to binary archive.
Writing XDEF routing.
Writing XDEF routing logical nets.
Writing XDEF routing special nets.
Write XDEF Complete: Time (s): cpu = 00:00:00.57 ; elapsed = 00:00:00.15 . Memory (MB): peak = 3353.293 ; gain = 0.000 ; free physical = 50014 ; free virtual = 64013
INFO: [Common 17-1381] The checkpoint '/users/rleiser/work/basil_branch/examples/tdc_bdaq/tdc_bdaq.runs/impl_1/tdc_bdaq_opt.dcp' has been generated.
INFO: [runtcl-4] Executing : report_drc -file tdc_bdaq_drc_opted.rpt -pb tdc_bdaq_drc_opted.pb -rpx tdc_bdaq_drc_opted.rpx
Command: report_drc -file tdc_bdaq_drc_opted.rpt -pb tdc_bdaq_drc_opted.pb -rpx tdc_bdaq_drc_opted.rpx
INFO: [IP_Flow 19-1839] IP Catalog is up to date.
INFO: [DRC 23-27] Running DRC with 8 threads
INFO: [Vivado_Tcl 2-168] The results of DRC are in file /users/rleiser/work/basil_branch/examples/tdc_bdaq/tdc_bdaq.runs/impl_1/tdc_bdaq_drc_opted.rpt.
report_drc completed successfully
INFO: [Chipscope 16-240] Debug cores have already been implemented
Command: place_design
Attempting to get a license for feature 'Implementation' and/or device 'xc7k160t'
INFO: [Common 17-349] Got license for feature 'Implementation' and/or device 'xc7k160t'
INFO: [DRC 23-27] Running DRC with 8 threads
INFO: [Vivado_Tcl 4-198] DRC finished with 0 Errors
INFO: [Vivado_Tcl 4-199] Please refer to the DRC report (report_drc) for more information.
Running DRC as a precondition to command place_design
INFO: [DRC 23-27] Running DRC with 8 threads
INFO: [Vivado_Tcl 4-198] DRC finished with 0 Errors, 34 Warnings
INFO: [Vivado_Tcl 4-199] Please refer to the DRC report (report_drc) for more information.

Starting Placer Task
INFO: [Place 30-611] Multithreading enabled for place_design using a maximum of 8 CPUs

Phase 1 Placer Initialization

Phase 1.1 Placer Initialization Netlist Sorting
Netlist sorting complete. Time (s): cpu = 00:00:00 ; elapsed = 00:00:00 . Memory (MB): peak = 3372.340 ; gain = 0.000 ; free physical = 49963 ; free virtual = 63965
Phase 1.1 Placer Initialization Netlist Sorting | Checksum: 111588047

Time (s): cpu = 00:00:00.01 ; elapsed = 00:00:00 . Memory (MB): peak = 3372.340 ; gain = 0.000 ; free physical = 49963 ; free virtual = 63965
Netlist sorting complete. Time (s): cpu = 00:00:00 ; elapsed = 00:00:00 . Memory (MB): peak = 3372.340 ; gain = 0.000 ; free physical = 49963 ; free virtual = 63965

Phase 1.2 IO Placement/ Clock Placement/ Build Placer Device
Phase 1.2 IO Placement/ Clock Placement/ Build Placer Device | Checksum: 131577ec3

Time (s): cpu = 00:00:02 ; elapsed = 00:00:01 . Memory (MB): peak = 3372.340 ; gain = 0.000 ; free physical = 49949 ; free virtual = 63950

Phase 1.3 Build Placer Netlist Model
Phase 1.3 Build Placer Netlist Model | Checksum: 110378a2f

Time (s): cpu = 00:00:07 ; elapsed = 00:00:03 . Memory (MB): peak = 3372.340 ; gain = 0.000 ; free physical = 49966 ; free virtual = 63967

Phase 1.4 Constrain Clocks/Macros
Phase 1.4 Constrain Clocks/Macros | Checksum: 110378a2f

Time (s): cpu = 00:00:07 ; elapsed = 00:00:03 . Memory (MB): peak = 3372.340 ; gain = 0.000 ; free physical = 49966 ; free virtual = 63967
Phase 1 Placer Initialization | Checksum: 110378a2f

Time (s): cpu = 00:00:07 ; elapsed = 00:00:03 . Memory (MB): peak = 3372.340 ; gain = 0.000 ; free physical = 49966 ; free virtual = 63967

Phase 2 Global Placement

Phase 2.1 Floorplanning
Phase 2.1 Floorplanning | Checksum: fac7083e

Time (s): cpu = 00:00:14 ; elapsed = 00:00:05 . Memory (MB): peak = 3372.340 ; gain = 0.000 ; free physical = 49948 ; free virtual = 63949

Phase 2.2 Update Timing before SLR Path Opt
Phase 2.2 Update Timing before SLR Path Opt | Checksum: 1d7d8556a

Time (s): cpu = 00:00:20 ; elapsed = 00:00:07 . Memory (MB): peak = 3372.340 ; gain = 0.000 ; free physical = 49946 ; free virtual = 63948

Phase 2.3 Post-Processing in Floorplanning
Phase 2.3 Post-Processing in Floorplanning | Checksum: 186bd1bf6

Time (s): cpu = 00:00:20 ; elapsed = 00:00:07 . Memory (MB): peak = 3372.340 ; gain = 0.000 ; free physical = 49946 ; free virtual = 63948

Phase 2.4 Global Placement Core

Phase 2.4.1 UpdateTiming Before Physical Synthesis
Phase 2.4.1 UpdateTiming Before Physical Synthesis | Checksum: c703d577

Time (s): cpu = 00:01:26 ; elapsed = 00:00:27 . Memory (MB): peak = 3372.340 ; gain = 0.000 ; free physical = 49909 ; free virtual = 63911

Phase 2.4.2 Physical Synthesis In Placer
INFO: [Physopt 32-1035] Found 1 LUTNM shape to break, 663 LUT instances to create LUTNM shape
INFO: [Physopt 32-1044] Break lutnm for timing: one critical 1, two critical 0, total 1, new lutff created 0
INFO: [Physopt 32-1138] End 1 Pass. Optimized 307 nets or LUTs. Breaked 1 LUT, combined 306 existing LUTs and moved 0 existing LUT
INFO: [Physopt 32-65] No nets found for high-fanout optimization.
INFO: [Physopt 32-232] Optimized 0 net. Created 0 new instance.
INFO: [Physopt 32-775] End 1 Pass. Optimized 0 net or cell. Created 0 new cell, deleted 0 existing cell and moved 0 existing cell
INFO: [Physopt 32-46] Identified 5 candidate nets for critical-cell optimization.
INFO: [Physopt 32-232] Optimized 0 net. Created 0 new instance.
INFO: [Physopt 32-775] End 1 Pass. Optimized 0 net or cell. Created 0 new cell, deleted 0 existing cell and moved 0 existing cell
INFO: [Physopt 32-456] No candidate cells for DSP register optimization found in the design.
INFO: [Physopt 32-775] End 2 Pass. Optimized 0 net or cell. Created 0 new cell, deleted 0 existing cell and moved 0 existing cell
INFO: [Physopt 32-1123] No candidate cells found for Shift Register to Pipeline optimization
INFO: [Physopt 32-775] End 2 Pass. Optimized 0 net or cell. Created 0 new cell, deleted 0 existing cell and moved 0 existing cell
INFO: [Physopt 32-677] No candidate cells for Shift Register optimization found in the design
INFO: [Physopt 32-775] End 1 Pass. Optimized 0 net or cell. Created 0 new cell, deleted 0 existing cell and moved 0 existing cell
INFO: [Physopt 32-526] No candidate cells for BRAM register optimization found in the design
INFO: [Physopt 32-775] End 1 Pass. Optimized 0 net or cell. Created 0 new cell, deleted 0 existing cell and moved 0 existing cell
INFO: [Physopt 32-846] No candidate cells for URAM register optimization found in the design
INFO: [Physopt 32-775] End 2 Pass. Optimized 0 net or cell. Created 0 new cell, deleted 0 existing cell and moved 0 existing cell
INFO: [Physopt 32-949] No candidate nets found for dynamic/static region interface net replication
INFO: [Physopt 32-775] End 1 Pass. Optimized 0 net or cell. Created 0 new cell, deleted 0 existing cell and moved 0 existing cell
Netlist sorting complete. Time (s): cpu = 00:00:00 ; elapsed = 00:00:00 . Memory (MB): peak = 3372.340 ; gain = 0.000 ; free physical = 49908 ; free virtual = 63909

Summary of Physical Synthesis Optimizations
============================================


-----------------------------------------------------------------------------------------------------------------------------------------------------------
|  Optimization                                     |  Added Cells  |  Removed Cells  |  Optimized Cells/Nets  |  Dont Touch  |  Iterations  |  Elapsed   |
-----------------------------------------------------------------------------------------------------------------------------------------------------------
|  LUT Combining                                    |            1  |            306  |                   307  |           0  |           1  |  00:00:00  |
|  Retime                                           |            0  |              0  |                     0  |           0  |           1  |  00:00:00  |
|  Very High Fanout                                 |            0  |              0  |                     0  |           0  |           1  |  00:00:00  |
|  Critical Cell                                    |            0  |              0  |                     0  |           0  |           1  |  00:00:00  |
|  DSP Register                                     |            0  |              0  |                     0  |           0  |           1  |  00:00:00  |
|  Shift Register to Pipeline                       |            0  |              0  |                     0  |           0  |           1  |  00:00:00  |
|  Shift Register                                   |            0  |              0  |                     0  |           0  |           1  |  00:00:00  |
|  BRAM Register                                    |            0  |              0  |                     0  |           0  |           1  |  00:00:00  |
|  URAM Register                                    |            0  |              0  |                     0  |           0  |           1  |  00:00:00  |
|  Dynamic/Static Region Interface Net Replication  |            0  |              0  |                     0  |           0  |           1  |  00:00:00  |
|  Total                                            |            1  |            306  |                   307  |           0  |          10  |  00:00:00  |
-----------------------------------------------------------------------------------------------------------------------------------------------------------


Phase 2.4.2 Physical Synthesis In Placer | Checksum: 187687190

Time (s): cpu = 00:01:33 ; elapsed = 00:00:31 . Memory (MB): peak = 3372.340 ; gain = 0.000 ; free physical = 49908 ; free virtual = 63909
Phase 2.4 Global Placement Core | Checksum: f1e9cd66

Time (s): cpu = 00:01:34 ; elapsed = 00:00:31 . Memory (MB): peak = 3372.340 ; gain = 0.000 ; free physical = 49907 ; free virtual = 63908
Phase 2 Global Placement | Checksum: f1e9cd66

Time (s): cpu = 00:01:34 ; elapsed = 00:00:31 . Memory (MB): peak = 3372.340 ; gain = 0.000 ; free physical = 49907 ; free virtual = 63908

Phase 3 Detail Placement

Phase 3.1 Commit Multi Column Macros
Phase 3.1 Commit Multi Column Macros | Checksum: 13a960ec5

Time (s): cpu = 00:01:37 ; elapsed = 00:00:32 . Memory (MB): peak = 3372.340 ; gain = 0.000 ; free physical = 49908 ; free virtual = 63910

Phase 3.2 Commit Most Macros & LUTRAMs
Phase 3.2 Commit Most Macros & LUTRAMs | Checksum: 14b1990a7

Time (s): cpu = 00:01:44 ; elapsed = 00:00:34 . Memory (MB): peak = 3372.340 ; gain = 0.000 ; free physical = 49908 ; free virtual = 63909

Phase 3.3 Area Swap Optimization
Phase 3.3 Area Swap Optimization | Checksum: 153c85924

Time (s): cpu = 00:01:44 ; elapsed = 00:00:34 . Memory (MB): peak = 3372.340 ; gain = 0.000 ; free physical = 49908 ; free virtual = 63909

Phase 3.4 Pipeline Register Optimization
Phase 3.4 Pipeline Register Optimization | Checksum: 18af1db22

Time (s): cpu = 00:01:44 ; elapsed = 00:00:34 . Memory (MB): peak = 3372.340 ; gain = 0.000 ; free physical = 49908 ; free virtual = 63909

Phase 3.5 Fast Optimization
Phase 3.5 Fast Optimization | Checksum: 17811ab23

Time (s): cpu = 00:01:54 ; elapsed = 00:00:36 . Memory (MB): peak = 3372.340 ; gain = 0.000 ; free physical = 49899 ; free virtual = 63901

Phase 3.6 Small Shape Detail Placement
Phase 3.6 Small Shape Detail Placement | Checksum: 213ee4ffd

Time (s): cpu = 00:01:58 ; elapsed = 00:00:39 . Memory (MB): peak = 3372.340 ; gain = 0.000 ; free physical = 49892 ; free virtual = 63893

Phase 3.7 Re-assign LUT pins
Phase 3.7 Re-assign LUT pins | Checksum: 21158e0ba

Time (s): cpu = 00:01:58 ; elapsed = 00:00:39 . Memory (MB): peak = 3372.340 ; gain = 0.000 ; free physical = 49892 ; free virtual = 63893

Phase 3.8 Pipeline Register Optimization
Phase 3.8 Pipeline Register Optimization | Checksum: 279c77149

Time (s): cpu = 00:01:58 ; elapsed = 00:00:40 . Memory (MB): peak = 3372.340 ; gain = 0.000 ; free physical = 49892 ; free virtual = 63893

Phase 3.9 Fast Optimization
Phase 3.9 Fast Optimization | Checksum: 161886084

Time (s): cpu = 00:02:04 ; elapsed = 00:00:41 . Memory (MB): peak = 3372.340 ; gain = 0.000 ; free physical = 49890 ; free virtual = 63891
Phase 3 Detail Placement | Checksum: 161886084

Time (s): cpu = 00:02:04 ; elapsed = 00:00:41 . Memory (MB): peak = 3372.340 ; gain = 0.000 ; free physical = 49890 ; free virtual = 63891

Phase 4 Post Placement Optimization and Clean-Up

Phase 4.1 Post Commit Optimization
INFO: [Timing 38-35] Done setting XDC timing constraints.

Phase 4.1.1 Post Placement Optimization
Post Placement Optimization Initialization | Checksum: 150b34ef6

Phase 4.1.1.1 BUFG Insertion

Starting Physical Synthesis Task

Phase 1 Physical Synthesis Initialization
INFO: [Physopt 32-721] Multithreading enabled for phys_opt_design using a maximum of 8 CPUs
INFO: [Physopt 32-619] Estimated Timing Summary | WNS=-2.427 | TNS=-93.594 |
Phase 1 Physical Synthesis Initialization | Checksum: 1b73b2dc0

Time (s): cpu = 00:00:03 ; elapsed = 00:00:00.68 . Memory (MB): peak = 3372.340 ; gain = 0.000 ; free physical = 49890 ; free virtual = 63891
INFO: [Place 46-33] Processed net sitcp/SiTCP/SiTCP_INT/SiTCP_RESET_OUT, BUFG insertion was skipped due to placement/routing conflicts.
INFO: [Place 46-56] BUFG insertion identified 1 candidate nets. Inserted BUFG: 0, Replicated BUFG Driver: 0, Skipped due to Placement/Routing Conflicts: 1, Skipped due to Timing Degradation: 0, Skipped due to Illegal Netlist: 0.
Ending Physical Synthesis Task | Checksum: 138ee4fbf

Time (s): cpu = 00:00:03 ; elapsed = 00:00:00.87 . Memory (MB): peak = 3372.340 ; gain = 0.000 ; free physical = 49890 ; free virtual = 63891
Phase 4.1.1.1 BUFG Insertion | Checksum: 150b34ef6

Time (s): cpu = 00:02:14 ; elapsed = 00:00:44 . Memory (MB): peak = 3372.340 ; gain = 0.000 ; free physical = 49890 ; free virtual = 63891

Phase 4.1.1.2 Post Placement Timing Optimization
INFO: [Place 30-746] Post Placement Timing Summary WNS=-2.147. For the most accurate timing information please run report_timing.
Phase 4.1.1.2 Post Placement Timing Optimization | Checksum: 19f3a9b2d

Time (s): cpu = 00:02:18 ; elapsed = 00:00:47 . Memory (MB): peak = 3372.340 ; gain = 0.000 ; free physical = 49893 ; free virtual = 63891

Time (s): cpu = 00:02:18 ; elapsed = 00:00:47 . Memory (MB): peak = 3372.340 ; gain = 0.000 ; free physical = 49893 ; free virtual = 63891
Phase 4.1 Post Commit Optimization | Checksum: 19f3a9b2d

Time (s): cpu = 00:02:18 ; elapsed = 00:00:48 . Memory (MB): peak = 3372.340 ; gain = 0.000 ; free physical = 49893 ; free virtual = 63891

Phase 4.2 Post Placement Cleanup
Phase 4.2 Post Placement Cleanup | Checksum: 19f3a9b2d

Time (s): cpu = 00:02:18 ; elapsed = 00:00:48 . Memory (MB): peak = 3372.340 ; gain = 0.000 ; free physical = 49894 ; free virtual = 63891

Phase 4.3 Placer Reporting

Phase 4.3.1 Print Estimated Congestion
INFO: [Place 30-612] Post-Placement Estimated Congestion 
 ____________________________________________________
|           | Global Congestion | Short Congestion  |
| Direction | Region Size       | Region Size       |
|___________|___________________|___________________|
|      North|                1x1|                1x1|
|___________|___________________|___________________|
|      South|                1x1|                1x1|
|___________|___________________|___________________|
|       East|                1x1|                1x1|
|___________|___________________|___________________|
|       West|                1x1|                1x1|
|___________|___________________|___________________|

Phase 4.3.1 Print Estimated Congestion | Checksum: 19f3a9b2d

Time (s): cpu = 00:02:18 ; elapsed = 00:00:48 . Memory (MB): peak = 3372.340 ; gain = 0.000 ; free physical = 49894 ; free virtual = 63891
Phase 4.3 Placer Reporting | Checksum: 19f3a9b2d

Time (s): cpu = 00:02:18 ; elapsed = 00:00:48 . Memory (MB): peak = 3372.340 ; gain = 0.000 ; free physical = 49894 ; free virtual = 63891

Phase 4.4 Final Placement Cleanup
Netlist sorting complete. Time (s): cpu = 00:00:00.01 ; elapsed = 00:00:00.01 . Memory (MB): peak = 3372.340 ; gain = 0.000 ; free physical = 49894 ; free virtual = 63891

Time (s): cpu = 00:02:18 ; elapsed = 00:00:48 . Memory (MB): peak = 3372.340 ; gain = 0.000 ; free physical = 49894 ; free virtual = 63891
Phase 4 Post Placement Optimization and Clean-Up | Checksum: 1e89a403f

Time (s): cpu = 00:02:18 ; elapsed = 00:00:48 . Memory (MB): peak = 3372.340 ; gain = 0.000 ; free physical = 49894 ; free virtual = 63891
Ending Placer Task | Checksum: 1bdd46ac6

Time (s): cpu = 00:02:18 ; elapsed = 00:00:48 . Memory (MB): peak = 3372.340 ; gain = 0.000 ; free physical = 49894 ; free virtual = 63891
INFO: [Common 17-83] Releasing license: Implementation
104 Infos, 18 Warnings, 0 Critical Warnings and 0 Errors encountered.
place_design completed successfully
place_design: Time (s): cpu = 00:02:21 ; elapsed = 00:00:49 . Memory (MB): peak = 3372.340 ; gain = 0.000 ; free physical = 49942 ; free virtual = 63939
INFO: [Timing 38-480] Writing timing data to binary archive.
Writing XDEF routing.
Writing XDEF routing logical nets.
Writing XDEF routing special nets.
Write XDEF Complete: Time (s): cpu = 00:00:03 ; elapsed = 00:00:01 . Memory (MB): peak = 3372.340 ; gain = 0.000 ; free physical = 49924 ; free virtual = 63942
INFO: [Common 17-1381] The checkpoint '/users/rleiser/work/basil_branch/examples/tdc_bdaq/tdc_bdaq.runs/impl_1/tdc_bdaq_placed.dcp' has been generated.
INFO: [runtcl-4] Executing : report_io -file tdc_bdaq_io_placed.rpt
report_io: Time (s): cpu = 00:00:00.11 ; elapsed = 00:00:00.12 . Memory (MB): peak = 3372.340 ; gain = 0.000 ; free physical = 49920 ; free virtual = 63923
INFO: [runtcl-4] Executing : report_utilization -file tdc_bdaq_utilization_placed.rpt -pb tdc_bdaq_utilization_placed.pb
INFO: [runtcl-4] Executing : report_control_sets -verbose -file tdc_bdaq_control_sets_placed.rpt
report_control_sets: Time (s): cpu = 00:00:00.04 ; elapsed = 00:00:00.04 . Memory (MB): peak = 3372.340 ; gain = 0.000 ; free physical = 49932 ; free virtual = 63936
Command: phys_opt_design
Attempting to get a license for feature 'Implementation' and/or device 'xc7k160t'
INFO: [Common 17-349] Got license for feature 'Implementation' and/or device 'xc7k160t'

Starting Initial Update Timing Task

Time (s): cpu = 00:00:05 ; elapsed = 00:00:01 . Memory (MB): peak = 3372.340 ; gain = 0.000 ; free physical = 49909 ; free virtual = 63913
INFO: [Vivado_Tcl 4-1435] PhysOpt_Tcl_Interface Runtime Before Starting Physical Synthesis Task | CPU: 5.52s |  WALL: 1.53s
Netlist sorting complete. Time (s): cpu = 00:00:00 ; elapsed = 00:00:00 . Memory (MB): peak = 3372.340 ; gain = 0.000 ; free physical = 49909 ; free virtual = 63913

Starting Physical Synthesis Task

Phase 1 Physical Synthesis Initialization
INFO: [Physopt 32-721] Multithreading enabled for phys_opt_design using a maximum of 8 CPUs
INFO: [Physopt 32-619] Estimated Timing Summary | WNS=-2.147 | TNS=-71.776 |
Phase 1 Physical Synthesis Initialization | Checksum: 23bc438c8

Time (s): cpu = 00:00:03 ; elapsed = 00:00:02 . Memory (MB): peak = 3372.340 ; gain = 0.000 ; free physical = 49905 ; free virtual = 63908
INFO: [Physopt 32-619] Estimated Timing Summary | WNS=-2.147 | TNS=-71.776 |

Phase 2 DSP Register Optimization
INFO: [Physopt 32-456] No candidate cells for DSP register optimization found in the design.
INFO: [Physopt 32-775] End 2 Pass. Optimized 0 net or cell. Created 0 new cell, deleted 0 existing cell and moved 0 existing cell
Phase 2 DSP Register Optimization | Checksum: 23bc438c8

Time (s): cpu = 00:00:04 ; elapsed = 00:00:02 . Memory (MB): peak = 3372.340 ; gain = 0.000 ; free physical = 49905 ; free virtual = 63908

Phase 3 Critical Path Optimization
INFO: [Physopt 32-619] Estimated Timing Summary | WNS=-2.147 | TNS=-71.776 |
INFO: [Physopt 32-702] Processed net i_tdc/i_tdc_core/i_tdl/tdl_sampler/carry_chain[47].MoreCells/q[1]. Optimizations did not improve timing on the net.
INFO: [Physopt 32-702] Processed net CLK160PLL. Optimizations did not improve timing on the net.
INFO: [Physopt 32-702] Processed net i_tdc/i_tdc_core/i_tdl/tdl_sampler/carry_chain[46].MoreCells/CO. Optimizations did not improve timing on the net.
INFO: [Physopt 32-702] Processed net i_tdc/i_tdc_core/i_tdl/tdl_sampler/carry_chain[45].MoreCells/CO. Optimizations did not improve timing on the net.
INFO: [Physopt 32-702] Processed net i_tdc/i_tdc_core/i_tdl/tdl_sampler/carry_chain[44].MoreCells/CO. Optimizations did not improve timing on the net.
INFO: [Physopt 32-702] Processed net i_tdc/i_tdc_core/i_tdl/tdl_sampler/carry_chain[43].MoreCells/CO. Optimizations did not improve timing on the net.
INFO: [Physopt 32-702] Processed net i_tdc/i_tdc_core/i_tdl/tdl_sampler/carry_chain[42].MoreCells/CO. Optimizations did not improve timing on the net.
INFO: [Physopt 32-702] Processed net i_tdc/i_tdc_core/i_tdl/tdl_sampler/carry_chain[41].MoreCells/CO. Optimizations did not improve timing on the net.
INFO: [Physopt 32-702] Processed net i_tdc/i_tdc_core/i_tdl/tdl_sampler/carry_chain[40].MoreCells/CO. Optimizations did not improve timing on the net.
INFO: [Physopt 32-702] Processed net i_tdc/i_tdc_core/i_tdl/tdl_sampler/carry_chain[39].MoreCells/CO. Optimizations did not improve timing on the net.
INFO: [Physopt 32-702] Processed net i_tdc/i_tdc_core/i_tdl/tdl_sampler/carry_chain[38].MoreCells/CO. Optimizations did not improve timing on the net.
INFO: [Physopt 32-702] Processed net i_tdc/i_tdc_core/i_tdl/tdl_sampler/carry_chain[37].MoreCells/CO. Optimizations did not improve timing on the net.
INFO: [Physopt 32-702] Processed net i_tdc/i_tdc_core/i_tdl/tdl_sampler/carry_chain[36].MoreCells/CO. Optimizations did not improve timing on the net.
INFO: [Physopt 32-702] Processed net i_tdc/i_tdc_core/i_tdl/tdl_sampler/carry_chain[35].MoreCells/CO. Optimizations did not improve timing on the net.
INFO: [Physopt 32-702] Processed net i_tdc/i_tdc_core/i_tdl/tdl_sampler/carry_chain[34].MoreCells/CO. Optimizations did not improve timing on the net.
INFO: [Physopt 32-702] Processed net i_tdc/i_tdc_core/i_tdl/tdl_sampler/carry_chain[33].MoreCells/CO. Optimizations did not improve timing on the net.
INFO: [Physopt 32-702] Processed net i_tdc/i_tdc_core/i_tdl/tdl_sampler/carry_chain[32].MoreCells/CO. Optimizations did not improve timing on the net.
INFO: [Physopt 32-702] Processed net i_tdc/i_tdc_core/i_tdl/tdl_sampler/carry_chain[31].MoreCells/CO. Optimizations did not improve timing on the net.
INFO: [Physopt 32-702] Processed net i_tdc/i_tdc_core/i_tdl/tdl_sampler/carry_chain[30].MoreCells/CO. Optimizations did not improve timing on the net.
INFO: [Physopt 32-702] Processed net i_tdc/i_tdc_core/i_tdl/tdl_sampler/carry_chain[29].MoreCells/CO. Optimizations did not improve timing on the net.
INFO: [Physopt 32-702] Processed net i_tdc/i_tdc_core/i_tdl/tdl_sampler/carry_chain[28].MoreCells/CO. Optimizations did not improve timing on the net.
INFO: [Physopt 32-702] Processed net i_tdc/i_tdc_core/i_tdl/tdl_sampler/carry_chain[27].MoreCells/CO. Optimizations did not improve timing on the net.
INFO: [Physopt 32-702] Processed net i_tdc/i_tdc_core/i_tdl/tdl_sampler/carry_chain[26].MoreCells/CO. Optimizations did not improve timing on the net.
INFO: [Physopt 32-702] Processed net i_tdc/i_tdc_core/i_tdl/tdl_sampler/carry_chain[25].MoreCells/CO. Optimizations did not improve timing on the net.
INFO: [Physopt 32-702] Processed net i_tdc/i_tdc_core/i_tdl/tdl_sampler/carry_chain[24].MoreCells/CO. Optimizations did not improve timing on the net.
INFO: [Physopt 32-702] Processed net i_tdc/i_tdc_core/i_tdl/tdl_sampler/carry_chain[23].MoreCells/CO. Optimizations did not improve timing on the net.
INFO: [Physopt 32-702] Processed net i_tdc/i_tdc_core/i_tdl/tdl_sampler/carry_chain[22].MoreCells/CO. Optimizations did not improve timing on the net.
INFO: [Physopt 32-702] Processed net i_tdc/i_tdc_core/i_tdl/tdl_sampler/carry_chain[21].MoreCells/CO. Optimizations did not improve timing on the net.
INFO: [Physopt 32-702] Processed net i_tdc/i_tdc_core/i_tdl/tdl_sampler/carry_chain[20].MoreCells/CO. Optimizations did not improve timing on the net.
INFO: [Physopt 32-702] Processed net i_tdc/i_tdc_core/i_tdl/tdl_sampler/carry_chain[19].MoreCells/CO. Optimizations did not improve timing on the net.
INFO: [Physopt 32-702] Processed net i_tdc/i_tdc_core/i_tdl/tdl_sampler/carry_chain[18].MoreCells/CO. Optimizations did not improve timing on the net.
INFO: [Physopt 32-702] Processed net i_tdc/i_tdc_core/i_tdl/tdl_sampler/carry_chain[17].MoreCells/CO. Optimizations did not improve timing on the net.
INFO: [Physopt 32-702] Processed net i_tdc/i_tdc_core/i_tdl/tdl_sampler/carry_chain[16].MoreCells/CO. Optimizations did not improve timing on the net.
INFO: [Physopt 32-702] Processed net i_tdc/i_tdc_core/i_tdl/tdl_sampler/carry_chain[15].MoreCells/CO. Optimizations did not improve timing on the net.
INFO: [Physopt 32-702] Processed net i_tdc/i_tdc_core/i_tdl/tdl_sampler/carry_chain[14].MoreCells/CO. Optimizations did not improve timing on the net.
INFO: [Physopt 32-702] Processed net i_tdc/i_tdc_core/i_tdl/tdl_sampler/carry_chain[13].MoreCells/CO. Optimizations did not improve timing on the net.
INFO: [Physopt 32-702] Processed net i_tdc/i_tdc_core/i_tdl/tdl_sampler/carry_chain[12].MoreCells/CO. Optimizations did not improve timing on the net.
INFO: [Physopt 32-702] Processed net i_tdc/i_tdc_core/i_tdl/tdl_sampler/carry_chain[11].MoreCells/CO. Optimizations did not improve timing on the net.
INFO: [Physopt 32-702] Processed net i_tdc/i_tdc_core/i_tdl/tdl_sampler/carry_chain[10].MoreCells/CO. Optimizations did not improve timing on the net.
INFO: [Physopt 32-702] Processed net i_tdc/i_tdc_core/i_tdl/tdl_sampler/carry_chain[9].MoreCells/CO. Optimizations did not improve timing on the net.
INFO: [Physopt 32-702] Processed net i_tdc/i_tdc_core/i_tdl/tdl_sampler/carry_chain[8].MoreCells/CO. Optimizations did not improve timing on the net.
INFO: [Physopt 32-702] Processed net i_tdc/i_tdc_core/i_tdl/tdl_sampler/carry_chain[7].MoreCells/CO. Optimizations did not improve timing on the net.
INFO: [Physopt 32-702] Processed net i_tdc/i_tdc_core/i_tdl/tdl_sampler/carry_chain[6].MoreCells/CO. Optimizations did not improve timing on the net.
INFO: [Physopt 32-702] Processed net i_tdc/i_tdc_core/i_tdl/tdl_sampler/carry_chain[5].MoreCells/CO. Optimizations did not improve timing on the net.
INFO: [Physopt 32-702] Processed net i_tdc/i_tdc_core/i_tdl/tdl_sampler/carry_chain[4].MoreCells/CO. Optimizations did not improve timing on the net.
INFO: [Physopt 32-702] Processed net i_tdc/i_tdc_core/i_tdl/tdl_sampler/carry_chain[3].MoreCells/CO. Optimizations did not improve timing on the net.
INFO: [Physopt 32-702] Processed net i_tdc/i_tdc_core/i_tdl/tdl_sampler/carry_chain[2].MoreCells/CO. Optimizations did not improve timing on the net.
INFO: [Physopt 32-702] Processed net i_tdc/i_tdc_core/i_tdl/tdl_sampler/carry_chain[1].MoreCells/CO. Optimizations did not improve timing on the net.
INFO: [Physopt 32-702] Processed net i_tdc/i_tdc_core/i_tdl/tdl_sampler/FirstCell/CO. Optimizations did not improve timing on the net.
INFO: [Physopt 32-702] Processed net i_tdc/i_tdc_core/calib_sig_gen/in0. Optimizations did not improve timing on the net.
INFO: [Physopt 32-702] Processed net i_tdc/i_tdc_core/i_tdl/tdl_sampler/carry_chain[47].MoreCells/CARRY4_inst_n_0. Optimizations did not improve timing on the net.
INFO: [Physopt 32-702] Processed net i_tdc/i_tdc_sw_interface/conf_en_invert_trigger_synchronizer_dv_clk/out_d_ff_3. Optimizations did not improve timing on the net.
INFO: [Physopt 32-702] Processed net i_tdc/i_tdc_core/i_tdl/tdl_sampler/carry_chain[47].MoreCells/q[1]. Optimizations did not improve timing on the net.
INFO: [Physopt 32-702] Processed net CLK160PLL. Optimizations did not improve timing on the net.
INFO: [Physopt 32-702] Processed net i_tdc/i_tdc_core/i_tdl/tdl_sampler/carry_chain[46].MoreCells/CO. Optimizations did not improve timing on the net.
INFO: [Physopt 32-702] Processed net i_tdc/i_tdc_core/i_tdl/tdl_sampler/carry_chain[45].MoreCells/CO. Optimizations did not improve timing on the net.
INFO: [Physopt 32-702] Processed net i_tdc/i_tdc_core/i_tdl/tdl_sampler/carry_chain[44].MoreCells/CO. Optimizations did not improve timing on the net.
INFO: [Physopt 32-702] Processed net i_tdc/i_tdc_core/i_tdl/tdl_sampler/carry_chain[43].MoreCells/CO. Optimizations did not improve timing on the net.
INFO: [Physopt 32-702] Processed net i_tdc/i_tdc_core/i_tdl/tdl_sampler/carry_chain[42].MoreCells/CO. Optimizations did not improve timing on the net.
INFO: [Physopt 32-702] Processed net i_tdc/i_tdc_core/i_tdl/tdl_sampler/carry_chain[41].MoreCells/CO. Optimizations did not improve timing on the net.
INFO: [Physopt 32-702] Processed net i_tdc/i_tdc_core/i_tdl/tdl_sampler/carry_chain[40].MoreCells/CO. Optimizations did not improve timing on the net.
INFO: [Physopt 32-702] Processed net i_tdc/i_tdc_core/i_tdl/tdl_sampler/carry_chain[39].MoreCells/CO. Optimizations did not improve timing on the net.
INFO: [Physopt 32-702] Processed net i_tdc/i_tdc_core/i_tdl/tdl_sampler/carry_chain[38].MoreCells/CO. Optimizations did not improve timing on the net.
INFO: [Physopt 32-702] Processed net i_tdc/i_tdc_core/i_tdl/tdl_sampler/carry_chain[37].MoreCells/CO. Optimizations did not improve timing on the net.
INFO: [Physopt 32-702] Processed net i_tdc/i_tdc_core/i_tdl/tdl_sampler/carry_chain[36].MoreCells/CO. Optimizations did not improve timing on the net.
INFO: [Physopt 32-702] Processed net i_tdc/i_tdc_core/i_tdl/tdl_sampler/carry_chain[35].MoreCells/CO. Optimizations did not improve timing on the net.
INFO: [Physopt 32-702] Processed net i_tdc/i_tdc_core/i_tdl/tdl_sampler/carry_chain[34].MoreCells/CO. Optimizations did not improve timing on the net.
INFO: [Physopt 32-702] Processed net i_tdc/i_tdc_core/i_tdl/tdl_sampler/carry_chain[33].MoreCells/CO. Optimizations did not improve timing on the net.
INFO: [Physopt 32-702] Processed net i_tdc/i_tdc_core/i_tdl/tdl_sampler/carry_chain[32].MoreCells/CO. Optimizations did not improve timing on the net.
INFO: [Physopt 32-702] Processed net i_tdc/i_tdc_core/i_tdl/tdl_sampler/carry_chain[31].MoreCells/CO. Optimizations did not improve timing on the net.
INFO: [Physopt 32-702] Processed net i_tdc/i_tdc_core/i_tdl/tdl_sampler/carry_chain[30].MoreCells/CO. Optimizations did not improve timing on the net.
INFO: [Physopt 32-702] Processed net i_tdc/i_tdc_core/i_tdl/tdl_sampler/carry_chain[29].MoreCells/CO. Optimizations did not improve timing on the net.
INFO: [Physopt 32-702] Processed net i_tdc/i_tdc_core/i_tdl/tdl_sampler/carry_chain[28].MoreCells/CO. Optimizations did not improve timing on the net.
INFO: [Physopt 32-702] Processed net i_tdc/i_tdc_core/i_tdl/tdl_sampler/carry_chain[27].MoreCells/CO. Optimizations did not improve timing on the net.
INFO: [Physopt 32-702] Processed net i_tdc/i_tdc_core/i_tdl/tdl_sampler/carry_chain[26].MoreCells/CO. Optimizations did not improve timing on the net.
INFO: [Physopt 32-702] Processed net i_tdc/i_tdc_core/i_tdl/tdl_sampler/carry_chain[25].MoreCells/CO. Optimizations did not improve timing on the net.
INFO: [Physopt 32-702] Processed net i_tdc/i_tdc_core/i_tdl/tdl_sampler/carry_chain[24].MoreCells/CO. Optimizations did not improve timing on the net.
INFO: [Physopt 32-702] Processed net i_tdc/i_tdc_core/i_tdl/tdl_sampler/carry_chain[23].MoreCells/CO. Optimizations did not improve timing on the net.
INFO: [Physopt 32-702] Processed net i_tdc/i_tdc_core/i_tdl/tdl_sampler/carry_chain[22].MoreCells/CO. Optimizations did not improve timing on the net.
INFO: [Physopt 32-702] Processed net i_tdc/i_tdc_core/i_tdl/tdl_sampler/carry_chain[21].MoreCells/CO. Optimizations did not improve timing on the net.
INFO: [Physopt 32-702] Processed net i_tdc/i_tdc_core/i_tdl/tdl_sampler/carry_chain[20].MoreCells/CO. Optimizations did not improve timing on the net.
INFO: [Physopt 32-702] Processed net i_tdc/i_tdc_core/i_tdl/tdl_sampler/carry_chain[19].MoreCells/CO. Optimizations did not improve timing on the net.
INFO: [Physopt 32-702] Processed net i_tdc/i_tdc_core/i_tdl/tdl_sampler/carry_chain[18].MoreCells/CO. Optimizations did not improve timing on the net.
INFO: [Physopt 32-702] Processed net i_tdc/i_tdc_core/i_tdl/tdl_sampler/carry_chain[17].MoreCells/CO. Optimizations did not improve timing on the net.
INFO: [Physopt 32-702] Processed net i_tdc/i_tdc_core/i_tdl/tdl_sampler/carry_chain[16].MoreCells/CO. Optimizations did not improve timing on the net.
INFO: [Physopt 32-702] Processed net i_tdc/i_tdc_core/i_tdl/tdl_sampler/carry_chain[15].MoreCells/CO. Optimizations did not improve timing on the net.
INFO: [Physopt 32-702] Processed net i_tdc/i_tdc_core/i_tdl/tdl_sampler/carry_chain[14].MoreCells/CO. Optimizations did not improve timing on the net.
INFO: [Physopt 32-702] Processed net i_tdc/i_tdc_core/i_tdl/tdl_sampler/carry_chain[13].MoreCells/CO. Optimizations did not improve timing on the net.
INFO: [Physopt 32-702] Processed net i_tdc/i_tdc_core/i_tdl/tdl_sampler/carry_chain[12].MoreCells/CO. Optimizations did not improve timing on the net.
INFO: [Physopt 32-702] Processed net i_tdc/i_tdc_core/i_tdl/tdl_sampler/carry_chain[11].MoreCells/CO. Optimizations did not improve timing on the net.
INFO: [Physopt 32-702] Processed net i_tdc/i_tdc_core/i_tdl/tdl_sampler/carry_chain[10].MoreCells/CO. Optimizations did not improve timing on the net.
INFO: [Physopt 32-702] Processed net i_tdc/i_tdc_core/i_tdl/tdl_sampler/carry_chain[9].MoreCells/CO. Optimizations did not improve timing on the net.
INFO: [Physopt 32-702] Processed net i_tdc/i_tdc_core/i_tdl/tdl_sampler/carry_chain[8].MoreCells/CO. Optimizations did not improve timing on the net.
INFO: [Physopt 32-702] Processed net i_tdc/i_tdc_core/i_tdl/tdl_sampler/carry_chain[7].MoreCells/CO. Optimizations did not improve timing on the net.
INFO: [Physopt 32-702] Processed net i_tdc/i_tdc_core/i_tdl/tdl_sampler/carry_chain[6].MoreCells/CO. Optimizations did not improve timing on the net.
INFO: [Physopt 32-702] Processed net i_tdc/i_tdc_core/i_tdl/tdl_sampler/carry_chain[5].MoreCells/CO. Optimizations did not improve timing on the net.
INFO: [Physopt 32-702] Processed net i_tdc/i_tdc_core/i_tdl/tdl_sampler/carry_chain[4].MoreCells/CO. Optimizations did not improve timing on the net.
INFO: [Physopt 32-702] Processed net i_tdc/i_tdc_core/i_tdl/tdl_sampler/carry_chain[3].MoreCells/CO. Optimizations did not improve timing on the net.
INFO: [Physopt 32-702] Processed net i_tdc/i_tdc_core/i_tdl/tdl_sampler/carry_chain[2].MoreCells/CO. Optimizations did not improve timing on the net.
INFO: [Physopt 32-702] Processed net i_tdc/i_tdc_core/i_tdl/tdl_sampler/carry_chain[1].MoreCells/CO. Optimizations did not improve timing on the net.
INFO: [Physopt 32-702] Processed net i_tdc/i_tdc_core/i_tdl/tdl_sampler/FirstCell/CO. Optimizations did not improve timing on the net.
INFO: [Physopt 32-702] Processed net i_tdc/i_tdc_core/calib_sig_gen/in0. Optimizations did not improve timing on the net.
INFO: [Physopt 32-702] Processed net i_tdc/i_tdc_core/i_tdl/tdl_sampler/carry_chain[47].MoreCells/CARRY4_inst_n_0. Optimizations did not improve timing on the net.
INFO: [Physopt 32-702] Processed net i_tdc/i_tdc_sw_interface/conf_en_invert_trigger_synchronizer_dv_clk/out_d_ff_3. Optimizations did not improve timing on the net.
INFO: [Physopt 32-619] Estimated Timing Summary | WNS=-2.147 | TNS=-71.776 |
Phase 3 Critical Path Optimization | Checksum: 23bc438c8

Time (s): cpu = 00:00:06 ; elapsed = 00:00:03 . Memory (MB): peak = 3372.340 ; gain = 0.000 ; free physical = 49905 ; free virtual = 63908
Netlist sorting complete. Time (s): cpu = 00:00:00.02 ; elapsed = 00:00:00.01 . Memory (MB): peak = 3372.340 ; gain = 0.000 ; free physical = 49905 ; free virtual = 63908
INFO: [Physopt 32-603] Post Physical Optimization Timing Summary | WNS=-2.147 | TNS=-71.776 |

Summary of Physical Synthesis Optimizations
============================================


-------------------------------------------------------------------------------------------------------------------------------------------------------------
|  Optimization   |  WNS Gain (ns)  |  TNS Gain (ns)  |  Added Cells  |  Removed Cells  |  Optimized Cells/Nets  |  Dont Touch  |  Iterations  |  Elapsed   |
-------------------------------------------------------------------------------------------------------------------------------------------------------------
|  DSP Register   |          0.000  |          0.000  |            0  |              0  |                     0  |           0  |           1  |  00:00:00  |
|  Critical Path  |          0.000  |          0.000  |            0  |              0  |                     0  |           0  |           1  |  00:00:02  |
|  Total          |          0.000  |          0.000  |            0  |              0  |                     0  |           0  |           2  |  00:00:02  |
-------------------------------------------------------------------------------------------------------------------------------------------------------------


Netlist sorting complete. Time (s): cpu = 00:00:00 ; elapsed = 00:00:00 . Memory (MB): peak = 3372.340 ; gain = 0.000 ; free physical = 49905 ; free virtual = 63908
Ending Physical Synthesis Task | Checksum: 238295c98

Time (s): cpu = 00:00:06 ; elapsed = 00:00:03 . Memory (MB): peak = 3372.340 ; gain = 0.000 ; free physical = 49905 ; free virtual = 63908
INFO: [Common 17-83] Releasing license: Implementation
224 Infos, 18 Warnings, 0 Critical Warnings and 0 Errors encountered.
phys_opt_design completed successfully
INFO: [Timing 38-480] Writing timing data to binary archive.
Writing XDEF routing.
Writing XDEF routing logical nets.
Writing XDEF routing special nets.
Write XDEF Complete: Time (s): cpu = 00:00:03 ; elapsed = 00:00:01 . Memory (MB): peak = 3372.340 ; gain = 0.000 ; free physical = 49880 ; free virtual = 63904
INFO: [Common 17-1381] The checkpoint '/users/rleiser/work/basil_branch/examples/tdc_bdaq/tdc_bdaq.runs/impl_1/tdc_bdaq_physopt.dcp' has been generated.
Command: route_design
Attempting to get a license for feature 'Implementation' and/or device 'xc7k160t'
INFO: [Common 17-349] Got license for feature 'Implementation' and/or device 'xc7k160t'
Running DRC as a precondition to command route_design
INFO: [DRC 23-27] Running DRC with 8 threads
INFO: [Vivado_Tcl 4-198] DRC finished with 0 Errors
INFO: [Vivado_Tcl 4-199] Please refer to the DRC report (report_drc) for more information.


Starting Routing Task
INFO: [Route 35-254] Multithreading enabled for route_design using a maximum of 8 CPUs

Phase 1 Build RT Design
Checksum: PlaceDB: fa808be1 ConstDB: 0 ShapeSum: aae7d65c RouteDB: 0
Post Restoration Checksum: NetGraph: 65bcb7fc NumContArr: 62fff915 Constraints: 0 Timing: 0
Phase 1 Build RT Design | Checksum: c8bcb111

Time (s): cpu = 00:00:23 ; elapsed = 00:00:15 . Memory (MB): peak = 3372.340 ; gain = 0.000 ; free physical = 49708 ; free virtual = 63718

Phase 2 Router Initialization

Phase 2.1 Fix Topology Constraints
Phase 2.1 Fix Topology Constraints | Checksum: c8bcb111

Time (s): cpu = 00:00:23 ; elapsed = 00:00:15 . Memory (MB): peak = 3372.340 ; gain = 0.000 ; free physical = 49671 ; free virtual = 63681

Phase 2.2 Pre Route Cleanup
Phase 2.2 Pre Route Cleanup | Checksum: c8bcb111

Time (s): cpu = 00:00:23 ; elapsed = 00:00:15 . Memory (MB): peak = 3372.340 ; gain = 0.000 ; free physical = 49671 ; free virtual = 63681
 Number of Nodes with overlaps = 0

Phase 2.3 Update Timing
Phase 2.3 Update Timing | Checksum: 160b46270

Time (s): cpu = 00:00:32 ; elapsed = 00:00:19 . Memory (MB): peak = 3372.340 ; gain = 0.000 ; free physical = 49647 ; free virtual = 63657
INFO: [Route 35-416] Intermediate Timing Summary | WNS=-2.140 | TNS=-71.301| WHS=-1.455 | THS=-770.014|


Phase 2.4 Update Timing for Bus Skew

Phase 2.4.1 Update Timing
Phase 2.4.1 Update Timing | Checksum: 1223095ad

Time (s): cpu = 00:00:41 ; elapsed = 00:00:21 . Memory (MB): peak = 3372.340 ; gain = 0.000 ; free physical = 49642 ; free virtual = 63651
INFO: [Route 35-416] Intermediate Timing Summary | WNS=-2.140 | TNS=-71.105| WHS=N/A    | THS=N/A    |

Phase 2.4 Update Timing for Bus Skew | Checksum: 14351ae29

Time (s): cpu = 00:00:41 ; elapsed = 00:00:21 . Memory (MB): peak = 3372.340 ; gain = 0.000 ; free physical = 49642 ; free virtual = 63651

Router Utilization Summary
  Global Vertical Routing Utilization    = 0 %
  Global Horizontal Routing Utilization  = 0 %
  Routable Net Status*
  *Does not include unroutable nets such as driverless and loadless.
  Run report_route_status for detailed report.
  Number of Failed Nets               = 12204
    (Failed Nets is the sum of unrouted and partially routed nets)
  Number of Unrouted Nets             = 12204
  Number of Partially Routed Nets     = 0
  Number of Node Overlaps             = 0

Phase 2 Router Initialization | Checksum: 15f08838c

Time (s): cpu = 00:00:42 ; elapsed = 00:00:21 . Memory (MB): peak = 3372.340 ; gain = 0.000 ; free physical = 49638 ; free virtual = 63647

Phase 3 Initial Routing

Phase 3.1 Global Routing
Phase 3.1 Global Routing | Checksum: 15f08838c

Time (s): cpu = 00:00:42 ; elapsed = 00:00:21 . Memory (MB): peak = 3372.340 ; gain = 0.000 ; free physical = 49638 ; free virtual = 63647
Phase 3 Initial Routing | Checksum: 103c4dc58

Time (s): cpu = 00:01:18 ; elapsed = 00:00:32 . Memory (MB): peak = 3473.562 ; gain = 101.223 ; free physical = 49596 ; free virtual = 63605
INFO: [Route 35-580] Design has 297 pins with tight setup and hold constraints.

The top 5 pins with tight setup and hold constraints:

+====================+===================+===========================================================+
| Launch Setup Clock | Launch Hold Clock | Pin                                                       |
+====================+===================+===========================================================+
| rgmii_rxc          | rgmii_rxc         | u_ila_0/inst/ila_core_inst/shifted_data_in_reg[0][136]/D  |
| CLK480PLL          | CLK480PLL         | i_tdc/i_tdc_core/i_tdl/tdl_deser/samples_133_reg[1][61]/D |
| CLK160PLL          | CLK160PLL         | i_tdc/i_tdc_core/i_tdl/tdl_sampler/FirstCell/TDL_FF_B/D   |
| CLK160PLL          | CLK160PLL         | i_tdc/i_tdc_core/i_tdl/tdl_sampler/FirstCell/TDL_FF_D/D   |
| CLK480PLL          | CLK480PLL         | i_tdc/i_tdc_core/i_tdl/tdl_deser/samples_133_reg[1][45]/D |
+--------------------+-------------------+-----------------------------------------------------------+

File with complete list of pins: tight_setup_hold_pins.txt


Phase 4 Rip-up And Reroute

Phase 4.1 Global Iteration 0
 Number of Nodes with overlaps = 670
 Number of Nodes with overlaps = 52
 Number of Nodes with overlaps = 22
 Number of Nodes with overlaps = 11
 Number of Nodes with overlaps = 8
 Number of Nodes with overlaps = 1
 Number of Nodes with overlaps = 0
INFO: [Route 35-416] Intermediate Timing Summary | WNS=-2.810 | TNS=-130.274| WHS=N/A    | THS=N/A    |

Phase 4.1 Global Iteration 0 | Checksum: 2365862c7

Time (s): cpu = 00:01:52 ; elapsed = 00:00:47 . Memory (MB): peak = 3473.562 ; gain = 101.223 ; free physical = 49620 ; free virtual = 63630
Phase 4 Rip-up And Reroute | Checksum: 2365862c7

Time (s): cpu = 00:01:52 ; elapsed = 00:00:47 . Memory (MB): peak = 3473.562 ; gain = 101.223 ; free physical = 49620 ; free virtual = 63630

Phase 5 Delay and Skew Optimization

Phase 5.1 Delay CleanUp

Phase 5.1.1 Update Timing
Phase 5.1.1 Update Timing | Checksum: 2058ea43e

Time (s): cpu = 00:01:54 ; elapsed = 00:00:48 . Memory (MB): peak = 3473.562 ; gain = 101.223 ; free physical = 49620 ; free virtual = 63630
INFO: [Route 35-416] Intermediate Timing Summary | WNS=-2.810 | TNS=-130.274| WHS=N/A    | THS=N/A    |

 Number of Nodes with overlaps = 0
Phase 5.1 Delay CleanUp | Checksum: 1c45d5ddb

Time (s): cpu = 00:01:54 ; elapsed = 00:00:48 . Memory (MB): peak = 3473.562 ; gain = 101.223 ; free physical = 49620 ; free virtual = 63630

Phase 5.2 Clock Skew Optimization
Phase 5.2 Clock Skew Optimization | Checksum: 1c45d5ddb

Time (s): cpu = 00:01:54 ; elapsed = 00:00:48 . Memory (MB): peak = 3473.562 ; gain = 101.223 ; free physical = 49620 ; free virtual = 63630
Phase 5 Delay and Skew Optimization | Checksum: 1c45d5ddb

Time (s): cpu = 00:01:54 ; elapsed = 00:00:48 . Memory (MB): peak = 3473.562 ; gain = 101.223 ; free physical = 49620 ; free virtual = 63630

Phase 6 Post Hold Fix

Phase 6.1 Hold Fix Iter

Phase 6.1.1 Update Timing
Phase 6.1.1 Update Timing | Checksum: 1ad3ebdce

Time (s): cpu = 00:01:59 ; elapsed = 00:00:50 . Memory (MB): peak = 3473.562 ; gain = 101.223 ; free physical = 49620 ; free virtual = 63630
INFO: [Route 35-416] Intermediate Timing Summary | WNS=-2.810 | TNS=-130.274| WHS=0.040  | THS=0.000  |

Phase 6.1 Hold Fix Iter | Checksum: 22b725d30

Time (s): cpu = 00:01:59 ; elapsed = 00:00:50 . Memory (MB): peak = 3473.562 ; gain = 101.223 ; free physical = 49620 ; free virtual = 63630
Phase 6 Post Hold Fix | Checksum: 22b725d30

Time (s): cpu = 00:01:59 ; elapsed = 00:00:50 . Memory (MB): peak = 3473.562 ; gain = 101.223 ; free physical = 49620 ; free virtual = 63630

Phase 7 Route finalize

Router Utilization Summary
  Global Vertical Routing Utilization    = 2.43802 %
  Global Horizontal Routing Utilization  = 2.34386 %
  Routable Net Status*
  *Does not include unroutable nets such as driverless and loadless.
  Run report_route_status for detailed report.
  Number of Failed Nets               = 0
    (Failed Nets is the sum of unrouted and partially routed nets)
  Number of Unrouted Nets             = 0
  Number of Partially Routed Nets     = 0
  Number of Node Overlaps             = 0

Congestion Report
North Dir 1x1 Area, Max Cong = 52.2523%, No Congested Regions.
South Dir 1x1 Area, Max Cong = 61.2613%, No Congested Regions.
East Dir 1x1 Area, Max Cong = 52.9412%, No Congested Regions.
West Dir 1x1 Area, Max Cong = 58.8235%, No Congested Regions.

------------------------------
Reporting congestion hotspots
------------------------------
Direction: North
----------------
Congested clusters found at Level 0
Effective congestion level: 0 Aspect Ratio: 1 Sparse Ratio: 0
Direction: South
----------------
Congested clusters found at Level 0
Effective congestion level: 0 Aspect Ratio: 1 Sparse Ratio: 0
Direction: East
----------------
Congested clusters found at Level 0
Effective congestion level: 0 Aspect Ratio: 1 Sparse Ratio: 0
Direction: West
----------------
Congested clusters found at Level 0
Effective congestion level: 0 Aspect Ratio: 1 Sparse Ratio: 0

Phase 7 Route finalize | Checksum: 282b6fb9c

Time (s): cpu = 00:02:00 ; elapsed = 00:00:50 . Memory (MB): peak = 3473.562 ; gain = 101.223 ; free physical = 49620 ; free virtual = 63630

Phase 8 Verifying routed nets

 Verification completed successfully
Phase 8 Verifying routed nets | Checksum: 282b6fb9c

Time (s): cpu = 00:02:00 ; elapsed = 00:00:50 . Memory (MB): peak = 3473.562 ; gain = 101.223 ; free physical = 49617 ; free virtual = 63627

Phase 9 Depositing Routes
Phase 9 Depositing Routes | Checksum: 23bc1557d

Time (s): cpu = 00:02:01 ; elapsed = 00:00:50 . Memory (MB): peak = 3489.570 ; gain = 117.230 ; free physical = 49617 ; free virtual = 63627

Phase 10 Post Router Timing
INFO: [Route 35-57] Estimated Timing Summary | WNS=-2.810 | TNS=-130.274| WHS=0.040  | THS=0.000  |

WARNING: [Route 35-328] Router estimated timing not met.
Resolution: For a complete and accurate timing signoff, report_timing_summary must be run after route_design. Alternatively, route_design can be run with the -timing_summary option to enable a complete timing signoff at the end of route_design.
Phase 10 Post Router Timing | Checksum: 23bc1557d

Time (s): cpu = 00:02:03 ; elapsed = 00:00:51 . Memory (MB): peak = 3489.570 ; gain = 117.230 ; free physical = 49617 ; free virtual = 63627
INFO: [Route 35-16] Router Completed Successfully

Time (s): cpu = 00:02:03 ; elapsed = 00:00:51 . Memory (MB): peak = 3489.570 ; gain = 117.230 ; free physical = 49679 ; free virtual = 63689

Routing Is Done.
INFO: [Common 17-83] Releasing license: Implementation
240 Infos, 19 Warnings, 0 Critical Warnings and 0 Errors encountered.
route_design completed successfully
route_design: Time (s): cpu = 00:02:06 ; elapsed = 00:00:52 . Memory (MB): peak = 3489.570 ; gain = 117.230 ; free physical = 49679 ; free virtual = 63689
INFO: [Timing 38-480] Writing timing data to binary archive.
Writing XDEF routing.
Writing XDEF routing logical nets.
Writing XDEF routing special nets.
Write XDEF Complete: Time (s): cpu = 00:00:02 ; elapsed = 00:00:01 . Memory (MB): peak = 3489.570 ; gain = 0.000 ; free physical = 49657 ; free virtual = 63690
INFO: [Common 17-1381] The checkpoint '/users/rleiser/work/basil_branch/examples/tdc_bdaq/tdc_bdaq.runs/impl_1/tdc_bdaq_routed.dcp' has been generated.
INFO: [runtcl-4] Executing : report_drc -file tdc_bdaq_drc_routed.rpt -pb tdc_bdaq_drc_routed.pb -rpx tdc_bdaq_drc_routed.rpx
Command: report_drc -file tdc_bdaq_drc_routed.rpt -pb tdc_bdaq_drc_routed.pb -rpx tdc_bdaq_drc_routed.rpx
INFO: [IP_Flow 19-1839] IP Catalog is up to date.
INFO: [DRC 23-27] Running DRC with 8 threads
INFO: [Vivado_Tcl 2-168] The results of DRC are in file /users/rleiser/work/basil_branch/examples/tdc_bdaq/tdc_bdaq.runs/impl_1/tdc_bdaq_drc_routed.rpt.
report_drc completed successfully
INFO: [runtcl-4] Executing : report_methodology -file tdc_bdaq_methodology_drc_routed.rpt -pb tdc_bdaq_methodology_drc_routed.pb -rpx tdc_bdaq_methodology_drc_routed.rpx
Command: report_methodology -file tdc_bdaq_methodology_drc_routed.rpt -pb tdc_bdaq_methodology_drc_routed.pb -rpx tdc_bdaq_methodology_drc_routed.rpx
INFO: [Timing 38-35] Done setting XDC timing constraints.
INFO: [DRC 23-133] Running Methodology with 8 threads
INFO: [Vivado_Tcl 2-1520] The results of Report Methodology are in file /users/rleiser/work/basil_branch/examples/tdc_bdaq/tdc_bdaq.runs/impl_1/tdc_bdaq_methodology_drc_routed.rpt.
report_methodology completed successfully
INFO: [runtcl-4] Executing : report_power -file tdc_bdaq_power_routed.rpt -pb tdc_bdaq_power_summary_routed.pb -rpx tdc_bdaq_power_routed.rpx
Command: report_power -file tdc_bdaq_power_routed.rpt -pb tdc_bdaq_power_summary_routed.pb -rpx tdc_bdaq_power_routed.rpx
INFO: [Timing 38-35] Done setting XDC timing constraints.
Running Vector-less Activity Propagation...

Finished Running Vector-less Activity Propagation
WARNING: [Power 33-332] Found switching activity that implies high-fanout reset nets being asserted for excessive periods of time which may result in inaccurate power analysis.
Resolution: To review and fix problems, please run Power Constraints Advisor in the GUI from Tools > Power Constraints Advisor or run report_power with the -advisory option to generate a text report.
252 Infos, 20 Warnings, 0 Critical Warnings and 0 Errors encountered.
report_power completed successfully
INFO: [runtcl-4] Executing : report_route_status -file tdc_bdaq_route_status.rpt -pb tdc_bdaq_route_status.pb
INFO: [runtcl-4] Executing : report_timing_summary -max_paths 10 -report_unconstrained -file tdc_bdaq_timing_summary_routed.rpt -pb tdc_bdaq_timing_summary_routed.pb -rpx tdc_bdaq_timing_summary_routed.rpx -warn_on_violation 
INFO: [Timing 38-91] UpdateTimingParams: Speed grade: -2L, Delay Type: min_max.
INFO: [Timing 38-191] Multithreading enabled for timing update using a maximum of 8 CPUs
CRITICAL WARNING: [Timing 38-282] The design failed to meet the timing requirements. Please see the timing summary report for details on the timing violations.
WARNING: [Timing 38-436] There are set_bus_skew constraint(s) in this design. Please run report_bus_skew to ensure that bus skew requirements are met.
INFO: [runtcl-4] Executing : report_incremental_reuse -file tdc_bdaq_incremental_reuse_routed.rpt
INFO: [Vivado_Tcl 4-1062] Incremental flow is disabled. No incremental reuse Info to report.
INFO: [runtcl-4] Executing : report_clock_utilization -file tdc_bdaq_clock_utilization_routed.rpt
INFO: [runtcl-4] Executing : report_bus_skew -warn_on_violation -file tdc_bdaq_bus_skew_routed.rpt -pb tdc_bdaq_bus_skew_routed.pb -rpx tdc_bdaq_bus_skew_routed.rpx
INFO: [Timing 38-91] UpdateTimingParams: Speed grade: -2L, Delay Type: min_max.
INFO: [Timing 38-191] Multithreading enabled for timing update using a maximum of 8 CPUs
Command: write_bitstream -force tdc_bdaq.bit
Attempting to get a license for feature 'Implementation' and/or device 'xc7k160t'
INFO: [Common 17-349] Got license for feature 'Implementation' and/or device 'xc7k160t'
Running DRC as a precondition to command write_bitstream
INFO: [IP_Flow 19-1839] IP Catalog is up to date.
INFO: [DRC 23-27] Running DRC with 8 threads
WARNING: [DRC CFGBVS-1] Missing CFGBVS and CONFIG_VOLTAGE Design Properties: Neither the CFGBVS nor CONFIG_VOLTAGE voltage property is set in the current_design.  Configuration bank voltage select (CFGBVS) must be set to VCCO or GND, and CONFIG_VOLTAGE must be set to the correct configuration voltage, in order to determine the I/O voltage support for the pins in bank 0.  It is suggested to specify these either using the 'Edit Device Properties' function in the GUI or directly in the XDC file using the following syntax:

 set_property CFGBVS value1 [current_design]
 #where value1 is either VCCO or GND

 set_property CONFIG_VOLTAGE value2 [current_design]
 #where value2 is the voltage provided to configuration bank 0

Refer to the device configuration user guide for more information.
WARNING: [DRC CHECK-3] Report rule limit reached: REQP-1840 rule limit reached: 20 violations have been found.
WARNING: [DRC PDCN-1569] LUT equation term check: Used physical LUT pin 'A1' of cell dbg_hub/inst/BSCANID.u_xsdbm_id/SWITCH_N_EXT_BSCAN.bscan_switch/temp_curid[31]_i_1 (pin dbg_hub/inst/BSCANID.u_xsdbm_id/SWITCH_N_EXT_BSCAN.bscan_switch/temp_curid[31]_i_1/I1) is not included in the LUT equation: 'O5=(A2*A3)+(A2*(~A3)*(~A5))+((~A2))'. If this cell is a user instantiated LUT in the design, please remove connectivity to the pin or change the equation and/or INIT string of the LUT to prevent this issue. If the cell is inferred or IP created LUT, please regenerate the IP and/or resynthesize the design to attempt to correct the issue.
WARNING: [DRC PDCN-1569] LUT equation term check: Used physical LUT pin 'A2' of cell dbg_hub/inst/BSCANID.u_xsdbm_id/SWITCH_N_EXT_BSCAN.id_state[0]_i_1 (pin dbg_hub/inst/BSCANID.u_xsdbm_id/SWITCH_N_EXT_BSCAN.id_state[0]_i_1/I0) is not included in the LUT equation: 'O6=(A6+~A6)*((A3))'. If this cell is a user instantiated LUT in the design, please remove connectivity to the pin or change the equation and/or INIT string of the LUT to prevent this issue. If the cell is inferred or IP created LUT, please regenerate the IP and/or resynthesize the design to attempt to correct the issue.
WARNING: [DRC PDCN-1569] LUT equation term check: Used physical LUT pin 'A4' of cell dbg_hub/inst/BSCANID.u_xsdbm_id/SWITCH_N_EXT_BSCAN.bscan_switch/temp_curid[31]_i_1 (pin dbg_hub/inst/BSCANID.u_xsdbm_id/SWITCH_N_EXT_BSCAN.bscan_switch/temp_curid[31]_i_1/I0) is not included in the LUT equation: 'O5=(A2*A3)+(A2*(~A3)*(~A5))+((~A2))'. If this cell is a user instantiated LUT in the design, please remove connectivity to the pin or change the equation and/or INIT string of the LUT to prevent this issue. If the cell is inferred or IP created LUT, please regenerate the IP and/or resynthesize the design to attempt to correct the issue.
WARNING: [DRC REQP-1715] Input clock phase alignment: The PLLE2_ADV cell input clock signal CLK160 on the PLLE2_BASE_480/CLKIN1 pin of PLLE2_BASE_480 with COMPENSATION mode INTERNAL is driven from the PLLE2_BASE_160/CLKOUT0 pin of another cell of the same type. The two cells are not phase aligned.
WARNING: [DRC REQP-1839] RAMB36 async control check: The RAMB36E1 sitcp/SiTCP/GMII/GMII_RXBUF/RX_BUF/Mram_RAM has an input control pin sitcp/SiTCP/GMII/GMII_RXBUF/RX_BUF/Mram_RAM/ADDRBWRADDR[10] (net: sitcp/SiTCP/GMII/GMII_RXBUF/rdAddr[7]) which is driven by a register (sitcp/SiTCP/GMII/GMII_RXBUF/rdAddr_7) that has an active asychronous set or reset. This may cause corruption of the memory contents and/or read values when the set/reset is asserted and is not analyzed by the default static timing analysis. It is suggested to eliminate the use of a set/reset to registers driving this RAMB pin or else use a synchronous reset in which the assertion of the reset is timed by default.
WARNING: [DRC REQP-1839] RAMB36 async control check: The RAMB36E1 sitcp/SiTCP/GMII/GMII_RXBUF/RX_BUF/Mram_RAM has an input control pin sitcp/SiTCP/GMII/GMII_RXBUF/RX_BUF/Mram_RAM/ADDRBWRADDR[11] (net: sitcp/SiTCP/GMII/GMII_RXBUF/rdAddr[8]) which is driven by a register (sitcp/SiTCP/GMII/GMII_RXBUF/rdAddr_8) that has an active asychronous set or reset. This may cause corruption of the memory contents and/or read values when the set/reset is asserted and is not analyzed by the default static timing analysis. It is suggested to eliminate the use of a set/reset to registers driving this RAMB pin or else use a synchronous reset in which the assertion of the reset is timed by default.
WARNING: [DRC REQP-1839] RAMB36 async control check: The RAMB36E1 sitcp/SiTCP/GMII/GMII_RXBUF/RX_BUF/Mram_RAM has an input control pin sitcp/SiTCP/GMII/GMII_RXBUF/RX_BUF/Mram_RAM/ADDRBWRADDR[12] (net: sitcp/SiTCP/GMII/GMII_RXBUF/rdAddr[9]) which is driven by a register (sitcp/SiTCP/GMII/GMII_RXBUF/rdAddr_9) that has an active asychronous set or reset. This may cause corruption of the memory contents and/or read values when the set/reset is asserted and is not analyzed by the default static timing analysis. It is suggested to eliminate the use of a set/reset to registers driving this RAMB pin or else use a synchronous reset in which the assertion of the reset is timed by default.
WARNING: [DRC REQP-1839] RAMB36 async control check: The RAMB36E1 sitcp/SiTCP/GMII/GMII_RXBUF/RX_BUF/Mram_RAM has an input control pin sitcp/SiTCP/GMII/GMII_RXBUF/RX_BUF/Mram_RAM/ADDRBWRADDR[13] (net: sitcp/SiTCP/GMII/GMII_RXBUF/rdAddr[10]) which is driven by a register (sitcp/SiTCP/GMII/GMII_RXBUF/rdAddr_10) that has an active asychronous set or reset. This may cause corruption of the memory contents and/or read values when the set/reset is asserted and is not analyzed by the default static timing analysis. It is suggested to eliminate the use of a set/reset to registers driving this RAMB pin or else use a synchronous reset in which the assertion of the reset is timed by default.
WARNING: [DRC REQP-1839] RAMB36 async control check: The RAMB36E1 sitcp/SiTCP/GMII/GMII_RXBUF/RX_BUF/Mram_RAM has an input control pin sitcp/SiTCP/GMII/GMII_RXBUF/RX_BUF/Mram_RAM/ADDRBWRADDR[14] (net: sitcp/SiTCP/GMII/GMII_RXBUF/rdAddr[11]) which is driven by a register (sitcp/SiTCP/GMII/GMII_RXBUF/rdAddr_11) that has an active asychronous set or reset. This may cause corruption of the memory contents and/or read values when the set/reset is asserted and is not analyzed by the default static timing analysis. It is suggested to eliminate the use of a set/reset to registers driving this RAMB pin or else use a synchronous reset in which the assertion of the reset is timed by default.
WARNING: [DRC REQP-1839] RAMB36 async control check: The RAMB36E1 sitcp/SiTCP/GMII/GMII_RXBUF/RX_BUF/Mram_RAM has an input control pin sitcp/SiTCP/GMII/GMII_RXBUF/RX_BUF/Mram_RAM/ADDRBWRADDR[3] (net: sitcp/SiTCP/GMII/GMII_RXBUF/rdAddr[0]) which is driven by a register (sitcp/SiTCP/GMII/GMII_RXBUF/rdAddr_0) that has an active asychronous set or reset. This may cause corruption of the memory contents and/or read values when the set/reset is asserted and is not analyzed by the default static timing analysis. It is suggested to eliminate the use of a set/reset to registers driving this RAMB pin or else use a synchronous reset in which the assertion of the reset is timed by default.
WARNING: [DRC REQP-1839] RAMB36 async control check: The RAMB36E1 sitcp/SiTCP/GMII/GMII_RXBUF/RX_BUF/Mram_RAM has an input control pin sitcp/SiTCP/GMII/GMII_RXBUF/RX_BUF/Mram_RAM/ADDRBWRADDR[4] (net: sitcp/SiTCP/GMII/GMII_RXBUF/rdAddr[1]) which is driven by a register (sitcp/SiTCP/GMII/GMII_RXBUF/rdAddr_1) that has an active asychronous set or reset. This may cause corruption of the memory contents and/or read values when the set/reset is asserted and is not analyzed by the default static timing analysis. It is suggested to eliminate the use of a set/reset to registers driving this RAMB pin or else use a synchronous reset in which the assertion of the reset is timed by default.
WARNING: [DRC REQP-1839] RAMB36 async control check: The RAMB36E1 sitcp/SiTCP/GMII/GMII_RXBUF/RX_BUF/Mram_RAM has an input control pin sitcp/SiTCP/GMII/GMII_RXBUF/RX_BUF/Mram_RAM/ADDRBWRADDR[5] (net: sitcp/SiTCP/GMII/GMII_RXBUF/rdAddr[2]) which is driven by a register (sitcp/SiTCP/GMII/GMII_RXBUF/rdAddr_2) that has an active asychronous set or reset. This may cause corruption of the memory contents and/or read values when the set/reset is asserted and is not analyzed by the default static timing analysis. It is suggested to eliminate the use of a set/reset to registers driving this RAMB pin or else use a synchronous reset in which the assertion of the reset is timed by default.
WARNING: [DRC REQP-1839] RAMB36 async control check: The RAMB36E1 sitcp/SiTCP/GMII/GMII_RXBUF/RX_BUF/Mram_RAM has an input control pin sitcp/SiTCP/GMII/GMII_RXBUF/RX_BUF/Mram_RAM/ADDRBWRADDR[6] (net: sitcp/SiTCP/GMII/GMII_RXBUF/rdAddr[3]) which is driven by a register (sitcp/SiTCP/GMII/GMII_RXBUF/rdAddr_3) that has an active asychronous set or reset. This may cause corruption of the memory contents and/or read values when the set/reset is asserted and is not analyzed by the default static timing analysis. It is suggested to eliminate the use of a set/reset to registers driving this RAMB pin or else use a synchronous reset in which the assertion of the reset is timed by default.
WARNING: [DRC REQP-1839] RAMB36 async control check: The RAMB36E1 sitcp/SiTCP/GMII/GMII_RXBUF/RX_BUF/Mram_RAM has an input control pin sitcp/SiTCP/GMII/GMII_RXBUF/RX_BUF/Mram_RAM/ADDRBWRADDR[7] (net: sitcp/SiTCP/GMII/GMII_RXBUF/rdAddr[4]) which is driven by a register (sitcp/SiTCP/GMII/GMII_RXBUF/rdAddr_4) that has an active asychronous set or reset. This may cause corruption of the memory contents and/or read values when the set/reset is asserted and is not analyzed by the default static timing analysis. It is suggested to eliminate the use of a set/reset to registers driving this RAMB pin or else use a synchronous reset in which the assertion of the reset is timed by default.
WARNING: [DRC REQP-1839] RAMB36 async control check: The RAMB36E1 sitcp/SiTCP/GMII/GMII_RXBUF/RX_BUF/Mram_RAM has an input control pin sitcp/SiTCP/GMII/GMII_RXBUF/RX_BUF/Mram_RAM/ADDRBWRADDR[8] (net: sitcp/SiTCP/GMII/GMII_RXBUF/rdAddr[5]) which is driven by a register (sitcp/SiTCP/GMII/GMII_RXBUF/rdAddr_5) that has an active asychronous set or reset. This may cause corruption of the memory contents and/or read values when the set/reset is asserted and is not analyzed by the default static timing analysis. It is suggested to eliminate the use of a set/reset to registers driving this RAMB pin or else use a synchronous reset in which the assertion of the reset is timed by default.
WARNING: [DRC REQP-1839] RAMB36 async control check: The RAMB36E1 sitcp/SiTCP/GMII/GMII_RXBUF/RX_BUF/Mram_RAM has an input control pin sitcp/SiTCP/GMII/GMII_RXBUF/RX_BUF/Mram_RAM/ADDRBWRADDR[9] (net: sitcp/SiTCP/GMII/GMII_RXBUF/rdAddr[6]) which is driven by a register (sitcp/SiTCP/GMII/GMII_RXBUF/rdAddr_6) that has an active asychronous set or reset. This may cause corruption of the memory contents and/or read values when the set/reset is asserted and is not analyzed by the default static timing analysis. It is suggested to eliminate the use of a set/reset to registers driving this RAMB pin or else use a synchronous reset in which the assertion of the reset is timed by default.
WARNING: [DRC REQP-1840] RAMB18 async control check: The RAMB18E1 sitcp/SiTCP/GMII/GMII_TXBUF/BANK0/Mram_RAM has an input control pin sitcp/SiTCP/GMII/GMII_TXBUF/BANK0/Mram_RAM/ADDRBWRADDR[10] (net: sitcp/SiTCP/GMII/GMII_TXBUF/memRdAddr[7]) which is driven by a register (sitcp/SiTCP/GMII/GMII_TXBUF/memRdAddr_7) that has an active asychronous set or reset. This may cause corruption of the memory contents and/or read values when the set/reset is asserted and is not analyzed by the default static timing analysis. It is suggested to eliminate the use of a set/reset to registers driving this RAMB pin or else use a synchronous reset in which the assertion of the reset is timed by default.
WARNING: [DRC REQP-1840] RAMB18 async control check: The RAMB18E1 sitcp/SiTCP/GMII/GMII_TXBUF/BANK0/Mram_RAM has an input control pin sitcp/SiTCP/GMII/GMII_TXBUF/BANK0/Mram_RAM/ADDRBWRADDR[11] (net: sitcp/SiTCP/GMII/GMII_TXBUF/memRdAddr[8]) which is driven by a register (sitcp/SiTCP/GMII/GMII_TXBUF/memRdAddr_8) that has an active asychronous set or reset. This may cause corruption of the memory contents and/or read values when the set/reset is asserted and is not analyzed by the default static timing analysis. It is suggested to eliminate the use of a set/reset to registers driving this RAMB pin or else use a synchronous reset in which the assertion of the reset is timed by default.
WARNING: [DRC REQP-1840] RAMB18 async control check: The RAMB18E1 sitcp/SiTCP/GMII/GMII_TXBUF/BANK0/Mram_RAM has an input control pin sitcp/SiTCP/GMII/GMII_TXBUF/BANK0/Mram_RAM/ADDRBWRADDR[12] (net: sitcp/SiTCP/GMII/GMII_TXBUF/memRdAddr[9]) which is driven by a register (sitcp/SiTCP/GMII/GMII_TXBUF/memRdAddr_9) that has an active asychronous set or reset. This may cause corruption of the memory contents and/or read values when the set/reset is asserted and is not analyzed by the default static timing analysis. It is suggested to eliminate the use of a set/reset to registers driving this RAMB pin or else use a synchronous reset in which the assertion of the reset is timed by default.
WARNING: [DRC REQP-1840] RAMB18 async control check: The RAMB18E1 sitcp/SiTCP/GMII/GMII_TXBUF/BANK0/Mram_RAM has an input control pin sitcp/SiTCP/GMII/GMII_TXBUF/BANK0/Mram_RAM/ADDRBWRADDR[13] (net: sitcp/SiTCP/GMII/GMII_TXBUF/memRdAddr[10]) which is driven by a register (sitcp/SiTCP/GMII/GMII_TXBUF/memRdAddr_10) that has an active asychronous set or reset. This may cause corruption of the memory contents and/or read values when the set/reset is asserted and is not analyzed by the default static timing analysis. It is suggested to eliminate the use of a set/reset to registers driving this RAMB pin or else use a synchronous reset in which the assertion of the reset is timed by default.
WARNING: [DRC REQP-1840] RAMB18 async control check: The RAMB18E1 sitcp/SiTCP/GMII/GMII_TXBUF/BANK0/Mram_RAM has an input control pin sitcp/SiTCP/GMII/GMII_TXBUF/BANK0/Mram_RAM/ADDRBWRADDR[3] (net: sitcp/SiTCP/GMII/GMII_TXBUF/memRdAddr[0]) which is driven by a register (sitcp/SiTCP/GMII/GMII_TXBUF/memRdAddr_0) that has an active asychronous set or reset. This may cause corruption of the memory contents and/or read values when the set/reset is asserted and is not analyzed by the default static timing analysis. It is suggested to eliminate the use of a set/reset to registers driving this RAMB pin or else use a synchronous reset in which the assertion of the reset is timed by default.
WARNING: [DRC REQP-1840] RAMB18 async control check: The RAMB18E1 sitcp/SiTCP/GMII/GMII_TXBUF/BANK0/Mram_RAM has an input control pin sitcp/SiTCP/GMII/GMII_TXBUF/BANK0/Mram_RAM/ADDRBWRADDR[4] (net: sitcp/SiTCP/GMII/GMII_TXBUF/memRdAddr[1]) which is driven by a register (sitcp/SiTCP/GMII/GMII_TXBUF/memRdAddr_1) that has an active asychronous set or reset. This may cause corruption of the memory contents and/or read values when the set/reset is asserted and is not analyzed by the default static timing analysis. It is suggested to eliminate the use of a set/reset to registers driving this RAMB pin or else use a synchronous reset in which the assertion of the reset is timed by default.
WARNING: [DRC REQP-1840] RAMB18 async control check: The RAMB18E1 sitcp/SiTCP/GMII/GMII_TXBUF/BANK0/Mram_RAM has an input control pin sitcp/SiTCP/GMII/GMII_TXBUF/BANK0/Mram_RAM/ADDRBWRADDR[5] (net: sitcp/SiTCP/GMII/GMII_TXBUF/memRdAddr[2]) which is driven by a register (sitcp/SiTCP/GMII/GMII_TXBUF/memRdAddr_2) that has an active asychronous set or reset. This may cause corruption of the memory contents and/or read values when the set/reset is asserted and is not analyzed by the default static timing analysis. It is suggested to eliminate the use of a set/reset to registers driving this RAMB pin or else use a synchronous reset in which the assertion of the reset is timed by default.
WARNING: [DRC REQP-1840] RAMB18 async control check: The RAMB18E1 sitcp/SiTCP/GMII/GMII_TXBUF/BANK0/Mram_RAM has an input control pin sitcp/SiTCP/GMII/GMII_TXBUF/BANK0/Mram_RAM/ADDRBWRADDR[6] (net: sitcp/SiTCP/GMII/GMII_TXBUF/memRdAddr[3]) which is driven by a register (sitcp/SiTCP/GMII/GMII_TXBUF/memRdAddr_3) that has an active asychronous set or reset. This may cause corruption of the memory contents and/or read values when the set/reset is asserted and is not analyzed by the default static timing analysis. It is suggested to eliminate the use of a set/reset to registers driving this RAMB pin or else use a synchronous reset in which the assertion of the reset is timed by default.
WARNING: [DRC REQP-1840] RAMB18 async control check: The RAMB18E1 sitcp/SiTCP/GMII/GMII_TXBUF/BANK0/Mram_RAM has an input control pin sitcp/SiTCP/GMII/GMII_TXBUF/BANK0/Mram_RAM/ADDRBWRADDR[7] (net: sitcp/SiTCP/GMII/GMII_TXBUF/memRdAddr[4]) which is driven by a register (sitcp/SiTCP/GMII/GMII_TXBUF/memRdAddr_4) that has an active asychronous set or reset. This may cause corruption of the memory contents and/or read values when the set/reset is asserted and is not analyzed by the default static timing analysis. It is suggested to eliminate the use of a set/reset to registers driving this RAMB pin or else use a synchronous reset in which the assertion of the reset is timed by default.
WARNING: [DRC REQP-1840] RAMB18 async control check: The RAMB18E1 sitcp/SiTCP/GMII/GMII_TXBUF/BANK0/Mram_RAM has an input control pin sitcp/SiTCP/GMII/GMII_TXBUF/BANK0/Mram_RAM/ADDRBWRADDR[8] (net: sitcp/SiTCP/GMII/GMII_TXBUF/memRdAddr[5]) which is driven by a register (sitcp/SiTCP/GMII/GMII_TXBUF/memRdAddr_5) that has an active asychronous set or reset. This may cause corruption of the memory contents and/or read values when the set/reset is asserted and is not analyzed by the default static timing analysis. It is suggested to eliminate the use of a set/reset to registers driving this RAMB pin or else use a synchronous reset in which the assertion of the reset is timed by default.
WARNING: [DRC REQP-1840] RAMB18 async control check: The RAMB18E1 sitcp/SiTCP/GMII/GMII_TXBUF/BANK0/Mram_RAM has an input control pin sitcp/SiTCP/GMII/GMII_TXBUF/BANK0/Mram_RAM/ADDRBWRADDR[9] (net: sitcp/SiTCP/GMII/GMII_TXBUF/memRdAddr[6]) which is driven by a register (sitcp/SiTCP/GMII/GMII_TXBUF/memRdAddr_6) that has an active asychronous set or reset. This may cause corruption of the memory contents and/or read values when the set/reset is asserted and is not analyzed by the default static timing analysis. It is suggested to eliminate the use of a set/reset to registers driving this RAMB pin or else use a synchronous reset in which the assertion of the reset is timed by default.
WARNING: [DRC REQP-1840] RAMB18 async control check: The RAMB18E1 sitcp/SiTCP/GMII/GMII_TXBUF/BANK1/Mram_RAM has an input control pin sitcp/SiTCP/GMII/GMII_TXBUF/BANK1/Mram_RAM/ADDRBWRADDR[10] (net: sitcp/SiTCP/GMII/GMII_TXBUF/memRdAddr[7]) which is driven by a register (sitcp/SiTCP/GMII/GMII_TXBUF/memRdAddr_7) that has an active asychronous set or reset. This may cause corruption of the memory contents and/or read values when the set/reset is asserted and is not analyzed by the default static timing analysis. It is suggested to eliminate the use of a set/reset to registers driving this RAMB pin or else use a synchronous reset in which the assertion of the reset is timed by default.
WARNING: [DRC REQP-1840] RAMB18 async control check: The RAMB18E1 sitcp/SiTCP/GMII/GMII_TXBUF/BANK1/Mram_RAM has an input control pin sitcp/SiTCP/GMII/GMII_TXBUF/BANK1/Mram_RAM/ADDRBWRADDR[11] (net: sitcp/SiTCP/GMII/GMII_TXBUF/memRdAddr[8]) which is driven by a register (sitcp/SiTCP/GMII/GMII_TXBUF/memRdAddr_8) that has an active asychronous set or reset. This may cause corruption of the memory contents and/or read values when the set/reset is asserted and is not analyzed by the default static timing analysis. It is suggested to eliminate the use of a set/reset to registers driving this RAMB pin or else use a synchronous reset in which the assertion of the reset is timed by default.
WARNING: [DRC REQP-1840] RAMB18 async control check: The RAMB18E1 sitcp/SiTCP/GMII/GMII_TXBUF/BANK1/Mram_RAM has an input control pin sitcp/SiTCP/GMII/GMII_TXBUF/BANK1/Mram_RAM/ADDRBWRADDR[12] (net: sitcp/SiTCP/GMII/GMII_TXBUF/memRdAddr[9]) which is driven by a register (sitcp/SiTCP/GMII/GMII_TXBUF/memRdAddr_9) that has an active asychronous set or reset. This may cause corruption of the memory contents and/or read values when the set/reset is asserted and is not analyzed by the default static timing analysis. It is suggested to eliminate the use of a set/reset to registers driving this RAMB pin or else use a synchronous reset in which the assertion of the reset is timed by default.
WARNING: [DRC REQP-1840] RAMB18 async control check: The RAMB18E1 sitcp/SiTCP/GMII/GMII_TXBUF/BANK1/Mram_RAM has an input control pin sitcp/SiTCP/GMII/GMII_TXBUF/BANK1/Mram_RAM/ADDRBWRADDR[13] (net: sitcp/SiTCP/GMII/GMII_TXBUF/memRdAddr[10]) which is driven by a register (sitcp/SiTCP/GMII/GMII_TXBUF/memRdAddr_10) that has an active asychronous set or reset. This may cause corruption of the memory contents and/or read values when the set/reset is asserted and is not analyzed by the default static timing analysis. It is suggested to eliminate the use of a set/reset to registers driving this RAMB pin or else use a synchronous reset in which the assertion of the reset is timed by default.
WARNING: [DRC REQP-1840] RAMB18 async control check: The RAMB18E1 sitcp/SiTCP/GMII/GMII_TXBUF/BANK1/Mram_RAM has an input control pin sitcp/SiTCP/GMII/GMII_TXBUF/BANK1/Mram_RAM/ADDRBWRADDR[5] (net: sitcp/SiTCP/GMII/GMII_TXBUF/memRdAddr[2]) which is driven by a register (sitcp/SiTCP/GMII/GMII_TXBUF/memRdAddr_2) that has an active asychronous set or reset. This may cause corruption of the memory contents and/or read values when the set/reset is asserted and is not analyzed by the default static timing analysis. It is suggested to eliminate the use of a set/reset to registers driving this RAMB pin or else use a synchronous reset in which the assertion of the reset is timed by default.
WARNING: [DRC REQP-1840] RAMB18 async control check: The RAMB18E1 sitcp/SiTCP/GMII/GMII_TXBUF/BANK1/Mram_RAM has an input control pin sitcp/SiTCP/GMII/GMII_TXBUF/BANK1/Mram_RAM/ADDRBWRADDR[6] (net: sitcp/SiTCP/GMII/GMII_TXBUF/memRdAddr[3]) which is driven by a register (sitcp/SiTCP/GMII/GMII_TXBUF/memRdAddr_3) that has an active asychronous set or reset. This may cause corruption of the memory contents and/or read values when the set/reset is asserted and is not analyzed by the default static timing analysis. It is suggested to eliminate the use of a set/reset to registers driving this RAMB pin or else use a synchronous reset in which the assertion of the reset is timed by default.
WARNING: [DRC REQP-1840] RAMB18 async control check: The RAMB18E1 sitcp/SiTCP/GMII/GMII_TXBUF/BANK1/Mram_RAM has an input control pin sitcp/SiTCP/GMII/GMII_TXBUF/BANK1/Mram_RAM/ADDRBWRADDR[7] (net: sitcp/SiTCP/GMII/GMII_TXBUF/memRdAddr[4]) which is driven by a register (sitcp/SiTCP/GMII/GMII_TXBUF/memRdAddr_4) that has an active asychronous set or reset. This may cause corruption of the memory contents and/or read values when the set/reset is asserted and is not analyzed by the default static timing analysis. It is suggested to eliminate the use of a set/reset to registers driving this RAMB pin or else use a synchronous reset in which the assertion of the reset is timed by default.
WARNING: [DRC REQP-1840] RAMB18 async control check: The RAMB18E1 sitcp/SiTCP/GMII/GMII_TXBUF/BANK1/Mram_RAM has an input control pin sitcp/SiTCP/GMII/GMII_TXBUF/BANK1/Mram_RAM/ADDRBWRADDR[8] (net: sitcp/SiTCP/GMII/GMII_TXBUF/memRdAddr[5]) which is driven by a register (sitcp/SiTCP/GMII/GMII_TXBUF/memRdAddr_5) that has an active asychronous set or reset. This may cause corruption of the memory contents and/or read values when the set/reset is asserted and is not analyzed by the default static timing analysis. It is suggested to eliminate the use of a set/reset to registers driving this RAMB pin or else use a synchronous reset in which the assertion of the reset is timed by default.
WARNING: [DRC REQP-1840] RAMB18 async control check: The RAMB18E1 sitcp/SiTCP/GMII/GMII_TXBUF/BANK1/Mram_RAM has an input control pin sitcp/SiTCP/GMII/GMII_TXBUF/BANK1/Mram_RAM/ADDRBWRADDR[9] (net: sitcp/SiTCP/GMII/GMII_TXBUF/memRdAddr[6]) which is driven by a register (sitcp/SiTCP/GMII/GMII_TXBUF/memRdAddr_6) that has an active asychronous set or reset. This may cause corruption of the memory contents and/or read values when the set/reset is asserted and is not analyzed by the default static timing analysis. It is suggested to eliminate the use of a set/reset to registers driving this RAMB pin or else use a synchronous reset in which the assertion of the reset is timed by default.
WARNING: [DRC RTSTAT-10] No routable loads: 25 net(s) have no routable loads. The problem bus(es) and/or net(s) are dbg_hub/inst/BSCANID.u_xsdbm_id/SWITCH_N_EXT_BSCAN.bscan_inst/TMS, dbg_hub/inst/BSCANID.u_xsdbm_id/CORE_XSDB.UUT_MASTER/U_ICON_INTERFACE/U_CMD6_RD/U_RD_FIFO/SUBCORE_FIFO.xsdbm_v3_0_0_rdfifo_inst/inst_fifo_gen/gconvfifo.rf/grf.rf/gntv_or_sync_fifo.gl0.rd/gr1.gr1_int.rfwft/aempty_fwft_i, dbg_hub/inst/BSCANID.u_xsdbm_id/CORE_XSDB.UUT_MASTER/U_ICON_INTERFACE/U_CMD7_CTL/ctl_reg[2:0], dbg_hub/inst/BSCANID.u_xsdbm_id/CORE_XSDB.UUT_MASTER/U_ICON_INTERFACE/U_CMD1/ctl_reg_en_2[1], dbg_hub/inst/BSCANID.u_xsdbm_id/CORE_XSDB.UUT_MASTER/U_ICON_INTERFACE/U_CMD7_CTL/ctl_reg_en_2[1], dbg_hub/inst/BSCANID.u_xsdbm_id/SWITCH_N_EXT_BSCAN.bscan_switch/m_bscan_capture[0], dbg_hub/inst/BSCANID.u_xsdbm_id/SWITCH_N_EXT_BSCAN.bscan_switch/m_bscan_drck[0], dbg_hub/inst/BSCANID.u_xsdbm_id/SWITCH_N_EXT_BSCAN.bscan_switch/m_bscan_runtest[0], dbg_hub/inst/BSCANID.u_xsdbm_id/CORE_XSDB.UUT_MASTER/U_ICON_INTERFACE/U_CMD6_WR/U_WR_FIFO/SUBCORE_FIFO.xsdbm_v3_0_0_wrfifo_inst/inst_fifo_gen/gconvfifo.rf/grf.rf/rstblk/ngwrdrst.grst.rd_rst_reg[0], dbg_hub/inst/BSCANID.u_xsdbm_id/CORE_XSDB.UUT_MASTER/U_ICON_INTERFACE/U_CMD6_WR/U_WR_FIFO/SUBCORE_FIFO.xsdbm_v3_0_0_wrfifo_inst/inst_fifo_gen/gconvfifo.rf/grf.rf/rstblk/ngwrdrst.grst.wr_rst_reg[2], dbg_hub/inst/BSCANID.u_xsdbm_id/CORE_XSDB.UUT_MASTER/U_ICON_INTERFACE/U_CMD6_RD/U_RD_FIFO/SUBCORE_FIFO.xsdbm_v3_0_0_rdfifo_inst/inst_fifo_gen/gconvfifo.rf/grf.rf/rstblk/ngwrdrst.grst.wr_rst_reg[2], dbg_hub/inst/BSCANID.u_xsdbm_id/CORE_XSDB.UUT_MASTER/U_ICON_INTERFACE/U_CMD6_WR/U_WR_FIFO/SUBCORE_FIFO.xsdbm_v3_0_0_wrfifo_inst/inst_fifo_gen/gconvfifo.rf/grf.rf/gntv_or_sync_fifo.gl0.wr/gwhf.whf/overflow, dbg_hub/inst/BSCANID.u_xsdbm_id/CORE_XSDB.UUT_MASTER/U_ICON_INTERFACE/U_CMD6_RD/U_RD_FIFO/SUBCORE_FIFO.xsdbm_v3_0_0_rdfifo_inst/inst_fifo_gen/gconvfifo.rf/grf.rf/gntv_or_sync_fifo.gl0.wr/gwhf.whf/overflow, dbg_hub/inst/BSCANID.u_xsdbm_id/CORE_XSDB.UUT_MASTER/U_ICON_INTERFACE/U_CMD6_RD/U_RD_FIFO/SUBCORE_FIFO.xsdbm_v3_0_0_rdfifo_inst/inst_fifo_gen/gconvfifo.rf/grf.rf/gntv_or_sync_fifo.gl0.rd/gras.rsts/ram_empty_i, dbg_hub/inst/BSCANID.u_xsdbm_id/CORE_XSDB.UUT_MASTER/U_ICON_INTERFACE/U_CMD6_WR/U_WR_FIFO/SUBCORE_FIFO.xsdbm_v3_0_0_wrfifo_inst/inst_fifo_gen/gconvfifo.rf/grf.rf/gntv_or_sync_fifo.gl0.wr/gwas.wsts/ram_full_i... and (the first 15 of 23 listed).
INFO: [Vivado 12-3199] DRC finished with 0 Errors, 39 Warnings
INFO: [Vivado 12-3200] Please refer to the DRC report (report_drc) for more information.
INFO: [Designutils 20-2272] Running write_bitstream with 8 threads.
Loading data files...
Loading site data...
Loading route data...
Processing options...
Creating bitmap...
Creating bitstream...
Bitstream compression saved 34640800 bits.
Writing bitstream ./tdc_bdaq.bit...
INFO: [Vivado 12-1842] Bitgen Completed Successfully.
INFO: [Project 1-1876] WebTalk data collection is mandatory when using a ULT device. To see the specific WebTalk data collected for your design, open the usage_statistics_webtalk.html or usage_statistics_webtalk.xml file in the implementation directory.
INFO: [Common 17-83] Releasing license: Implementation
12 Infos, 39 Warnings, 0 Critical Warnings and 0 Errors encountered.
write_bitstream completed successfully
write_bitstream: Time (s): cpu = 00:00:33 ; elapsed = 00:00:22 . Memory (MB): peak = 3743.602 ; gain = 214.012 ; free physical = 49595 ; free virtual = 63626
INFO: [Common 17-206] Exiting Vivado at Wed May  1 14:40:26 2024...
