Copyright 1986-2022 Xilinx, Inc. All Rights Reserved.
---------------------------------------------------------------------------------------------------------------
| Tool Version : Vivado v.2022.2 (lin64) Build 3671981 Fri Oct 14 04:59:54 MDT 2022
| Date         : Wed May  1 14:37:59 2024
| Host         : asiclab006.physik.uni-bonn.de running 64-bit unknown
| Command      : report_drc -file tdc_bdaq_drc_opted.rpt -pb tdc_bdaq_drc_opted.pb -rpx tdc_bdaq_drc_opted.rpx
| Design       : tdc_bdaq
| Device       : xc7k160tffg676-2L
| Speed File   : -2L
| Design State : Synthesized
---------------------------------------------------------------------------------------------------------------

Report DRC

Table of Contents
-----------------
1. REPORT SUMMARY
2. REPORT DETAILS

1. REPORT SUMMARY
-----------------
            Netlist: netlist
          Floorplan: design_1
      Design limits: <entire design considered>
           Ruledeck: default
             Max violations: <unlimited>
             Violations found: 35
+-----------+----------+-----------------------------------------------------+------------+
| Rule      | Severity | Description                                         | Violations |
+-----------+----------+-----------------------------------------------------+------------+
| CFGBVS-1  | Warning  | Missing CFGBVS and CONFIG_VOLTAGE Design Properties | 1          |
| CHECK-3   | Warning  | Report rule limit reached                           | 1          |
| REQP-1715 | Warning  | Input clock phase alignment                         | 1          |
| REQP-1839 | Warning  | RAMB36 async control check                          | 12         |
| REQP-1840 | Warning  | RAMB18 async control check                          | 20         |
+-----------+----------+-----------------------------------------------------+------------+

2. REPORT DETAILS
-----------------
CFGBVS-1#1 Warning
Missing CFGBVS and CONFIG_VOLTAGE Design Properties  
Neither the CFGBVS nor CONFIG_VOLTAGE voltage property is set in the current_design.  Configuration bank voltage select (CFGBVS) must be set to VCCO or GND, and CONFIG_VOLTAGE must be set to the correct configuration voltage, in order to determine the I/O voltage support for the pins in bank 0.  It is suggested to specify these either using the 'Edit Device Properties' function in the GUI or directly in the XDC file using the following syntax:

 set_property CFGBVS value1 [current_design]
 #where value1 is either VCCO or GND

 set_property CONFIG_VOLTAGE value2 [current_design]
 #where value2 is the voltage provided to configuration bank 0

Refer to the device configuration user guide for more information.
Related violations: <none>

CHECK-3#1 Warning
Report rule limit reached  
REQP-1840 rule limit reached: 20 violations have been found.
Related violations: <none>

REQP-1715#1 Warning
Input clock phase alignment  
The PLLE2_ADV cell input clock signal CLK160 on the PLLE2_BASE_480/CLKIN1 pin of PLLE2_BASE_480 with COMPENSATION mode INTERNAL is driven from the PLLE2_BASE_160/CLKOUT0 pin of another cell of the same type. The two cells are not phase aligned.
Related violations: <none>

REQP-1839#1 Warning
RAMB36 async control check  
The RAMB36E1 sitcp/SiTCP/GMII/GMII_RXBUF/RX_BUF/Mram_RAM has an input control pin sitcp/SiTCP/GMII/GMII_RXBUF/RX_BUF/Mram_RAM/ADDRBWRADDR[10] (net: sitcp/SiTCP/GMII/GMII_RXBUF/rdAddr[7]) which is driven by a register (sitcp/SiTCP/GMII/GMII_RXBUF/rdAddr_7) that has an active asychronous set or reset. This may cause corruption of the memory contents and/or read values when the set/reset is asserted and is not analyzed by the default static timing analysis. It is suggested to eliminate the use of a set/reset to registers driving this RAMB pin or else use a synchronous reset in which the assertion of the reset is timed by default.
Related violations: <none>

REQP-1839#2 Warning
RAMB36 async control check  
The RAMB36E1 sitcp/SiTCP/GMII/GMII_RXBUF/RX_BUF/Mram_RAM has an input control pin sitcp/SiTCP/GMII/GMII_RXBUF/RX_BUF/Mram_RAM/ADDRBWRADDR[11] (net: sitcp/SiTCP/GMII/GMII_RXBUF/rdAddr[8]) which is driven by a register (sitcp/SiTCP/GMII/GMII_RXBUF/rdAddr_8) that has an active asychronous set or reset. This may cause corruption of the memory contents and/or read values when the set/reset is asserted and is not analyzed by the default static timing analysis. It is suggested to eliminate the use of a set/reset to registers driving this RAMB pin or else use a synchronous reset in which the assertion of the reset is timed by default.
Related violations: <none>

REQP-1839#3 Warning
RAMB36 async control check  
The RAMB36E1 sitcp/SiTCP/GMII/GMII_RXBUF/RX_BUF/Mram_RAM has an input control pin sitcp/SiTCP/GMII/GMII_RXBUF/RX_BUF/Mram_RAM/ADDRBWRADDR[12] (net: sitcp/SiTCP/GMII/GMII_RXBUF/rdAddr[9]) which is driven by a register (sitcp/SiTCP/GMII/GMII_RXBUF/rdAddr_9) that has an active asychronous set or reset. This may cause corruption of the memory contents and/or read values when the set/reset is asserted and is not analyzed by the default static timing analysis. It is suggested to eliminate the use of a set/reset to registers driving this RAMB pin or else use a synchronous reset in which the assertion of the reset is timed by default.
Related violations: <none>

REQP-1839#4 Warning
RAMB36 async control check  
The RAMB36E1 sitcp/SiTCP/GMII/GMII_RXBUF/RX_BUF/Mram_RAM has an input control pin sitcp/SiTCP/GMII/GMII_RXBUF/RX_BUF/Mram_RAM/ADDRBWRADDR[13] (net: sitcp/SiTCP/GMII/GMII_RXBUF/rdAddr[10]) which is driven by a register (sitcp/SiTCP/GMII/GMII_RXBUF/rdAddr_10) that has an active asychronous set or reset. This may cause corruption of the memory contents and/or read values when the set/reset is asserted and is not analyzed by the default static timing analysis. It is suggested to eliminate the use of a set/reset to registers driving this RAMB pin or else use a synchronous reset in which the assertion of the reset is timed by default.
Related violations: <none>

REQP-1839#5 Warning
RAMB36 async control check  
The RAMB36E1 sitcp/SiTCP/GMII/GMII_RXBUF/RX_BUF/Mram_RAM has an input control pin sitcp/SiTCP/GMII/GMII_RXBUF/RX_BUF/Mram_RAM/ADDRBWRADDR[14] (net: sitcp/SiTCP/GMII/GMII_RXBUF/rdAddr[11]) which is driven by a register (sitcp/SiTCP/GMII/GMII_RXBUF/rdAddr_11) that has an active asychronous set or reset. This may cause corruption of the memory contents and/or read values when the set/reset is asserted and is not analyzed by the default static timing analysis. It is suggested to eliminate the use of a set/reset to registers driving this RAMB pin or else use a synchronous reset in which the assertion of the reset is timed by default.
Related violations: <none>

REQP-1839#6 Warning
RAMB36 async control check  
The RAMB36E1 sitcp/SiTCP/GMII/GMII_RXBUF/RX_BUF/Mram_RAM has an input control pin sitcp/SiTCP/GMII/GMII_RXBUF/RX_BUF/Mram_RAM/ADDRBWRADDR[3] (net: sitcp/SiTCP/GMII/GMII_RXBUF/rdAddr[0]) which is driven by a register (sitcp/SiTCP/GMII/GMII_RXBUF/rdAddr_0) that has an active asychronous set or reset. This may cause corruption of the memory contents and/or read values when the set/reset is asserted and is not analyzed by the default static timing analysis. It is suggested to eliminate the use of a set/reset to registers driving this RAMB pin or else use a synchronous reset in which the assertion of the reset is timed by default.
Related violations: <none>

REQP-1839#7 Warning
RAMB36 async control check  
The RAMB36E1 sitcp/SiTCP/GMII/GMII_RXBUF/RX_BUF/Mram_RAM has an input control pin sitcp/SiTCP/GMII/GMII_RXBUF/RX_BUF/Mram_RAM/ADDRBWRADDR[4] (net: sitcp/SiTCP/GMII/GMII_RXBUF/rdAddr[1]) which is driven by a register (sitcp/SiTCP/GMII/GMII_RXBUF/rdAddr_1) that has an active asychronous set or reset. This may cause corruption of the memory contents and/or read values when the set/reset is asserted and is not analyzed by the default static timing analysis. It is suggested to eliminate the use of a set/reset to registers driving this RAMB pin or else use a synchronous reset in which the assertion of the reset is timed by default.
Related violations: <none>

REQP-1839#8 Warning
RAMB36 async control check  
The RAMB36E1 sitcp/SiTCP/GMII/GMII_RXBUF/RX_BUF/Mram_RAM has an input control pin sitcp/SiTCP/GMII/GMII_RXBUF/RX_BUF/Mram_RAM/ADDRBWRADDR[5] (net: sitcp/SiTCP/GMII/GMII_RXBUF/rdAddr[2]) which is driven by a register (sitcp/SiTCP/GMII/GMII_RXBUF/rdAddr_2) that has an active asychronous set or reset. This may cause corruption of the memory contents and/or read values when the set/reset is asserted and is not analyzed by the default static timing analysis. It is suggested to eliminate the use of a set/reset to registers driving this RAMB pin or else use a synchronous reset in which the assertion of the reset is timed by default.
Related violations: <none>

REQP-1839#9 Warning
RAMB36 async control check  
The RAMB36E1 sitcp/SiTCP/GMII/GMII_RXBUF/RX_BUF/Mram_RAM has an input control pin sitcp/SiTCP/GMII/GMII_RXBUF/RX_BUF/Mram_RAM/ADDRBWRADDR[6] (net: sitcp/SiTCP/GMII/GMII_RXBUF/rdAddr[3]) which is driven by a register (sitcp/SiTCP/GMII/GMII_RXBUF/rdAddr_3) that has an active asychronous set or reset. This may cause corruption of the memory contents and/or read values when the set/reset is asserted and is not analyzed by the default static timing analysis. It is suggested to eliminate the use of a set/reset to registers driving this RAMB pin or else use a synchronous reset in which the assertion of the reset is timed by default.
Related violations: <none>

REQP-1839#10 Warning
RAMB36 async control check  
The RAMB36E1 sitcp/SiTCP/GMII/GMII_RXBUF/RX_BUF/Mram_RAM has an input control pin sitcp/SiTCP/GMII/GMII_RXBUF/RX_BUF/Mram_RAM/ADDRBWRADDR[7] (net: sitcp/SiTCP/GMII/GMII_RXBUF/rdAddr[4]) which is driven by a register (sitcp/SiTCP/GMII/GMII_RXBUF/rdAddr_4) that has an active asychronous set or reset. This may cause corruption of the memory contents and/or read values when the set/reset is asserted and is not analyzed by the default static timing analysis. It is suggested to eliminate the use of a set/reset to registers driving this RAMB pin or else use a synchronous reset in which the assertion of the reset is timed by default.
Related violations: <none>

REQP-1839#11 Warning
RAMB36 async control check  
The RAMB36E1 sitcp/SiTCP/GMII/GMII_RXBUF/RX_BUF/Mram_RAM has an input control pin sitcp/SiTCP/GMII/GMII_RXBUF/RX_BUF/Mram_RAM/ADDRBWRADDR[8] (net: sitcp/SiTCP/GMII/GMII_RXBUF/rdAddr[5]) which is driven by a register (sitcp/SiTCP/GMII/GMII_RXBUF/rdAddr_5) that has an active asychronous set or reset. This may cause corruption of the memory contents and/or read values when the set/reset is asserted and is not analyzed by the default static timing analysis. It is suggested to eliminate the use of a set/reset to registers driving this RAMB pin or else use a synchronous reset in which the assertion of the reset is timed by default.
Related violations: <none>

REQP-1839#12 Warning
RAMB36 async control check  
The RAMB36E1 sitcp/SiTCP/GMII/GMII_RXBUF/RX_BUF/Mram_RAM has an input control pin sitcp/SiTCP/GMII/GMII_RXBUF/RX_BUF/Mram_RAM/ADDRBWRADDR[9] (net: sitcp/SiTCP/GMII/GMII_RXBUF/rdAddr[6]) which is driven by a register (sitcp/SiTCP/GMII/GMII_RXBUF/rdAddr_6) that has an active asychronous set or reset. This may cause corruption of the memory contents and/or read values when the set/reset is asserted and is not analyzed by the default static timing analysis. It is suggested to eliminate the use of a set/reset to registers driving this RAMB pin or else use a synchronous reset in which the assertion of the reset is timed by default.
Related violations: <none>

REQP-1840#1 Warning
RAMB18 async control check  
The RAMB18E1 sitcp/SiTCP/GMII/GMII_TXBUF/BANK0/Mram_RAM has an input control pin sitcp/SiTCP/GMII/GMII_TXBUF/BANK0/Mram_RAM/ADDRBWRADDR[10] (net: sitcp/SiTCP/GMII/GMII_TXBUF/memRdAddr[7]) which is driven by a register (sitcp/SiTCP/GMII/GMII_TXBUF/memRdAddr_7) that has an active asychronous set or reset. This may cause corruption of the memory contents and/or read values when the set/reset is asserted and is not analyzed by the default static timing analysis. It is suggested to eliminate the use of a set/reset to registers driving this RAMB pin or else use a synchronous reset in which the assertion of the reset is timed by default.
Related violations: <none>

REQP-1840#2 Warning
RAMB18 async control check  
The RAMB18E1 sitcp/SiTCP/GMII/GMII_TXBUF/BANK0/Mram_RAM has an input control pin sitcp/SiTCP/GMII/GMII_TXBUF/BANK0/Mram_RAM/ADDRBWRADDR[11] (net: sitcp/SiTCP/GMII/GMII_TXBUF/memRdAddr[8]) which is driven by a register (sitcp/SiTCP/GMII/GMII_TXBUF/memRdAddr_8) that has an active asychronous set or reset. This may cause corruption of the memory contents and/or read values when the set/reset is asserted and is not analyzed by the default static timing analysis. It is suggested to eliminate the use of a set/reset to registers driving this RAMB pin or else use a synchronous reset in which the assertion of the reset is timed by default.
Related violations: <none>

REQP-1840#3 Warning
RAMB18 async control check  
The RAMB18E1 sitcp/SiTCP/GMII/GMII_TXBUF/BANK0/Mram_RAM has an input control pin sitcp/SiTCP/GMII/GMII_TXBUF/BANK0/Mram_RAM/ADDRBWRADDR[12] (net: sitcp/SiTCP/GMII/GMII_TXBUF/memRdAddr[9]) which is driven by a register (sitcp/SiTCP/GMII/GMII_TXBUF/memRdAddr_9) that has an active asychronous set or reset. This may cause corruption of the memory contents and/or read values when the set/reset is asserted and is not analyzed by the default static timing analysis. It is suggested to eliminate the use of a set/reset to registers driving this RAMB pin or else use a synchronous reset in which the assertion of the reset is timed by default.
Related violations: <none>

REQP-1840#4 Warning
RAMB18 async control check  
The RAMB18E1 sitcp/SiTCP/GMII/GMII_TXBUF/BANK0/Mram_RAM has an input control pin sitcp/SiTCP/GMII/GMII_TXBUF/BANK0/Mram_RAM/ADDRBWRADDR[13] (net: sitcp/SiTCP/GMII/GMII_TXBUF/memRdAddr[10]) which is driven by a register (sitcp/SiTCP/GMII/GMII_TXBUF/memRdAddr_10) that has an active asychronous set or reset. This may cause corruption of the memory contents and/or read values when the set/reset is asserted and is not analyzed by the default static timing analysis. It is suggested to eliminate the use of a set/reset to registers driving this RAMB pin or else use a synchronous reset in which the assertion of the reset is timed by default.
Related violations: <none>

REQP-1840#5 Warning
RAMB18 async control check  
The RAMB18E1 sitcp/SiTCP/GMII/GMII_TXBUF/BANK0/Mram_RAM has an input control pin sitcp/SiTCP/GMII/GMII_TXBUF/BANK0/Mram_RAM/ADDRBWRADDR[3] (net: sitcp/SiTCP/GMII/GMII_TXBUF/memRdAddr[0]) which is driven by a register (sitcp/SiTCP/GMII/GMII_TXBUF/memRdAddr_0) that has an active asychronous set or reset. This may cause corruption of the memory contents and/or read values when the set/reset is asserted and is not analyzed by the default static timing analysis. It is suggested to eliminate the use of a set/reset to registers driving this RAMB pin or else use a synchronous reset in which the assertion of the reset is timed by default.
Related violations: <none>

REQP-1840#6 Warning
RAMB18 async control check  
The RAMB18E1 sitcp/SiTCP/GMII/GMII_TXBUF/BANK0/Mram_RAM has an input control pin sitcp/SiTCP/GMII/GMII_TXBUF/BANK0/Mram_RAM/ADDRBWRADDR[4] (net: sitcp/SiTCP/GMII/GMII_TXBUF/memRdAddr[1]) which is driven by a register (sitcp/SiTCP/GMII/GMII_TXBUF/memRdAddr_1) that has an active asychronous set or reset. This may cause corruption of the memory contents and/or read values when the set/reset is asserted and is not analyzed by the default static timing analysis. It is suggested to eliminate the use of a set/reset to registers driving this RAMB pin or else use a synchronous reset in which the assertion of the reset is timed by default.
Related violations: <none>

REQP-1840#7 Warning
RAMB18 async control check  
The RAMB18E1 sitcp/SiTCP/GMII/GMII_TXBUF/BANK0/Mram_RAM has an input control pin sitcp/SiTCP/GMII/GMII_TXBUF/BANK0/Mram_RAM/ADDRBWRADDR[5] (net: sitcp/SiTCP/GMII/GMII_TXBUF/memRdAddr[2]) which is driven by a register (sitcp/SiTCP/GMII/GMII_TXBUF/memRdAddr_2) that has an active asychronous set or reset. This may cause corruption of the memory contents and/or read values when the set/reset is asserted and is not analyzed by the default static timing analysis. It is suggested to eliminate the use of a set/reset to registers driving this RAMB pin or else use a synchronous reset in which the assertion of the reset is timed by default.
Related violations: <none>

REQP-1840#8 Warning
RAMB18 async control check  
The RAMB18E1 sitcp/SiTCP/GMII/GMII_TXBUF/BANK0/Mram_RAM has an input control pin sitcp/SiTCP/GMII/GMII_TXBUF/BANK0/Mram_RAM/ADDRBWRADDR[6] (net: sitcp/SiTCP/GMII/GMII_TXBUF/memRdAddr[3]) which is driven by a register (sitcp/SiTCP/GMII/GMII_TXBUF/memRdAddr_3) that has an active asychronous set or reset. This may cause corruption of the memory contents and/or read values when the set/reset is asserted and is not analyzed by the default static timing analysis. It is suggested to eliminate the use of a set/reset to registers driving this RAMB pin or else use a synchronous reset in which the assertion of the reset is timed by default.
Related violations: <none>

REQP-1840#9 Warning
RAMB18 async control check  
The RAMB18E1 sitcp/SiTCP/GMII/GMII_TXBUF/BANK0/Mram_RAM has an input control pin sitcp/SiTCP/GMII/GMII_TXBUF/BANK0/Mram_RAM/ADDRBWRADDR[7] (net: sitcp/SiTCP/GMII/GMII_TXBUF/memRdAddr[4]) which is driven by a register (sitcp/SiTCP/GMII/GMII_TXBUF/memRdAddr_4) that has an active asychronous set or reset. This may cause corruption of the memory contents and/or read values when the set/reset is asserted and is not analyzed by the default static timing analysis. It is suggested to eliminate the use of a set/reset to registers driving this RAMB pin or else use a synchronous reset in which the assertion of the reset is timed by default.
Related violations: <none>

REQP-1840#10 Warning
RAMB18 async control check  
The RAMB18E1 sitcp/SiTCP/GMII/GMII_TXBUF/BANK0/Mram_RAM has an input control pin sitcp/SiTCP/GMII/GMII_TXBUF/BANK0/Mram_RAM/ADDRBWRADDR[8] (net: sitcp/SiTCP/GMII/GMII_TXBUF/memRdAddr[5]) which is driven by a register (sitcp/SiTCP/GMII/GMII_TXBUF/memRdAddr_5) that has an active asychronous set or reset. This may cause corruption of the memory contents and/or read values when the set/reset is asserted and is not analyzed by the default static timing analysis. It is suggested to eliminate the use of a set/reset to registers driving this RAMB pin or else use a synchronous reset in which the assertion of the reset is timed by default.
Related violations: <none>

REQP-1840#11 Warning
RAMB18 async control check  
The RAMB18E1 sitcp/SiTCP/GMII/GMII_TXBUF/BANK0/Mram_RAM has an input control pin sitcp/SiTCP/GMII/GMII_TXBUF/BANK0/Mram_RAM/ADDRBWRADDR[9] (net: sitcp/SiTCP/GMII/GMII_TXBUF/memRdAddr[6]) which is driven by a register (sitcp/SiTCP/GMII/GMII_TXBUF/memRdAddr_6) that has an active asychronous set or reset. This may cause corruption of the memory contents and/or read values when the set/reset is asserted and is not analyzed by the default static timing analysis. It is suggested to eliminate the use of a set/reset to registers driving this RAMB pin or else use a synchronous reset in which the assertion of the reset is timed by default.
Related violations: <none>

REQP-1840#12 Warning
RAMB18 async control check  
The RAMB18E1 sitcp/SiTCP/GMII/GMII_TXBUF/BANK1/Mram_RAM has an input control pin sitcp/SiTCP/GMII/GMII_TXBUF/BANK1/Mram_RAM/ADDRBWRADDR[10] (net: sitcp/SiTCP/GMII/GMII_TXBUF/memRdAddr[7]) which is driven by a register (sitcp/SiTCP/GMII/GMII_TXBUF/memRdAddr_7) that has an active asychronous set or reset. This may cause corruption of the memory contents and/or read values when the set/reset is asserted and is not analyzed by the default static timing analysis. It is suggested to eliminate the use of a set/reset to registers driving this RAMB pin or else use a synchronous reset in which the assertion of the reset is timed by default.
Related violations: <none>

REQP-1840#13 Warning
RAMB18 async control check  
The RAMB18E1 sitcp/SiTCP/GMII/GMII_TXBUF/BANK1/Mram_RAM has an input control pin sitcp/SiTCP/GMII/GMII_TXBUF/BANK1/Mram_RAM/ADDRBWRADDR[11] (net: sitcp/SiTCP/GMII/GMII_TXBUF/memRdAddr[8]) which is driven by a register (sitcp/SiTCP/GMII/GMII_TXBUF/memRdAddr_8) that has an active asychronous set or reset. This may cause corruption of the memory contents and/or read values when the set/reset is asserted and is not analyzed by the default static timing analysis. It is suggested to eliminate the use of a set/reset to registers driving this RAMB pin or else use a synchronous reset in which the assertion of the reset is timed by default.
Related violations: <none>

REQP-1840#14 Warning
RAMB18 async control check  
The RAMB18E1 sitcp/SiTCP/GMII/GMII_TXBUF/BANK1/Mram_RAM has an input control pin sitcp/SiTCP/GMII/GMII_TXBUF/BANK1/Mram_RAM/ADDRBWRADDR[12] (net: sitcp/SiTCP/GMII/GMII_TXBUF/memRdAddr[9]) which is driven by a register (sitcp/SiTCP/GMII/GMII_TXBUF/memRdAddr_9) that has an active asychronous set or reset. This may cause corruption of the memory contents and/or read values when the set/reset is asserted and is not analyzed by the default static timing analysis. It is suggested to eliminate the use of a set/reset to registers driving this RAMB pin or else use a synchronous reset in which the assertion of the reset is timed by default.
Related violations: <none>

REQP-1840#15 Warning
RAMB18 async control check  
The RAMB18E1 sitcp/SiTCP/GMII/GMII_TXBUF/BANK1/Mram_RAM has an input control pin sitcp/SiTCP/GMII/GMII_TXBUF/BANK1/Mram_RAM/ADDRBWRADDR[13] (net: sitcp/SiTCP/GMII/GMII_TXBUF/memRdAddr[10]) which is driven by a register (sitcp/SiTCP/GMII/GMII_TXBUF/memRdAddr_10) that has an active asychronous set or reset. This may cause corruption of the memory contents and/or read values when the set/reset is asserted and is not analyzed by the default static timing analysis. It is suggested to eliminate the use of a set/reset to registers driving this RAMB pin or else use a synchronous reset in which the assertion of the reset is timed by default.
Related violations: <none>

REQP-1840#16 Warning
RAMB18 async control check  
The RAMB18E1 sitcp/SiTCP/GMII/GMII_TXBUF/BANK1/Mram_RAM has an input control pin sitcp/SiTCP/GMII/GMII_TXBUF/BANK1/Mram_RAM/ADDRBWRADDR[5] (net: sitcp/SiTCP/GMII/GMII_TXBUF/memRdAddr[2]) which is driven by a register (sitcp/SiTCP/GMII/GMII_TXBUF/memRdAddr_2) that has an active asychronous set or reset. This may cause corruption of the memory contents and/or read values when the set/reset is asserted and is not analyzed by the default static timing analysis. It is suggested to eliminate the use of a set/reset to registers driving this RAMB pin or else use a synchronous reset in which the assertion of the reset is timed by default.
Related violations: <none>

REQP-1840#17 Warning
RAMB18 async control check  
The RAMB18E1 sitcp/SiTCP/GMII/GMII_TXBUF/BANK1/Mram_RAM has an input control pin sitcp/SiTCP/GMII/GMII_TXBUF/BANK1/Mram_RAM/ADDRBWRADDR[6] (net: sitcp/SiTCP/GMII/GMII_TXBUF/memRdAddr[3]) which is driven by a register (sitcp/SiTCP/GMII/GMII_TXBUF/memRdAddr_3) that has an active asychronous set or reset. This may cause corruption of the memory contents and/or read values when the set/reset is asserted and is not analyzed by the default static timing analysis. It is suggested to eliminate the use of a set/reset to registers driving this RAMB pin or else use a synchronous reset in which the assertion of the reset is timed by default.
Related violations: <none>

REQP-1840#18 Warning
RAMB18 async control check  
The RAMB18E1 sitcp/SiTCP/GMII/GMII_TXBUF/BANK1/Mram_RAM has an input control pin sitcp/SiTCP/GMII/GMII_TXBUF/BANK1/Mram_RAM/ADDRBWRADDR[7] (net: sitcp/SiTCP/GMII/GMII_TXBUF/memRdAddr[4]) which is driven by a register (sitcp/SiTCP/GMII/GMII_TXBUF/memRdAddr_4) that has an active asychronous set or reset. This may cause corruption of the memory contents and/or read values when the set/reset is asserted and is not analyzed by the default static timing analysis. It is suggested to eliminate the use of a set/reset to registers driving this RAMB pin or else use a synchronous reset in which the assertion of the reset is timed by default.
Related violations: <none>

REQP-1840#19 Warning
RAMB18 async control check  
The RAMB18E1 sitcp/SiTCP/GMII/GMII_TXBUF/BANK1/Mram_RAM has an input control pin sitcp/SiTCP/GMII/GMII_TXBUF/BANK1/Mram_RAM/ADDRBWRADDR[8] (net: sitcp/SiTCP/GMII/GMII_TXBUF/memRdAddr[5]) which is driven by a register (sitcp/SiTCP/GMII/GMII_TXBUF/memRdAddr_5) that has an active asychronous set or reset. This may cause corruption of the memory contents and/or read values when the set/reset is asserted and is not analyzed by the default static timing analysis. It is suggested to eliminate the use of a set/reset to registers driving this RAMB pin or else use a synchronous reset in which the assertion of the reset is timed by default.
Related violations: <none>

REQP-1840#20 Warning
RAMB18 async control check  
The RAMB18E1 sitcp/SiTCP/GMII/GMII_TXBUF/BANK1/Mram_RAM has an input control pin sitcp/SiTCP/GMII/GMII_TXBUF/BANK1/Mram_RAM/ADDRBWRADDR[9] (net: sitcp/SiTCP/GMII/GMII_TXBUF/memRdAddr[6]) which is driven by a register (sitcp/SiTCP/GMII/GMII_TXBUF/memRdAddr_6) that has an active asychronous set or reset. This may cause corruption of the memory contents and/or read values when the set/reset is asserted and is not analyzed by the default static timing analysis. It is suggested to eliminate the use of a set/reset to registers driving this RAMB pin or else use a synchronous reset in which the assertion of the reset is timed by default.
Related violations: <none>


